[     136ms] [LOG] Angular is running in development mode. @ http://localhost:4200/@fs/home/belal/Documents/personal_projects/movieApp/.angular/cache/19.1.8/movieApp/vite/deps/chunk-UTC3K43W.js?v=d621c316:17869
[     146ms] [ERROR] ERROR TypeError: Cannot read properties of undefined (reading 'poster_path')
    at MovieDetailsComponent_Template (http://localhost:4200/main.js:594:91)
    at executeTemplate (http://localhost:4200/@fs/home/belal/Documents/personal_projects/movieApp/.angular/cache/19.1.8/movieApp/vite/deps/chunk-UTC3K43W.js?v=d621c316:11994:5)
    at refreshView (http://localhost:4200/@fs/home/belal/Documents/personal_projects/movieApp/.angular/cache/19.1.8/movieApp/vite/deps/chunk-UTC3K43W.js?v=d621c316:13011:7)
    at detectChangesInView (http://localhost:4200/@fs/home/belal/Documents/personal_projects/movieApp/.angular/cache/19.1.8/movieApp/vite/deps/chunk-UTC3K43W.js?v=d621c316:13176:5)
    at detectChangesInViewIfAttached (http://localhost:4200/@fs/home/belal/Documents/personal_projects/movieApp/.angular/cache/19.1.8/movieApp/vite/deps/chunk-UTC3K43W.js?v=d621c316:13159:3)
    at detectChangesInComponent (http://localhost:4200/@fs/home/belal/Documents/personal_projects/movieApp/.angular/cache/19.1.8/movieApp/vite/deps/chunk-UTC3K43W.js?v=d621c316:13153:3)
    at detectChangesInChildComponents (http://localhost:4200/@fs/home/belal/Documents/personal_projects/movieApp/.angular/cache/19.1.8/movieApp/vite/deps/chunk-UTC3K43W.js?v=d621c316:13197:5)
    at refreshView (http://localhost:4200/@fs/home/belal/Documents/personal_projects/movieApp/.angular/cache/19.1.8/movieApp/vite/deps/chunk-UTC3K43W.js?v=d621c316:13070:7)
    at detectChangesInView (http://localhost:4200/@fs/home/belal/Documents/personal_projects/movieApp/.angular/cache/19.1.8/movieApp/vite/deps/chunk-UTC3K43W.js?v=d621c316:13176:5)
    at detectChangesInViewIfAttached (http://localhost:4200/@fs/home/belal/Documents/personal_projects/movieApp/.angular/cache/19.1.8/movieApp/vite/deps/chunk-UTC3K43W.js?v=d621c316:13159:3) @ http://localhost:4200/@fs/home/belal/Documents/personal_projects/movieApp/.angular/cache/19.1.8/movieApp/vite/deps/chunk-UTC3K43W.js?v=d621c316:8782
[     171ms] [ERROR] ERROR TypeError: Cannot read properties of undefined (reading 'poster_path')
    at MovieDetailsComponent_Template (http://localhost:4200/main.js:594:91)
    at executeTemplate (http://localhost:4200/@fs/home/belal/Documents/personal_projects/movieApp/.angular/cache/19.1.8/movieApp/vite/deps/chunk-UTC3K43W.js?v=d621c316:11994:5)
    at refreshView (http://localhost:4200/@fs/home/belal/Documents/personal_projects/movieApp/.angular/cache/19.1.8/movieApp/vite/deps/chunk-UTC3K43W.js?v=d621c316:13011:7)
    at detectChangesInView (http://localhost:4200/@fs/home/belal/Documents/personal_projects/movieApp/.angular/cache/19.1.8/movieApp/vite/deps/chunk-UTC3K43W.js?v=d621c316:13176:5)
    at detectChangesInViewIfAttached (http://localhost:4200/@fs/home/belal/Documents/personal_projects/movieApp/.angular/cache/19.1.8/movieApp/vite/deps/chunk-UTC3K43W.js?v=d621c316:13159:3)
    at detectChangesInComponent (http://localhost:4200/@fs/home/belal/Documents/personal_projects/movieApp/.angular/cache/19.1.8/movieApp/vite/deps/chunk-UTC3K43W.js?v=d621c316:13153:3)
    at detectChangesInChildComponents (http://localhost:4200/@fs/home/belal/Documents/personal_projects/movieApp/.angular/cache/19.1.8/movieApp/vite/deps/chunk-UTC3K43W.js?v=d621c316:13197:5)
    at refreshView (http://localhost:4200/@fs/home/belal/Documents/personal_projects/movieApp/.angular/cache/19.1.8/movieApp/vite/deps/chunk-UTC3K43W.js?v=d621c316:13070:7)
    at detectChangesInView (http://localhost:4200/@fs/home/belal/Documents/personal_projects/movieApp/.angular/cache/19.1.8/movieApp/vite/deps/chunk-UTC3K43W.js?v=d621c316:13176:5)
    at detectChangesInViewIfAttached (http://localhost:4200/@fs/home/belal/Documents/personal_projects/movieApp/.angular/cache/19.1.8/movieApp/vite/deps/chunk-UTC3K43W.js?v=d621c316:13159:3) @ http://localhost:4200/@fs/home/belal/Documents/personal_projects/movieApp/.angular/cache/19.1.8/movieApp/vite/deps/chunk-UTC3K43W.js?v=d621c316:8782
[     192ms] [ERROR] ERROR TypeError: Cannot read properties of undefined (reading 'poster_path')
    at MovieDetailsComponent_Template (http://localhost:4200/main.js:594:91)
    at executeTemplate (http://localhost:4200/@fs/home/belal/Documents/personal_projects/movieApp/.angular/cache/19.1.8/movieApp/vite/deps/chunk-UTC3K43W.js?v=d621c316:11994:5)
    at refreshView (http://localhost:4200/@fs/home/belal/Documents/personal_projects/movieApp/.angular/cache/19.1.8/movieApp/vite/deps/chunk-UTC3K43W.js?v=d621c316:13011:7)
    at detectChangesInView (http://localhost:4200/@fs/home/belal/Documents/personal_projects/movieApp/.angular/cache/19.1.8/movieApp/vite/deps/chunk-UTC3K43W.js?v=d621c316:13176:5)
    at detectChangesInViewIfAttached (http://localhost:4200/@fs/home/belal/Documents/personal_projects/movieApp/.angular/cache/19.1.8/movieApp/vite/deps/chunk-UTC3K43W.js?v=d621c316:13159:3)
    at detectChangesInComponent (http://localhost:4200/@fs/home/belal/Documents/personal_projects/movieApp/.angular/cache/19.1.8/movieApp/vite/deps/chunk-UTC3K43W.js?v=d621c316:13153:3)
    at detectChangesInChildComponents (http://localhost:4200/@fs/home/belal/Documents/personal_projects/movieApp/.angular/cache/19.1.8/movieApp/vite/deps/chunk-UTC3K43W.js?v=d621c316:13197:5)
    at refreshView (http://localhost:4200/@fs/home/belal/Documents/personal_projects/movieApp/.angular/cache/19.1.8/movieApp/vite/deps/chunk-UTC3K43W.js?v=d621c316:13070:7)
    at detectChangesInView (http://localhost:4200/@fs/home/belal/Documents/personal_projects/movieApp/.angular/cache/19.1.8/movieApp/vite/deps/chunk-UTC3K43W.js?v=d621c316:13176:5)
    at detectChangesInViewIfAttached (http://localhost:4200/@fs/home/belal/Documents/personal_projects/movieApp/.angular/cache/19.1.8/movieApp/vite/deps/chunk-UTC3K43W.js?v=d621c316:13159:3) @ http://localhost:4200/@fs/home/belal/Documents/personal_projects/movieApp/.angular/cache/19.1.8/movieApp/vite/deps/chunk-UTC3K43W.js?v=d621c316:8782
[     198ms] [ERROR] ERROR TypeError: Cannot read properties of undefined (reading 'poster_path')
    at MovieDetailsComponent_Template (http://localhost:4200/main.js:594:91)
    at executeTemplate (http://localhost:4200/@fs/home/belal/Documents/personal_projects/movieApp/.angular/cache/19.1.8/movieApp/vite/deps/chunk-UTC3K43W.js?v=d621c316:11994:5)
    at refreshView (http://localhost:4200/@fs/home/belal/Documents/personal_projects/movieApp/.angular/cache/19.1.8/movieApp/vite/deps/chunk-UTC3K43W.js?v=d621c316:13011:7)
    at detectChangesInView (http://localhost:4200/@fs/home/belal/Documents/personal_projects/movieApp/.angular/cache/19.1.8/movieApp/vite/deps/chunk-UTC3K43W.js?v=d621c316:13176:5)
    at detectChangesInViewIfAttached (http://localhost:4200/@fs/home/belal/Documents/personal_projects/movieApp/.angular/cache/19.1.8/movieApp/vite/deps/chunk-UTC3K43W.js?v=d621c316:13159:3)
    at detectChangesInComponent (http://localhost:4200/@fs/home/belal/Documents/personal_projects/movieApp/.angular/cache/19.1.8/movieApp/vite/deps/chunk-UTC3K43W.js?v=d621c316:13153:3)
    at detectChangesInChildComponents (http://localhost:4200/@fs/home/belal/Documents/personal_projects/movieApp/.angular/cache/19.1.8/movieApp/vite/deps/chunk-UTC3K43W.js?v=d621c316:13197:5)
    at refreshView (http://localhost:4200/@fs/home/belal/Documents/personal_projects/movieApp/.angular/cache/19.1.8/movieApp/vite/deps/chunk-UTC3K43W.js?v=d621c316:13070:7)
    at detectChangesInView (http://localhost:4200/@fs/home/belal/Documents/personal_projects/movieApp/.angular/cache/19.1.8/movieApp/vite/deps/chunk-UTC3K43W.js?v=d621c316:13176:5)
    at detectChangesInViewIfAttached (http://localhost:4200/@fs/home/belal/Documents/personal_projects/movieApp/.angular/cache/19.1.8/movieApp/vite/deps/chunk-UTC3K43W.js?v=d621c316:13159:3) @ http://localhost:4200/@fs/home/belal/Documents/personal_projects/movieApp/.angular/cache/19.1.8/movieApp/vite/deps/chunk-UTC3K43W.js?v=d621c316:8782
[     200ms] [ERROR] ERROR TypeError: Cannot read properties of undefined (reading 'poster_path')
    at MovieDetailsComponent_Template (http://localhost:4200/main.js:594:91)
    at executeTemplate (http://localhost:4200/@fs/home/belal/Documents/personal_projects/movieApp/.angular/cache/19.1.8/movieApp/vite/deps/chunk-UTC3K43W.js?v=d621c316:11994:5)
    at refreshView (http://localhost:4200/@fs/home/belal/Documents/personal_projects/movieApp/.angular/cache/19.1.8/movieApp/vite/deps/chunk-UTC3K43W.js?v=d621c316:13011:7)
    at detectChangesInView (http://localhost:4200/@fs/home/belal/Documents/personal_projects/movieApp/.angular/cache/19.1.8/movieApp/vite/deps/chunk-UTC3K43W.js?v=d621c316:13176:5)
    at detectChangesInViewIfAttached (http://localhost:4200/@fs/home/belal/Documents/personal_projects/movieApp/.angular/cache/19.1.8/movieApp/vite/deps/chunk-UTC3K43W.js?v=d621c316:13159:3)
    at detectChangesInComponent (http://localhost:4200/@fs/home/belal/Documents/personal_projects/movieApp/.angular/cache/19.1.8/movieApp/vite/deps/chunk-UTC3K43W.js?v=d621c316:13153:3)
    at detectChangesInChildComponents (http://localhost:4200/@fs/home/belal/Documents/personal_projects/movieApp/.angular/cache/19.1.8/movieApp/vite/deps/chunk-UTC3K43W.js?v=d621c316:13197:5)
    at refreshView (http://localhost:4200/@fs/home/belal/Documents/personal_projects/movieApp/.angular/cache/19.1.8/movieApp/vite/deps/chunk-UTC3K43W.js?v=d621c316:13070:7)
    at detectChangesInView (http://localhost:4200/@fs/home/belal/Documents/personal_projects/movieApp/.angular/cache/19.1.8/movieApp/vite/deps/chunk-UTC3K43W.js?v=d621c316:13176:5)
    at detectChangesInViewIfAttached (http://localhost:4200/@fs/home/belal/Documents/personal_projects/movieApp/.angular/cache/19.1.8/movieApp/vite/deps/chunk-UTC3K43W.js?v=d621c316:13159:3) @ http://localhost:4200/@fs/home/belal/Documents/personal_projects/movieApp/.angular/cache/19.1.8/movieApp/vite/deps/chunk-UTC3K43W.js?v=d621c316:8782
[   16424ms] [ERROR] ERROR TypeError: Cannot read properties of undefined (reading 'poster_path')
    at MovieDetailsComponent_Template (http://localhost:4200/main.js:594:91)
    at executeTemplate (http://localhost:4200/@fs/home/belal/Documents/personal_projects/movieApp/.angular/cache/19.1.8/movieApp/vite/deps/chunk-UTC3K43W.js?v=d621c316:11994:5)
    at refreshView (http://localhost:4200/@fs/home/belal/Documents/personal_projects/movieApp/.angular/cache/19.1.8/movieApp/vite/deps/chunk-UTC3K43W.js?v=d621c316:13011:7)
    at detectChangesInView (http://localhost:4200/@fs/home/belal/Documents/personal_projects/movieApp/.angular/cache/19.1.8/movieApp/vite/deps/chunk-UTC3K43W.js?v=d621c316:13176:5)
    at detectChangesInViewIfAttached (http://localhost:4200/@fs/home/belal/Documents/personal_projects/movieApp/.angular/cache/19.1.8/movieApp/vite/deps/chunk-UTC3K43W.js?v=d621c316:13159:3)
    at detectChangesInComponent (http://localhost:4200/@fs/home/belal/Documents/personal_projects/movieApp/.angular/cache/19.1.8/movieApp/vite/deps/chunk-UTC3K43W.js?v=d621c316:13153:3)
    at detectChangesInChildComponents (http://localhost:4200/@fs/home/belal/Documents/personal_projects/movieApp/.angular/cache/19.1.8/movieApp/vite/deps/chunk-UTC3K43W.js?v=d621c316:13197:5)
    at refreshView (http://localhost:4200/@fs/home/belal/Documents/personal_projects/movieApp/.angular/cache/19.1.8/movieApp/vite/deps/chunk-UTC3K43W.js?v=d621c316:13070:7)
    at detectChangesInView (http://localhost:4200/@fs/home/belal/Documents/personal_projects/movieApp/.angular/cache/19.1.8/movieApp/vite/deps/chunk-UTC3K43W.js?v=d621c316:13176:5)
    at detectChangesInViewIfAttached (http://localhost:4200/@fs/home/belal/Documents/personal_projects/movieApp/.angular/cache/19.1.8/movieApp/vite/deps/chunk-UTC3K43W.js?v=d621c316:13159:3) @ http://localhost:4200/@fs/home/belal/Documents/personal_projects/movieApp/.angular/cache/19.1.8/movieApp/vite/deps/chunk-UTC3K43W.js?v=d621c316:8782
[   16425ms] [ERROR] TypeError: Cannot read properties of undefined (reading 'poster_path')
    at MovieDetailsComponent_Template (http://localhost:4200/main.js:594:91)
    at executeTemplate (http://localhost:4200/@fs/home/belal/Documents/personal_projects/movieApp/.angular/cache/19.1.8/movieApp/vite/deps/chunk-UTC3K43W.js?v=d621c316:11994:5)
    at refreshView (http://localhost:4200/@fs/home/belal/Documents/personal_projects/movieApp/.angular/cache/19.1.8/movieApp/vite/deps/chunk-UTC3K43W.js?v=d621c316:13011:7)
    at detectChangesInView (http://localhost:4200/@fs/home/belal/Documents/personal_projects/movieApp/.angular/cache/19.1.8/movieApp/vite/deps/chunk-UTC3K43W.js?v=d621c316:13176:5)
    at detectChangesInViewIfAttached (http://localhost:4200/@fs/home/belal/Documents/personal_projects/movieApp/.angular/cache/19.1.8/movieApp/vite/deps/chunk-UTC3K43W.js?v=d621c316:13159:3)
    at detectChangesInComponent (http://localhost:4200/@fs/home/belal/Documents/personal_projects/movieApp/.angular/cache/19.1.8/movieApp/vite/deps/chunk-UTC3K43W.js?v=d621c316:13153:3)
    at detectChangesInChildComponents (http://localhost:4200/@fs/home/belal/Documents/personal_projects/movieApp/.angular/cache/19.1.8/movieApp/vite/deps/chunk-UTC3K43W.js?v=d621c316:13197:5)
    at refreshView (http://localhost:4200/@fs/home/belal/Documents/personal_projects/movieApp/.angular/cache/19.1.8/movieApp/vite/deps/chunk-UTC3K43W.js?v=d621c316:13070:7)
    at detectChangesInView (http://localhost:4200/@fs/home/belal/Documents/personal_projects/movieApp/.angular/cache/19.1.8/movieApp/vite/deps/chunk-UTC3K43W.js?v=d621c316:13176:5)
    at detectChangesInViewIfAttached (http://localhost:4200/@fs/home/belal/Documents/personal_projects/movieApp/.angular/cache/19.1.8/movieApp/vite/deps/chunk-UTC3K43W.js?v=d621c316:13159:3) @ http://localhost:4200/polyfills.js:1828
[   16426ms] [ERROR] ERROR TypeError: Cannot read properties of undefined (reading 'poster_path')
    at MovieDetailsComponent_Template (http://localhost:4200/main.js:594:91)
    at executeTemplate (http://localhost:4200/@fs/home/belal/Documents/personal_projects/movieApp/.angular/cache/19.1.8/movieApp/vite/deps/chunk-UTC3K43W.js?v=d621c316:11994:5)
    at refreshView (http://localhost:4200/@fs/home/belal/Documents/personal_projects/movieApp/.angular/cache/19.1.8/movieApp/vite/deps/chunk-UTC3K43W.js?v=d621c316:13011:7)
    at detectChangesInView (http://localhost:4200/@fs/home/belal/Documents/personal_projects/movieApp/.angular/cache/19.1.8/movieApp/vite/deps/chunk-UTC3K43W.js?v=d621c316:13176:5)
    at detectChangesInViewIfAttached (http://localhost:4200/@fs/home/belal/Documents/personal_projects/movieApp/.angular/cache/19.1.8/movieApp/vite/deps/chunk-UTC3K43W.js?v=d621c316:13159:3)
    at detectChangesInComponent (http://localhost:4200/@fs/home/belal/Documents/personal_projects/movieApp/.angular/cache/19.1.8/movieApp/vite/deps/chunk-UTC3K43W.js?v=d621c316:13153:3)
    at detectChangesInChildComponents (http://localhost:4200/@fs/home/belal/Documents/personal_projects/movieApp/.angular/cache/19.1.8/movieApp/vite/deps/chunk-UTC3K43W.js?v=d621c316:13197:5)
    at refreshView (http://localhost:4200/@fs/home/belal/Documents/personal_projects/movieApp/.angular/cache/19.1.8/movieApp/vite/deps/chunk-UTC3K43W.js?v=d621c316:13070:7)
    at detectChangesInView (http://localhost:4200/@fs/home/belal/Documents/personal_projects/movieApp/.angular/cache/19.1.8/movieApp/vite/deps/chunk-UTC3K43W.js?v=d621c316:13176:5)
    at detectChangesInViewIfAttached (http://localhost:4200/@fs/home/belal/Documents/personal_projects/movieApp/.angular/cache/19.1.8/movieApp/vite/deps/chunk-UTC3K43W.js?v=d621c316:13159:3) @ http://localhost:4200/@fs/home/belal/Documents/personal_projects/movieApp/.angular/cache/19.1.8/movieApp/vite/deps/chunk-UTC3K43W.js?v=d621c316:8782
[   16433ms] [ERROR] ERROR TypeError: Cannot read properties of undefined (reading 'poster_path')
    at MovieDetailsComponent_Template (http://localhost:4200/main.js:594:91)
    at executeTemplate (http://localhost:4200/@fs/home/belal/Documents/personal_projects/movieApp/.angular/cache/19.1.8/movieApp/vite/deps/chunk-UTC3K43W.js?v=d621c316:11994:5)
    at refreshView (http://localhost:4200/@fs/home/belal/Documents/personal_projects/movieApp/.angular/cache/19.1.8/movieApp/vite/deps/chunk-UTC3K43W.js?v=d621c316:13011:7)
    at detectChangesInView (http://localhost:4200/@fs/home/belal/Documents/personal_projects/movieApp/.angular/cache/19.1.8/movieApp/vite/deps/chunk-UTC3K43W.js?v=d621c316:13176:5)
    at detectChangesInViewIfAttached (http://localhost:4200/@fs/home/belal/Documents/personal_projects/movieApp/.angular/cache/19.1.8/movieApp/vite/deps/chunk-UTC3K43W.js?v=d621c316:13159:3)
    at detectChangesInComponent (http://localhost:4200/@fs/home/belal/Documents/personal_projects/movieApp/.angular/cache/19.1.8/movieApp/vite/deps/chunk-UTC3K43W.js?v=d621c316:13153:3)
    at detectChangesInChildComponents (http://localhost:4200/@fs/home/belal/Documents/personal_projects/movieApp/.angular/cache/19.1.8/movieApp/vite/deps/chunk-UTC3K43W.js?v=d621c316:13197:5)
    at refreshView (http://localhost:4200/@fs/home/belal/Documents/personal_projects/movieApp/.angular/cache/19.1.8/movieApp/vite/deps/chunk-UTC3K43W.js?v=d621c316:13070:7)
    at detectChangesInView (http://localhost:4200/@fs/home/belal/Documents/personal_projects/movieApp/.angular/cache/19.1.8/movieApp/vite/deps/chunk-UTC3K43W.js?v=d621c316:13176:5)
    at detectChangesInViewIfAttached (http://localhost:4200/@fs/home/belal/Documents/personal_projects/movieApp/.angular/cache/19.1.8/movieApp/vite/deps/chunk-UTC3K43W.js?v=d621c316:13159:3) @ http://localhost:4200/@fs/home/belal/Documents/personal_projects/movieApp/.angular/cache/19.1.8/movieApp/vite/deps/chunk-UTC3K43W.js?v=d621c316:8782
[   16562ms] [LOG] HttpErrorResponse @ http://localhost:4200/main.js:449
[   16698ms] [LOG] Angular is running in development mode. @ http://localhost:4200/@fs/home/belal/Documents/personal_projects/movieApp/.angular/cache/19.1.8/movieApp/vite/deps/chunk-UTC3K43W.js?v=d621c316:17869
[   16732ms] [ERROR] ERROR TypeError: Cannot read properties of undefined (reading 'poster_path')
    at MovieDetailsComponent_Template (http://localhost:4200/main.js:594:91)
    at executeTemplate (http://localhost:4200/@fs/home/belal/Documents/personal_projects/movieApp/.angular/cache/19.1.8/movieApp/vite/deps/chunk-UTC3K43W.js?v=d621c316:11994:5)
    at refreshView (http://localhost:4200/@fs/home/belal/Documents/personal_projects/movieApp/.angular/cache/19.1.8/movieApp/vite/deps/chunk-UTC3K43W.js?v=d621c316:13011:7)
    at detectChangesInView (http://localhost:4200/@fs/home/belal/Documents/personal_projects/movieApp/.angular/cache/19.1.8/movieApp/vite/deps/chunk-UTC3K43W.js?v=d621c316:13176:5)
    at detectChangesInViewIfAttached (http://localhost:4200/@fs/home/belal/Documents/personal_projects/movieApp/.angular/cache/19.1.8/movieApp/vite/deps/chunk-UTC3K43W.js?v=d621c316:13159:3)
    at detectChangesInComponent (http://localhost:4200/@fs/home/belal/Documents/personal_projects/movieApp/.angular/cache/19.1.8/movieApp/vite/deps/chunk-UTC3K43W.js?v=d621c316:13153:3)
    at detectChangesInChildComponents (http://localhost:4200/@fs/home/belal/Documents/personal_projects/movieApp/.angular/cache/19.1.8/movieApp/vite/deps/chunk-UTC3K43W.js?v=d621c316:13197:5)
    at refreshView (http://localhost:4200/@fs/home/belal/Documents/personal_projects/movieApp/.angular/cache/19.1.8/movieApp/vite/deps/chunk-UTC3K43W.js?v=d621c316:13070:7)
    at detectChangesInView (http://localhost:4200/@fs/home/belal/Documents/personal_projects/movieApp/.angular/cache/19.1.8/movieApp/vite/deps/chunk-UTC3K43W.js?v=d621c316:13176:5)
    at detectChangesInViewIfAttached (http://localhost:4200/@fs/home/belal/Documents/personal_projects/movieApp/.angular/cache/19.1.8/movieApp/vite/deps/chunk-UTC3K43W.js?v=d621c316:13159:3) @ http://localhost:4200/@fs/home/belal/Documents/personal_projects/movieApp/.angular/cache/19.1.8/movieApp/vite/deps/chunk-UTC3K43W.js?v=d621c316:8782
[   16760ms] [ERROR] ERROR TypeError: Cannot read properties of undefined (reading 'poster_path')
    at MovieDetailsComponent_Template (http://localhost:4200/main.js:594:91)
    at executeTemplate (http://localhost:4200/@fs/home/belal/Documents/personal_projects/movieApp/.angular/cache/19.1.8/movieApp/vite/deps/chunk-UTC3K43W.js?v=d621c316:11994:5)
    at refreshView (http://localhost:4200/@fs/home/belal/Documents/personal_projects/movieApp/.angular/cache/19.1.8/movieApp/vite/deps/chunk-UTC3K43W.js?v=d621c316:13011:7)
    at detectChangesInView (http://localhost:4200/@fs/home/belal/Documents/personal_projects/movieApp/.angular/cache/19.1.8/movieApp/vite/deps/chunk-UTC3K43W.js?v=d621c316:13176:5)
    at detectChangesInViewIfAttached (http://localhost:4200/@fs/home/belal/Documents/personal_projects/movieApp/.angular/cache/19.1.8/movieApp/vite/deps/chunk-UTC3K43W.js?v=d621c316:13159:3)
    at detectChangesInComponent (http://localhost:4200/@fs/home/belal/Documents/personal_projects/movieApp/.angular/cache/19.1.8/movieApp/vite/deps/chunk-UTC3K43W.js?v=d621c316:13153:3)
    at detectChangesInChildComponents (http://localhost:4200/@fs/home/belal/Documents/personal_projects/movieApp/.angular/cache/19.1.8/movieApp/vite/deps/chunk-UTC3K43W.js?v=d621c316:13197:5)
    at refreshView (http://localhost:4200/@fs/home/belal/Documents/personal_projects/movieApp/.angular/cache/19.1.8/movieApp/vite/deps/chunk-UTC3K43W.js?v=d621c316:13070:7)
    at detectChangesInView (http://localhost:4200/@fs/home/belal/Documents/personal_projects/movieApp/.angular/cache/19.1.8/movieApp/vite/deps/chunk-UTC3K43W.js?v=d621c316:13176:5)
    at detectChangesInViewIfAttached (http://localhost:4200/@fs/home/belal/Documents/personal_projects/movieApp/.angular/cache/19.1.8/movieApp/vite/deps/chunk-UTC3K43W.js?v=d621c316:13159:3) @ http://localhost:4200/@fs/home/belal/Documents/personal_projects/movieApp/.angular/cache/19.1.8/movieApp/vite/deps/chunk-UTC3K43W.js?v=d621c316:8782
[   16762ms] [ERROR] ERROR TypeError: Cannot read properties of undefined (reading 'poster_path')
    at MovieDetailsComponent_Template (http://localhost:4200/main.js:594:91)
    at executeTemplate (http://localhost:4200/@fs/home/belal/Documents/personal_projects/movieApp/.angular/cache/19.1.8/movieApp/vite/deps/chunk-UTC3K43W.js?v=d621c316:11994:5)
    at refreshView (http://localhost:4200/@fs/home/belal/Documents/personal_projects/movieApp/.angular/cache/19.1.8/movieApp/vite/deps/chunk-UTC3K43W.js?v=d621c316:13011:7)
    at detectChangesInView (http://localhost:4200/@fs/home/belal/Documents/personal_projects/movieApp/.angular/cache/19.1.8/movieApp/vite/deps/chunk-UTC3K43W.js?v=d621c316:13176:5)
    at detectChangesInViewIfAttached (http://localhost:4200/@fs/home/belal/Documents/personal_projects/movieApp/.angular/cache/19.1.8/movieApp/vite/deps/chunk-UTC3K43W.js?v=d621c316:13159:3)
    at detectChangesInComponent (http://localhost:4200/@fs/home/belal/Documents/personal_projects/movieApp/.angular/cache/19.1.8/movieApp/vite/deps/chunk-UTC3K43W.js?v=d621c316:13153:3)
    at detectChangesInChildComponents (http://localhost:4200/@fs/home/belal/Documents/personal_projects/movieApp/.angular/cache/19.1.8/movieApp/vite/deps/chunk-UTC3K43W.js?v=d621c316:13197:5)
    at refreshView (http://localhost:4200/@fs/home/belal/Documents/personal_projects/movieApp/.angular/cache/19.1.8/movieApp/vite/deps/chunk-UTC3K43W.js?v=d621c316:13070:7)
    at detectChangesInView (http://localhost:4200/@fs/home/belal/Documents/personal_projects/movieApp/.angular/cache/19.1.8/movieApp/vite/deps/chunk-UTC3K43W.js?v=d621c316:13176:5)
    at detectChangesInViewIfAttached (http://localhost:4200/@fs/home/belal/Documents/personal_projects/movieApp/.angular/cache/19.1.8/movieApp/vite/deps/chunk-UTC3K43W.js?v=d621c316:13159:3) @ http://localhost:4200/@fs/home/belal/Documents/personal_projects/movieApp/.angular/cache/19.1.8/movieApp/vite/deps/chunk-UTC3K43W.js?v=d621c316:8782
[   16770ms] [ERROR] ERROR TypeError: Cannot read properties of undefined (reading 'poster_path')
    at MovieDetailsComponent_Template (http://localhost:4200/main.js:594:91)
    at executeTemplate (http://localhost:4200/@fs/home/belal/Documents/personal_projects/movieApp/.angular/cache/19.1.8/movieApp/vite/deps/chunk-UTC3K43W.js?v=d621c316:11994:5)
    at refreshView (http://localhost:4200/@fs/home/belal/Documents/personal_projects/movieApp/.angular/cache/19.1.8/movieApp/vite/deps/chunk-UTC3K43W.js?v=d621c316:13011:7)
    at detectChangesInView (http://localhost:4200/@fs/home/belal/Documents/personal_projects/movieApp/.angular/cache/19.1.8/movieApp/vite/deps/chunk-UTC3K43W.js?v=d621c316:13176:5)
    at detectChangesInViewIfAttached (http://localhost:4200/@fs/home/belal/Documents/personal_projects/movieApp/.angular/cache/19.1.8/movieApp/vite/deps/chunk-UTC3K43W.js?v=d621c316:13159:3)
    at detectChangesInComponent (http://localhost:4200/@fs/home/belal/Documents/personal_projects/movieApp/.angular/cache/19.1.8/movieApp/vite/deps/chunk-UTC3K43W.js?v=d621c316:13153:3)
    at detectChangesInChildComponents (http://localhost:4200/@fs/home/belal/Documents/personal_projects/movieApp/.angular/cache/19.1.8/movieApp/vite/deps/chunk-UTC3K43W.js?v=d621c316:13197:5)
    at refreshView (http://localhost:4200/@fs/home/belal/Documents/personal_projects/movieApp/.angular/cache/19.1.8/movieApp/vite/deps/chunk-UTC3K43W.js?v=d621c316:13070:7)
    at detectChangesInView (http://localhost:4200/@fs/home/belal/Documents/personal_projects/movieApp/.angular/cache/19.1.8/movieApp/vite/deps/chunk-UTC3K43W.js?v=d621c316:13176:5)
    at detectChangesInViewIfAttached (http://localhost:4200/@fs/home/belal/Documents/personal_projects/movieApp/.angular/cache/19.1.8/movieApp/vite/deps/chunk-UTC3K43W.js?v=d621c316:13159:3) @ http://localhost:4200/@fs/home/belal/Documents/personal_projects/movieApp/.angular/cache/19.1.8/movieApp/vite/deps/chunk-UTC3K43W.js?v=d621c316:8782
[   23001ms] [ERROR] ERROR TypeError: Cannot read properties of undefined (reading 'poster_path')
    at MovieDetailsComponent_Template (http://localhost:4200/main.js:594:91)
    at executeTemplate (http://localhost:4200/@fs/home/belal/Documents/personal_projects/movieApp/.angular/cache/19.1.8/movieApp/vite/deps/chunk-UTC3K43W.js?v=d621c316:11994:5)
    at refreshView (http://localhost:4200/@fs/home/belal/Documents/personal_projects/movieApp/.angular/cache/19.1.8/movieApp/vite/deps/chunk-UTC3K43W.js?v=d621c316:13011:7)
    at detectChangesInView (http://localhost:4200/@fs/home/belal/Documents/personal_projects/movieApp/.angular/cache/19.1.8/movieApp/vite/deps/chunk-UTC3K43W.js?v=d621c316:13176:5)
    at detectChangesInViewIfAttached (http://localhost:4200/@fs/home/belal/Documents/personal_projects/movieApp/.angular/cache/19.1.8/movieApp/vite/deps/chunk-UTC3K43W.js?v=d621c316:13159:3)
    at detectChangesInComponent (http://localhost:4200/@fs/home/belal/Documents/personal_projects/movieApp/.angular/cache/19.1.8/movieApp/vite/deps/chunk-UTC3K43W.js?v=d621c316:13153:3)
    at detectChangesInChildComponents (http://localhost:4200/@fs/home/belal/Documents/personal_projects/movieApp/.angular/cache/19.1.8/movieApp/vite/deps/chunk-UTC3K43W.js?v=d621c316:13197:5)
    at refreshView (http://localhost:4200/@fs/home/belal/Documents/personal_projects/movieApp/.angular/cache/19.1.8/movieApp/vite/deps/chunk-UTC3K43W.js?v=d621c316:13070:7)
    at detectChangesInView (http://localhost:4200/@fs/home/belal/Documents/personal_projects/movieApp/.angular/cache/19.1.8/movieApp/vite/deps/chunk-UTC3K43W.js?v=d621c316:13176:5)
    at detectChangesInViewIfAttached (http://localhost:4200/@fs/home/belal/Documents/personal_projects/movieApp/.angular/cache/19.1.8/movieApp/vite/deps/chunk-UTC3K43W.js?v=d621c316:13159:3) @ http://localhost:4200/@fs/home/belal/Documents/personal_projects/movieApp/.angular/cache/19.1.8/movieApp/vite/deps/chunk-UTC3K43W.js?v=d621c316:8782
[   23001ms] [ERROR] TypeError: Cannot read properties of undefined (reading 'poster_path')
    at MovieDetailsComponent_Template (http://localhost:4200/main.js:594:91)
    at executeTemplate (http://localhost:4200/@fs/home/belal/Documents/personal_projects/movieApp/.angular/cache/19.1.8/movieApp/vite/deps/chunk-UTC3K43W.js?v=d621c316:11994:5)
    at refreshView (http://localhost:4200/@fs/home/belal/Documents/personal_projects/movieApp/.angular/cache/19.1.8/movieApp/vite/deps/chunk-UTC3K43W.js?v=d621c316:13011:7)
    at detectChangesInView (http://localhost:4200/@fs/home/belal/Documents/personal_projects/movieApp/.angular/cache/19.1.8/movieApp/vite/deps/chunk-UTC3K43W.js?v=d621c316:13176:5)
    at detectChangesInViewIfAttached (http://localhost:4200/@fs/home/belal/Documents/personal_projects/movieApp/.angular/cache/19.1.8/movieApp/vite/deps/chunk-UTC3K43W.js?v=d621c316:13159:3)
    at detectChangesInComponent (http://localhost:4200/@fs/home/belal/Documents/personal_projects/movieApp/.angular/cache/19.1.8/movieApp/vite/deps/chunk-UTC3K43W.js?v=d621c316:13153:3)
    at detectChangesInChildComponents (http://localhost:4200/@fs/home/belal/Documents/personal_projects/movieApp/.angular/cache/19.1.8/movieApp/vite/deps/chunk-UTC3K43W.js?v=d621c316:13197:5)
    at refreshView (http://localhost:4200/@fs/home/belal/Documents/personal_projects/movieApp/.angular/cache/19.1.8/movieApp/vite/deps/chunk-UTC3K43W.js?v=d621c316:13070:7)
    at detectChangesInView (http://localhost:4200/@fs/home/belal/Documents/personal_projects/movieApp/.angular/cache/19.1.8/movieApp/vite/deps/chunk-UTC3K43W.js?v=d621c316:13176:5)
    at detectChangesInViewIfAttached (http://localhost:4200/@fs/home/belal/Documents/personal_projects/movieApp/.angular/cache/19.1.8/movieApp/vite/deps/chunk-UTC3K43W.js?v=d621c316:13159:3) @ http://localhost:4200/polyfills.js:1828
[   23002ms] [ERROR] ERROR TypeError: Cannot read properties of undefined (reading 'poster_path')
    at MovieDetailsComponent_Template (http://localhost:4200/main.js:594:91)
    at executeTemplate (http://localhost:4200/@fs/home/belal/Documents/personal_projects/movieApp/.angular/cache/19.1.8/movieApp/vite/deps/chunk-UTC3K43W.js?v=d621c316:11994:5)
    at refreshView (http://localhost:4200/@fs/home/belal/Documents/personal_projects/movieApp/.angular/cache/19.1.8/movieApp/vite/deps/chunk-UTC3K43W.js?v=d621c316:13011:7)
    at detectChangesInView (http://localhost:4200/@fs/home/belal/Documents/personal_projects/movieApp/.angular/cache/19.1.8/movieApp/vite/deps/chunk-UTC3K43W.js?v=d621c316:13176:5)
    at detectChangesInViewIfAttached (http://localhost:4200/@fs/home/belal/Documents/personal_projects/movieApp/.angular/cache/19.1.8/movieApp/vite/deps/chunk-UTC3K43W.js?v=d621c316:13159:3)
    at detectChangesInComponent (http://localhost:4200/@fs/home/belal/Documents/personal_projects/movieApp/.angular/cache/19.1.8/movieApp/vite/deps/chunk-UTC3K43W.js?v=d621c316:13153:3)
    at detectChangesInChildComponents (http://localhost:4200/@fs/home/belal/Documents/personal_projects/movieApp/.angular/cache/19.1.8/movieApp/vite/deps/chunk-UTC3K43W.js?v=d621c316:13197:5)
    at refreshView (http://localhost:4200/@fs/home/belal/Documents/personal_projects/movieApp/.angular/cache/19.1.8/movieApp/vite/deps/chunk-UTC3K43W.js?v=d621c316:13070:7)
    at detectChangesInView (http://localhost:4200/@fs/home/belal/Documents/personal_projects/movieApp/.angular/cache/19.1.8/movieApp/vite/deps/chunk-UTC3K43W.js?v=d621c316:13176:5)
    at detectChangesInViewIfAttached (http://localhost:4200/@fs/home/belal/Documents/personal_projects/movieApp/.angular/cache/19.1.8/movieApp/vite/deps/chunk-UTC3K43W.js?v=d621c316:13159:3) @ http://localhost:4200/@fs/home/belal/Documents/personal_projects/movieApp/.angular/cache/19.1.8/movieApp/vite/deps/chunk-UTC3K43W.js?v=d621c316:8782
[   23008ms] [ERROR] ERROR TypeError: Cannot read properties of undefined (reading 'poster_path')
    at MovieDetailsComponent_Template (http://localhost:4200/main.js:594:91)
    at executeTemplate (http://localhost:4200/@fs/home/belal/Documents/personal_projects/movieApp/.angular/cache/19.1.8/movieApp/vite/deps/chunk-UTC3K43W.js?v=d621c316:11994:5)
    at refreshView (http://localhost:4200/@fs/home/belal/Documents/personal_projects/movieApp/.angular/cache/19.1.8/movieApp/vite/deps/chunk-UTC3K43W.js?v=d621c316:13011:7)
    at detectChangesInView (http://localhost:4200/@fs/home/belal/Documents/personal_projects/movieApp/.angular/cache/19.1.8/movieApp/vite/deps/chunk-UTC3K43W.js?v=d621c316:13176:5)
    at detectChangesInViewIfAttached (http://localhost:4200/@fs/home/belal/Documents/personal_projects/movieApp/.angular/cache/19.1.8/movieApp/vite/deps/chunk-UTC3K43W.js?v=d621c316:13159:3)
    at detectChangesInComponent (http://localhost:4200/@fs/home/belal/Documents/personal_projects/movieApp/.angular/cache/19.1.8/movieApp/vite/deps/chunk-UTC3K43W.js?v=d621c316:13153:3)
    at detectChangesInChildComponents (http://localhost:4200/@fs/home/belal/Documents/personal_projects/movieApp/.angular/cache/19.1.8/movieApp/vite/deps/chunk-UTC3K43W.js?v=d621c316:13197:5)
    at refreshView (http://localhost:4200/@fs/home/belal/Documents/personal_projects/movieApp/.angular/cache/19.1.8/movieApp/vite/deps/chunk-UTC3K43W.js?v=d621c316:13070:7)
    at detectChangesInView (http://localhost:4200/@fs/home/belal/Documents/personal_projects/movieApp/.angular/cache/19.1.8/movieApp/vite/deps/chunk-UTC3K43W.js?v=d621c316:13176:5)
    at detectChangesInViewIfAttached (http://localhost:4200/@fs/home/belal/Documents/personal_projects/movieApp/.angular/cache/19.1.8/movieApp/vite/deps/chunk-UTC3K43W.js?v=d621c316:13159:3) @ http://localhost:4200/@fs/home/belal/Documents/personal_projects/movieApp/.angular/cache/19.1.8/movieApp/vite/deps/chunk-UTC3K43W.js?v=d621c316:8782
[   23009ms] [ERROR] ERROR TypeError: Cannot read properties of undefined (reading 'poster_path')
    at MovieDetailsComponent_Template (http://localhost:4200/main.js:594:91)
    at executeTemplate (http://localhost:4200/@fs/home/belal/Documents/personal_projects/movieApp/.angular/cache/19.1.8/movieApp/vite/deps/chunk-UTC3K43W.js?v=d621c316:11994:5)
    at refreshView (http://localhost:4200/@fs/home/belal/Documents/personal_projects/movieApp/.angular/cache/19.1.8/movieApp/vite/deps/chunk-UTC3K43W.js?v=d621c316:13011:7)
    at detectChangesInView (http://localhost:4200/@fs/home/belal/Documents/personal_projects/movieApp/.angular/cache/19.1.8/movieApp/vite/deps/chunk-UTC3K43W.js?v=d621c316:13176:5)
    at detectChangesInViewIfAttached (http://localhost:4200/@fs/home/belal/Documents/personal_projects/movieApp/.angular/cache/19.1.8/movieApp/vite/deps/chunk-UTC3K43W.js?v=d621c316:13159:3)
    at detectChangesInComponent (http://localhost:4200/@fs/home/belal/Documents/personal_projects/movieApp/.angular/cache/19.1.8/movieApp/vite/deps/chunk-UTC3K43W.js?v=d621c316:13153:3)
    at detectChangesInChildComponents (http://localhost:4200/@fs/home/belal/Documents/personal_projects/movieApp/.angular/cache/19.1.8/movieApp/vite/deps/chunk-UTC3K43W.js?v=d621c316:13197:5)
    at refreshView (http://localhost:4200/@fs/home/belal/Documents/personal_projects/movieApp/.angular/cache/19.1.8/movieApp/vite/deps/chunk-UTC3K43W.js?v=d621c316:13070:7)
    at detectChangesInView (http://localhost:4200/@fs/home/belal/Documents/personal_projects/movieApp/.angular/cache/19.1.8/movieApp/vite/deps/chunk-UTC3K43W.js?v=d621c316:13176:5)
    at detectChangesInViewIfAttached (http://localhost:4200/@fs/home/belal/Documents/personal_projects/movieApp/.angular/cache/19.1.8/movieApp/vite/deps/chunk-UTC3K43W.js?v=d621c316:13159:3) @ http://localhost:4200/@fs/home/belal/Documents/personal_projects/movieApp/.angular/cache/19.1.8/movieApp/vite/deps/chunk-UTC3K43W.js?v=d621c316:8782
[   23180ms] [LOG] Angular is running in development mode. @ http://localhost:4200/@fs/home/belal/Documents/personal_projects/movieApp/.angular/cache/19.1.8/movieApp/vite/deps/chunk-UTC3K43W.js?v=d621c316:17869
[   23193ms] [ERROR] ERROR TypeError: Cannot read properties of undefined (reading 'poster_path')
    at MovieDetailsComponent_Template (http://localhost:4200/main.js:594:91)
    at executeTemplate (http://localhost:4200/@fs/home/belal/Documents/personal_projects/movieApp/.angular/cache/19.1.8/movieApp/vite/deps/chunk-UTC3K43W.js?v=d621c316:11994:5)
    at refreshView (http://localhost:4200/@fs/home/belal/Documents/personal_projects/movieApp/.angular/cache/19.1.8/movieApp/vite/deps/chunk-UTC3K43W.js?v=d621c316:13011:7)
    at detectChangesInView (http://localhost:4200/@fs/home/belal/Documents/personal_projects/movieApp/.angular/cache/19.1.8/movieApp/vite/deps/chunk-UTC3K43W.js?v=d621c316:13176:5)
    at detectChangesInViewIfAttached (http://localhost:4200/@fs/home/belal/Documents/personal_projects/movieApp/.angular/cache/19.1.8/movieApp/vite/deps/chunk-UTC3K43W.js?v=d621c316:13159:3)
    at detectChangesInComponent (http://localhost:4200/@fs/home/belal/Documents/personal_projects/movieApp/.angular/cache/19.1.8/movieApp/vite/deps/chunk-UTC3K43W.js?v=d621c316:13153:3)
    at detectChangesInChildComponents (http://localhost:4200/@fs/home/belal/Documents/personal_projects/movieApp/.angular/cache/19.1.8/movieApp/vite/deps/chunk-UTC3K43W.js?v=d621c316:13197:5)
    at refreshView (http://localhost:4200/@fs/home/belal/Documents/personal_projects/movieApp/.angular/cache/19.1.8/movieApp/vite/deps/chunk-UTC3K43W.js?v=d621c316:13070:7)
    at detectChangesInView (http://localhost:4200/@fs/home/belal/Documents/personal_projects/movieApp/.angular/cache/19.1.8/movieApp/vite/deps/chunk-UTC3K43W.js?v=d621c316:13176:5)
    at detectChangesInViewIfAttached (http://localhost:4200/@fs/home/belal/Documents/personal_projects/movieApp/.angular/cache/19.1.8/movieApp/vite/deps/chunk-UTC3K43W.js?v=d621c316:13159:3) @ http://localhost:4200/@fs/home/belal/Documents/personal_projects/movieApp/.angular/cache/19.1.8/movieApp/vite/deps/chunk-UTC3K43W.js?v=d621c316:8782
[   23208ms] [ERROR] ERROR TypeError: Cannot read properties of undefined (reading 'poster_path')
    at MovieDetailsComponent_Template (http://localhost:4200/main.js:594:91)
    at executeTemplate (http://localhost:4200/@fs/home/belal/Documents/personal_projects/movieApp/.angular/cache/19.1.8/movieApp/vite/deps/chunk-UTC3K43W.js?v=d621c316:11994:5)
    at refreshView (http://localhost:4200/@fs/home/belal/Documents/personal_projects/movieApp/.angular/cache/19.1.8/movieApp/vite/deps/chunk-UTC3K43W.js?v=d621c316:13011:7)
    at detectChangesInView (http://localhost:4200/@fs/home/belal/Documents/personal_projects/movieApp/.angular/cache/19.1.8/movieApp/vite/deps/chunk-UTC3K43W.js?v=d621c316:13176:5)
    at detectChangesInViewIfAttached (http://localhost:4200/@fs/home/belal/Documents/personal_projects/movieApp/.angular/cache/19.1.8/movieApp/vite/deps/chunk-UTC3K43W.js?v=d621c316:13159:3)
    at detectChangesInComponent (http://localhost:4200/@fs/home/belal/Documents/personal_projects/movieApp/.angular/cache/19.1.8/movieApp/vite/deps/chunk-UTC3K43W.js?v=d621c316:13153:3)
    at detectChangesInChildComponents (http://localhost:4200/@fs/home/belal/Documents/personal_projects/movieApp/.angular/cache/19.1.8/movieApp/vite/deps/chunk-UTC3K43W.js?v=d621c316:13197:5)
    at refreshView (http://localhost:4200/@fs/home/belal/Documents/personal_projects/movieApp/.angular/cache/19.1.8/movieApp/vite/deps/chunk-UTC3K43W.js?v=d621c316:13070:7)
    at detectChangesInView (http://localhost:4200/@fs/home/belal/Documents/personal_projects/movieApp/.angular/cache/19.1.8/movieApp/vite/deps/chunk-UTC3K43W.js?v=d621c316:13176:5)
    at detectChangesInViewIfAttached (http://localhost:4200/@fs/home/belal/Documents/personal_projects/movieApp/.angular/cache/19.1.8/movieApp/vite/deps/chunk-UTC3K43W.js?v=d621c316:13159:3) @ http://localhost:4200/@fs/home/belal/Documents/personal_projects/movieApp/.angular/cache/19.1.8/movieApp/vite/deps/chunk-UTC3K43W.js?v=d621c316:8782
[   23210ms] [ERROR] ERROR TypeError: Cannot read properties of undefined (reading 'poster_path')
    at MovieDetailsComponent_Template (http://localhost:4200/main.js:594:91)
    at executeTemplate (http://localhost:4200/@fs/home/belal/Documents/personal_projects/movieApp/.angular/cache/19.1.8/movieApp/vite/deps/chunk-UTC3K43W.js?v=d621c316:11994:5)
    at refreshView (http://localhost:4200/@fs/home/belal/Documents/personal_projects/movieApp/.angular/cache/19.1.8/movieApp/vite/deps/chunk-UTC3K43W.js?v=d621c316:13011:7)
    at detectChangesInView (http://localhost:4200/@fs/home/belal/Documents/personal_projects/movieApp/.angular/cache/19.1.8/movieApp/vite/deps/chunk-UTC3K43W.js?v=d621c316:13176:5)
    at detectChangesInViewIfAttached (http://localhost:4200/@fs/home/belal/Documents/personal_projects/movieApp/.angular/cache/19.1.8/movieApp/vite/deps/chunk-UTC3K43W.js?v=d621c316:13159:3)
    at detectChangesInComponent (http://localhost:4200/@fs/home/belal/Documents/personal_projects/movieApp/.angular/cache/19.1.8/movieApp/vite/deps/chunk-UTC3K43W.js?v=d621c316:13153:3)
    at detectChangesInChildComponents (http://localhost:4200/@fs/home/belal/Documents/personal_projects/movieApp/.angular/cache/19.1.8/movieApp/vite/deps/chunk-UTC3K43W.js?v=d621c316:13197:5)
    at refreshView (http://localhost:4200/@fs/home/belal/Documents/personal_projects/movieApp/.angular/cache/19.1.8/movieApp/vite/deps/chunk-UTC3K43W.js?v=d621c316:13070:7)
    at detectChangesInView (http://localhost:4200/@fs/home/belal/Documents/personal_projects/movieApp/.angular/cache/19.1.8/movieApp/vite/deps/chunk-UTC3K43W.js?v=d621c316:13176:5)
    at detectChangesInViewIfAttached (http://localhost:4200/@fs/home/belal/Documents/personal_projects/movieApp/.angular/cache/19.1.8/movieApp/vite/deps/chunk-UTC3K43W.js?v=d621c316:13159:3) @ http://localhost:4200/@fs/home/belal/Documents/personal_projects/movieApp/.angular/cache/19.1.8/movieApp/vite/deps/chunk-UTC3K43W.js?v=d621c316:8782
[   23212ms] [ERROR] ERROR TypeError: Cannot read properties of undefined (reading 'poster_path')
    at MovieDetailsComponent_Template (http://localhost:4200/main.js:594:91)
    at executeTemplate (http://localhost:4200/@fs/home/belal/Documents/personal_projects/movieApp/.angular/cache/19.1.8/movieApp/vite/deps/chunk-UTC3K43W.js?v=d621c316:11994:5)
    at refreshView (http://localhost:4200/@fs/home/belal/Documents/personal_projects/movieApp/.angular/cache/19.1.8/movieApp/vite/deps/chunk-UTC3K43W.js?v=d621c316:13011:7)
    at detectChangesInView (http://localhost:4200/@fs/home/belal/Documents/personal_projects/movieApp/.angular/cache/19.1.8/movieApp/vite/deps/chunk-UTC3K43W.js?v=d621c316:13176:5)
    at detectChangesInViewIfAttached (http://localhost:4200/@fs/home/belal/Documents/personal_projects/movieApp/.angular/cache/19.1.8/movieApp/vite/deps/chunk-UTC3K43W.js?v=d621c316:13159:3)
    at detectChangesInComponent (http://localhost:4200/@fs/home/belal/Documents/personal_projects/movieApp/.angular/cache/19.1.8/movieApp/vite/deps/chunk-UTC3K43W.js?v=d621c316:13153:3)
    at detectChangesInChildComponents (http://localhost:4200/@fs/home/belal/Documents/personal_projects/movieApp/.angular/cache/19.1.8/movieApp/vite/deps/chunk-UTC3K43W.js?v=d621c316:13197:5)
    at refreshView (http://localhost:4200/@fs/home/belal/Documents/personal_projects/movieApp/.angular/cache/19.1.8/movieApp/vite/deps/chunk-UTC3K43W.js?v=d621c316:13070:7)
    at detectChangesInView (http://localhost:4200/@fs/home/belal/Documents/personal_projects/movieApp/.angular/cache/19.1.8/movieApp/vite/deps/chunk-UTC3K43W.js?v=d621c316:13176:5)
    at detectChangesInViewIfAttached (http://localhost:4200/@fs/home/belal/Documents/personal_projects/movieApp/.angular/cache/19.1.8/movieApp/vite/deps/chunk-UTC3K43W.js?v=d621c316:13159:3) @ http://localhost:4200/@fs/home/belal/Documents/personal_projects/movieApp/.angular/cache/19.1.8/movieApp/vite/deps/chunk-UTC3K43W.js?v=d621c316:8782
[   23226ms] [ERROR] ERROR TypeError: Cannot read properties of undefined (reading 'poster_path')
    at MovieDetailsComponent_Template (http://localhost:4200/main.js:594:91)
    at executeTemplate (http://localhost:4200/@fs/home/belal/Documents/personal_projects/movieApp/.angular/cache/19.1.8/movieApp/vite/deps/chunk-UTC3K43W.js?v=d621c316:11994:5)
    at refreshView (http://localhost:4200/@fs/home/belal/Documents/personal_projects/movieApp/.angular/cache/19.1.8/movieApp/vite/deps/chunk-UTC3K43W.js?v=d621c316:13011:7)
    at detectChangesInView (http://localhost:4200/@fs/home/belal/Documents/personal_projects/movieApp/.angular/cache/19.1.8/movieApp/vite/deps/chunk-UTC3K43W.js?v=d621c316:13176:5)
    at detectChangesInViewIfAttached (http://localhost:4200/@fs/home/belal/Documents/personal_projects/movieApp/.angular/cache/19.1.8/movieApp/vite/deps/chunk-UTC3K43W.js?v=d621c316:13159:3)
    at detectChangesInComponent (http://localhost:4200/@fs/home/belal/Documents/personal_projects/movieApp/.angular/cache/19.1.8/movieApp/vite/deps/chunk-UTC3K43W.js?v=d621c316:13153:3)
    at detectChangesInChildComponents (http://localhost:4200/@fs/home/belal/Documents/personal_projects/movieApp/.angular/cache/19.1.8/movieApp/vite/deps/chunk-UTC3K43W.js?v=d621c316:13197:5)
    at refreshView (http://localhost:4200/@fs/home/belal/Documents/personal_projects/movieApp/.angular/cache/19.1.8/movieApp/vite/deps/chunk-UTC3K43W.js?v=d621c316:13070:7)
    at detectChangesInView (http://localhost:4200/@fs/home/belal/Documents/personal_projects/movieApp/.angular/cache/19.1.8/movieApp/vite/deps/chunk-UTC3K43W.js?v=d621c316:13176:5)
    at detectChangesInViewIfAttached (http://localhost:4200/@fs/home/belal/Documents/personal_projects/movieApp/.angular/cache/19.1.8/movieApp/vite/deps/chunk-UTC3K43W.js?v=d621c316:13159:3) @ http://localhost:4200/@fs/home/belal/Documents/personal_projects/movieApp/.angular/cache/19.1.8/movieApp/vite/deps/chunk-UTC3K43W.js?v=d621c316:8782
