[     470ms] [LOG] Angular is running in development mode. @ http://localhost:4200/@fs/home/belal/Documents/personal_projects/movieApp/.angular/cache/19.1.8/movieApp/vite/deps/chunk-UTC3K43W.js?v=d621c316:17869
[     486ms] [ERROR] ERROR TypeError: Cannot read properties of undefined (reading 'profile_path')
    at ActorDetailsComponent_Template (http://localhost:4200/main.js:714:92)
    at executeTemplate (http://localhost:4200/@fs/home/belal/Documents/personal_projects/movieApp/.angular/cache/19.1.8/movieApp/vite/deps/chunk-UTC3K43W.js?v=d621c316:11994:5)
    at refreshView (http://localhost:4200/@fs/home/belal/Documents/personal_projects/movieApp/.angular/cache/19.1.8/movieApp/vite/deps/chunk-UTC3K43W.js?v=d621c316:13011:7)
    at detectChangesInView (http://localhost:4200/@fs/home/belal/Documents/personal_projects/movieApp/.angular/cache/19.1.8/movieApp/vite/deps/chunk-UTC3K43W.js?v=d621c316:13176:5)
    at detectChangesInViewIfAttached (http://localhost:4200/@fs/home/belal/Documents/personal_projects/movieApp/.angular/cache/19.1.8/movieApp/vite/deps/chunk-UTC3K43W.js?v=d621c316:13159:3)
    at detectChangesInComponent (http://localhost:4200/@fs/home/belal/Documents/personal_projects/movieApp/.angular/cache/19.1.8/movieApp/vite/deps/chunk-UTC3K43W.js?v=d621c316:13153:3)
    at detectChangesInChildComponents (http://localhost:4200/@fs/home/belal/Documents/personal_projects/movieApp/.angular/cache/19.1.8/movieApp/vite/deps/chunk-UTC3K43W.js?v=d621c316:13197:5)
    at refreshView (http://localhost:4200/@fs/home/belal/Documents/personal_projects/movieApp/.angular/cache/19.1.8/movieApp/vite/deps/chunk-UTC3K43W.js?v=d621c316:13070:7)
    at detectChangesInView (http://localhost:4200/@fs/home/belal/Documents/personal_projects/movieApp/.angular/cache/19.1.8/movieApp/vite/deps/chunk-UTC3K43W.js?v=d621c316:13176:5)
    at detectChangesInViewIfAttached (http://localhost:4200/@fs/home/belal/Documents/personal_projects/movieApp/.angular/cache/19.1.8/movieApp/vite/deps/chunk-UTC3K43W.js?v=d621c316:13159:3) @ http://localhost:4200/@fs/home/belal/Documents/personal_projects/movieApp/.angular/cache/19.1.8/movieApp/vite/deps/chunk-UTC3K43W.js?v=d621c316:8782
[     548ms] [ERROR] ERROR TypeError: Cannot read properties of undefined (reading 'profile_path')
    at ActorDetailsComponent_Template (http://localhost:4200/main.js:714:92)
    at executeTemplate (http://localhost:4200/@fs/home/belal/Documents/personal_projects/movieApp/.angular/cache/19.1.8/movieApp/vite/deps/chunk-UTC3K43W.js?v=d621c316:11994:5)
    at refreshView (http://localhost:4200/@fs/home/belal/Documents/personal_projects/movieApp/.angular/cache/19.1.8/movieApp/vite/deps/chunk-UTC3K43W.js?v=d621c316:13011:7)
    at detectChangesInView (http://localhost:4200/@fs/home/belal/Documents/personal_projects/movieApp/.angular/cache/19.1.8/movieApp/vite/deps/chunk-UTC3K43W.js?v=d621c316:13176:5)
    at detectChangesInViewIfAttached (http://localhost:4200/@fs/home/belal/Documents/personal_projects/movieApp/.angular/cache/19.1.8/movieApp/vite/deps/chunk-UTC3K43W.js?v=d621c316:13159:3)
    at detectChangesInComponent (http://localhost:4200/@fs/home/belal/Documents/personal_projects/movieApp/.angular/cache/19.1.8/movieApp/vite/deps/chunk-UTC3K43W.js?v=d621c316:13153:3)
    at detectChangesInChildComponents (http://localhost:4200/@fs/home/belal/Documents/personal_projects/movieApp/.angular/cache/19.1.8/movieApp/vite/deps/chunk-UTC3K43W.js?v=d621c316:13197:5)
    at refreshView (http://localhost:4200/@fs/home/belal/Documents/personal_projects/movieApp/.angular/cache/19.1.8/movieApp/vite/deps/chunk-UTC3K43W.js?v=d621c316:13070:7)
    at detectChangesInView (http://localhost:4200/@fs/home/belal/Documents/personal_projects/movieApp/.angular/cache/19.1.8/movieApp/vite/deps/chunk-UTC3K43W.js?v=d621c316:13176:5)
    at detectChangesInViewIfAttached (http://localhost:4200/@fs/home/belal/Documents/personal_projects/movieApp/.angular/cache/19.1.8/movieApp/vite/deps/chunk-UTC3K43W.js?v=d621c316:13159:3) @ http://localhost:4200/@fs/home/belal/Documents/personal_projects/movieApp/.angular/cache/19.1.8/movieApp/vite/deps/chunk-UTC3K43W.js?v=d621c316:8782
[     566ms] [ERROR] ERROR TypeError: Cannot read properties of undefined (reading 'profile_path')
    at ActorDetailsComponent_Template (http://localhost:4200/main.js:714:92)
    at executeTemplate (http://localhost:4200/@fs/home/belal/Documents/personal_projects/movieApp/.angular/cache/19.1.8/movieApp/vite/deps/chunk-UTC3K43W.js?v=d621c316:11994:5)
    at refreshView (http://localhost:4200/@fs/home/belal/Documents/personal_projects/movieApp/.angular/cache/19.1.8/movieApp/vite/deps/chunk-UTC3K43W.js?v=d621c316:13011:7)
    at detectChangesInView (http://localhost:4200/@fs/home/belal/Documents/personal_projects/movieApp/.angular/cache/19.1.8/movieApp/vite/deps/chunk-UTC3K43W.js?v=d621c316:13176:5)
    at detectChangesInViewIfAttached (http://localhost:4200/@fs/home/belal/Documents/personal_projects/movieApp/.angular/cache/19.1.8/movieApp/vite/deps/chunk-UTC3K43W.js?v=d621c316:13159:3)
    at detectChangesInComponent (http://localhost:4200/@fs/home/belal/Documents/personal_projects/movieApp/.angular/cache/19.1.8/movieApp/vite/deps/chunk-UTC3K43W.js?v=d621c316:13153:3)
    at detectChangesInChildComponents (http://localhost:4200/@fs/home/belal/Documents/personal_projects/movieApp/.angular/cache/19.1.8/movieApp/vite/deps/chunk-UTC3K43W.js?v=d621c316:13197:5)
    at refreshView (http://localhost:4200/@fs/home/belal/Documents/personal_projects/movieApp/.angular/cache/19.1.8/movieApp/vite/deps/chunk-UTC3K43W.js?v=d621c316:13070:7)
    at detectChangesInView (http://localhost:4200/@fs/home/belal/Documents/personal_projects/movieApp/.angular/cache/19.1.8/movieApp/vite/deps/chunk-UTC3K43W.js?v=d621c316:13176:5)
    at detectChangesInViewIfAttached (http://localhost:4200/@fs/home/belal/Documents/personal_projects/movieApp/.angular/cache/19.1.8/movieApp/vite/deps/chunk-UTC3K43W.js?v=d621c316:13159:3) @ http://localhost:4200/@fs/home/belal/Documents/personal_projects/movieApp/.angular/cache/19.1.8/movieApp/vite/deps/chunk-UTC3K43W.js?v=d621c316:8782
[     646ms] [ERROR] ERROR TypeError: Cannot read properties of undefined (reading 'profile_path')
    at ActorDetailsComponent_Template (http://localhost:4200/main.js:714:92)
    at executeTemplate (http://localhost:4200/@fs/home/belal/Documents/personal_projects/movieApp/.angular/cache/19.1.8/movieApp/vite/deps/chunk-UTC3K43W.js?v=d621c316:11994:5)
    at refreshView (http://localhost:4200/@fs/home/belal/Documents/personal_projects/movieApp/.angular/cache/19.1.8/movieApp/vite/deps/chunk-UTC3K43W.js?v=d621c316:13011:7)
    at detectChangesInView (http://localhost:4200/@fs/home/belal/Documents/personal_projects/movieApp/.angular/cache/19.1.8/movieApp/vite/deps/chunk-UTC3K43W.js?v=d621c316:13176:5)
    at detectChangesInViewIfAttached (http://localhost:4200/@fs/home/belal/Documents/personal_projects/movieApp/.angular/cache/19.1.8/movieApp/vite/deps/chunk-UTC3K43W.js?v=d621c316:13159:3)
    at detectChangesInComponent (http://localhost:4200/@fs/home/belal/Documents/personal_projects/movieApp/.angular/cache/19.1.8/movieApp/vite/deps/chunk-UTC3K43W.js?v=d621c316:13153:3)
    at detectChangesInChildComponents (http://localhost:4200/@fs/home/belal/Documents/personal_projects/movieApp/.angular/cache/19.1.8/movieApp/vite/deps/chunk-UTC3K43W.js?v=d621c316:13197:5)
    at refreshView (http://localhost:4200/@fs/home/belal/Documents/personal_projects/movieApp/.angular/cache/19.1.8/movieApp/vite/deps/chunk-UTC3K43W.js?v=d621c316:13070:7)
    at detectChangesInView (http://localhost:4200/@fs/home/belal/Documents/personal_projects/movieApp/.angular/cache/19.1.8/movieApp/vite/deps/chunk-UTC3K43W.js?v=d621c316:13176:5)
    at detectChangesInViewIfAttached (http://localhost:4200/@fs/home/belal/Documents/personal_projects/movieApp/.angular/cache/19.1.8/movieApp/vite/deps/chunk-UTC3K43W.js?v=d621c316:13159:3) @ http://localhost:4200/@fs/home/belal/Documents/personal_projects/movieApp/.angular/cache/19.1.8/movieApp/vite/deps/chunk-UTC3K43W.js?v=d621c316:8782
[     647ms] [LOG] {adult: false, also_known_as: Array(2), biography: Corey Antonio Hawkins (born October 22, 1988) is a…graphical crime-comedy BlacKkKlansman, which earn, birthday: 1988-10-22, deathday: null} @ http://localhost:4200/main.js:669
