[      95ms] [LOG] Angular is running in development mode. @ http://localhost:4200/@fs/home/belal/Documents/personal_projects/movieApp/.angular/cache/19.1.8/movieApp/vite/deps/chunk-UTC3K43W.js?v=d621c316:17869
[     104ms] [ERROR] ERROR TypeError: Cannot read properties of undefined (reading 'poster_path')
    at MovieDetailsComponent_Template (http://localhost:4200/main.js:594:91)
    at executeTemplate (http://localhost:4200/@fs/home/belal/Documents/personal_projects/movieApp/.angular/cache/19.1.8/movieApp/vite/deps/chunk-UTC3K43W.js?v=d621c316:11994:5)
    at refreshView (http://localhost:4200/@fs/home/belal/Documents/personal_projects/movieApp/.angular/cache/19.1.8/movieApp/vite/deps/chunk-UTC3K43W.js?v=d621c316:13011:7)
    at detectChangesInView (http://localhost:4200/@fs/home/belal/Documents/personal_projects/movieApp/.angular/cache/19.1.8/movieApp/vite/deps/chunk-UTC3K43W.js?v=d621c316:13176:5)
    at detectChangesInViewIfAttached (http://localhost:4200/@fs/home/belal/Documents/personal_projects/movieApp/.angular/cache/19.1.8/movieApp/vite/deps/chunk-UTC3K43W.js?v=d621c316:13159:3)
    at detectChangesInComponent (http://localhost:4200/@fs/home/belal/Documents/personal_projects/movieApp/.angular/cache/19.1.8/movieApp/vite/deps/chunk-UTC3K43W.js?v=d621c316:13153:3)
    at detectChangesInChildComponents (http://localhost:4200/@fs/home/belal/Documents/personal_projects/movieApp/.angular/cache/19.1.8/movieApp/vite/deps/chunk-UTC3K43W.js?v=d621c316:13197:5)
    at refreshView (http://localhost:4200/@fs/home/belal/Documents/personal_projects/movieApp/.angular/cache/19.1.8/movieApp/vite/deps/chunk-UTC3K43W.js?v=d621c316:13070:7)
    at detectChangesInView (http://localhost:4200/@fs/home/belal/Documents/personal_projects/movieApp/.angular/cache/19.1.8/movieApp/vite/deps/chunk-UTC3K43W.js?v=d621c316:13176:5)
    at detectChangesInViewIfAttached (http://localhost:4200/@fs/home/belal/Documents/personal_projects/movieApp/.angular/cache/19.1.8/movieApp/vite/deps/chunk-UTC3K43W.js?v=d621c316:13159:3) @ http://localhost:4200/@fs/home/belal/Documents/personal_projects/movieApp/.angular/cache/19.1.8/movieApp/vite/deps/chunk-UTC3K43W.js?v=d621c316:8782
[     116ms] [ERROR] ERROR TypeError: Cannot read properties of undefined (reading 'poster_path')
    at MovieDetailsComponent_Template (http://localhost:4200/main.js:594:91)
    at executeTemplate (http://localhost:4200/@fs/home/belal/Documents/personal_projects/movieApp/.angular/cache/19.1.8/movieApp/vite/deps/chunk-UTC3K43W.js?v=d621c316:11994:5)
    at refreshView (http://localhost:4200/@fs/home/belal/Documents/personal_projects/movieApp/.angular/cache/19.1.8/movieApp/vite/deps/chunk-UTC3K43W.js?v=d621c316:13011:7)
    at detectChangesInView (http://localhost:4200/@fs/home/belal/Documents/personal_projects/movieApp/.angular/cache/19.1.8/movieApp/vite/deps/chunk-UTC3K43W.js?v=d621c316:13176:5)
    at detectChangesInViewIfAttached (http://localhost:4200/@fs/home/belal/Documents/personal_projects/movieApp/.angular/cache/19.1.8/movieApp/vite/deps/chunk-UTC3K43W.js?v=d621c316:13159:3)
    at detectChangesInComponent (http://localhost:4200/@fs/home/belal/Documents/personal_projects/movieApp/.angular/cache/19.1.8/movieApp/vite/deps/chunk-UTC3K43W.js?v=d621c316:13153:3)
    at detectChangesInChildComponents (http://localhost:4200/@fs/home/belal/Documents/personal_projects/movieApp/.angular/cache/19.1.8/movieApp/vite/deps/chunk-UTC3K43W.js?v=d621c316:13197:5)
    at refreshView (http://localhost:4200/@fs/home/belal/Documents/personal_projects/movieApp/.angular/cache/19.1.8/movieApp/vite/deps/chunk-UTC3K43W.js?v=d621c316:13070:7)
    at detectChangesInView (http://localhost:4200/@fs/home/belal/Documents/personal_projects/movieApp/.angular/cache/19.1.8/movieApp/vite/deps/chunk-UTC3K43W.js?v=d621c316:13176:5)
    at detectChangesInViewIfAttached (http://localhost:4200/@fs/home/belal/Documents/personal_projects/movieApp/.angular/cache/19.1.8/movieApp/vite/deps/chunk-UTC3K43W.js?v=d621c316:13159:3) @ http://localhost:4200/@fs/home/belal/Documents/personal_projects/movieApp/.angular/cache/19.1.8/movieApp/vite/deps/chunk-UTC3K43W.js?v=d621c316:8782
[     117ms] [ERROR] ERROR TypeError: Cannot read properties of undefined (reading 'poster_path')
    at MovieDetailsComponent_Template (http://localhost:4200/main.js:594:91)
    at executeTemplate (http://localhost:4200/@fs/home/belal/Documents/personal_projects/movieApp/.angular/cache/19.1.8/movieApp/vite/deps/chunk-UTC3K43W.js?v=d621c316:11994:5)
    at refreshView (http://localhost:4200/@fs/home/belal/Documents/personal_projects/movieApp/.angular/cache/19.1.8/movieApp/vite/deps/chunk-UTC3K43W.js?v=d621c316:13011:7)
    at detectChangesInView (http://localhost:4200/@fs/home/belal/Documents/personal_projects/movieApp/.angular/cache/19.1.8/movieApp/vite/deps/chunk-UTC3K43W.js?v=d621c316:13176:5)
    at detectChangesInViewIfAttached (http://localhost:4200/@fs/home/belal/Documents/personal_projects/movieApp/.angular/cache/19.1.8/movieApp/vite/deps/chunk-UTC3K43W.js?v=d621c316:13159:3)
    at detectChangesInComponent (http://localhost:4200/@fs/home/belal/Documents/personal_projects/movieApp/.angular/cache/19.1.8/movieApp/vite/deps/chunk-UTC3K43W.js?v=d621c316:13153:3)
    at detectChangesInChildComponents (http://localhost:4200/@fs/home/belal/Documents/personal_projects/movieApp/.angular/cache/19.1.8/movieApp/vite/deps/chunk-UTC3K43W.js?v=d621c316:13197:5)
    at refreshView (http://localhost:4200/@fs/home/belal/Documents/personal_projects/movieApp/.angular/cache/19.1.8/movieApp/vite/deps/chunk-UTC3K43W.js?v=d621c316:13070:7)
    at detectChangesInView (http://localhost:4200/@fs/home/belal/Documents/personal_projects/movieApp/.angular/cache/19.1.8/movieApp/vite/deps/chunk-UTC3K43W.js?v=d621c316:13176:5)
    at detectChangesInViewIfAttached (http://localhost:4200/@fs/home/belal/Documents/personal_projects/movieApp/.angular/cache/19.1.8/movieApp/vite/deps/chunk-UTC3K43W.js?v=d621c316:13159:3) @ http://localhost:4200/@fs/home/belal/Documents/personal_projects/movieApp/.angular/cache/19.1.8/movieApp/vite/deps/chunk-UTC3K43W.js?v=d621c316:8782
[     119ms] [ERROR] ERROR TypeError: Cannot read properties of undefined (reading 'poster_path')
    at MovieDetailsComponent_Template (http://localhost:4200/main.js:594:91)
    at executeTemplate (http://localhost:4200/@fs/home/belal/Documents/personal_projects/movieApp/.angular/cache/19.1.8/movieApp/vite/deps/chunk-UTC3K43W.js?v=d621c316:11994:5)
    at refreshView (http://localhost:4200/@fs/home/belal/Documents/personal_projects/movieApp/.angular/cache/19.1.8/movieApp/vite/deps/chunk-UTC3K43W.js?v=d621c316:13011:7)
    at detectChangesInView (http://localhost:4200/@fs/home/belal/Documents/personal_projects/movieApp/.angular/cache/19.1.8/movieApp/vite/deps/chunk-UTC3K43W.js?v=d621c316:13176:5)
    at detectChangesInViewIfAttached (http://localhost:4200/@fs/home/belal/Documents/personal_projects/movieApp/.angular/cache/19.1.8/movieApp/vite/deps/chunk-UTC3K43W.js?v=d621c316:13159:3)
    at detectChangesInComponent (http://localhost:4200/@fs/home/belal/Documents/personal_projects/movieApp/.angular/cache/19.1.8/movieApp/vite/deps/chunk-UTC3K43W.js?v=d621c316:13153:3)
    at detectChangesInChildComponents (http://localhost:4200/@fs/home/belal/Documents/personal_projects/movieApp/.angular/cache/19.1.8/movieApp/vite/deps/chunk-UTC3K43W.js?v=d621c316:13197:5)
    at refreshView (http://localhost:4200/@fs/home/belal/Documents/personal_projects/movieApp/.angular/cache/19.1.8/movieApp/vite/deps/chunk-UTC3K43W.js?v=d621c316:13070:7)
    at detectChangesInView (http://localhost:4200/@fs/home/belal/Documents/personal_projects/movieApp/.angular/cache/19.1.8/movieApp/vite/deps/chunk-UTC3K43W.js?v=d621c316:13176:5)
    at detectChangesInViewIfAttached (http://localhost:4200/@fs/home/belal/Documents/personal_projects/movieApp/.angular/cache/19.1.8/movieApp/vite/deps/chunk-UTC3K43W.js?v=d621c316:13159:3) @ http://localhost:4200/@fs/home/belal/Documents/personal_projects/movieApp/.angular/cache/19.1.8/movieApp/vite/deps/chunk-UTC3K43W.js?v=d621c316:8782
[     127ms] [ERROR] ERROR TypeError: Cannot read properties of undefined (reading 'poster_path')
    at MovieDetailsComponent_Template (http://localhost:4200/main.js:594:91)
    at executeTemplate (http://localhost:4200/@fs/home/belal/Documents/personal_projects/movieApp/.angular/cache/19.1.8/movieApp/vite/deps/chunk-UTC3K43W.js?v=d621c316:11994:5)
    at refreshView (http://localhost:4200/@fs/home/belal/Documents/personal_projects/movieApp/.angular/cache/19.1.8/movieApp/vite/deps/chunk-UTC3K43W.js?v=d621c316:13011:7)
    at detectChangesInView (http://localhost:4200/@fs/home/belal/Documents/personal_projects/movieApp/.angular/cache/19.1.8/movieApp/vite/deps/chunk-UTC3K43W.js?v=d621c316:13176:5)
    at detectChangesInViewIfAttached (http://localhost:4200/@fs/home/belal/Documents/personal_projects/movieApp/.angular/cache/19.1.8/movieApp/vite/deps/chunk-UTC3K43W.js?v=d621c316:13159:3)
    at detectChangesInComponent (http://localhost:4200/@fs/home/belal/Documents/personal_projects/movieApp/.angular/cache/19.1.8/movieApp/vite/deps/chunk-UTC3K43W.js?v=d621c316:13153:3)
    at detectChangesInChildComponents (http://localhost:4200/@fs/home/belal/Documents/personal_projects/movieApp/.angular/cache/19.1.8/movieApp/vite/deps/chunk-UTC3K43W.js?v=d621c316:13197:5)
    at refreshView (http://localhost:4200/@fs/home/belal/Documents/personal_projects/movieApp/.angular/cache/19.1.8/movieApp/vite/deps/chunk-UTC3K43W.js?v=d621c316:13070:7)
    at detectChangesInView (http://localhost:4200/@fs/home/belal/Documents/personal_projects/movieApp/.angular/cache/19.1.8/movieApp/vite/deps/chunk-UTC3K43W.js?v=d621c316:13176:5)
    at detectChangesInViewIfAttached (http://localhost:4200/@fs/home/belal/Documents/personal_projects/movieApp/.angular/cache/19.1.8/movieApp/vite/deps/chunk-UTC3K43W.js?v=d621c316:13159:3) @ http://localhost:4200/@fs/home/belal/Documents/personal_projects/movieApp/.angular/cache/19.1.8/movieApp/vite/deps/chunk-UTC3K43W.js?v=d621c316:8782
[   13712ms] [LOG] Angular is running in development mode. @ http://localhost:4200/@fs/home/belal/Documents/personal_projects/movieApp/.angular/cache/19.1.8/movieApp/vite/deps/chunk-UTC3K43W.js?v=d621c316:17869
[   13721ms] [ERROR] ERROR TypeError: Cannot read properties of undefined (reading 'poster_path')
    at MovieDetailsComponent_Template (http://localhost:4200/main.js:595:91)
    at executeTemplate (http://localhost:4200/@fs/home/belal/Documents/personal_projects/movieApp/.angular/cache/19.1.8/movieApp/vite/deps/chunk-UTC3K43W.js?v=d621c316:11994:5)
    at refreshView (http://localhost:4200/@fs/home/belal/Documents/personal_projects/movieApp/.angular/cache/19.1.8/movieApp/vite/deps/chunk-UTC3K43W.js?v=d621c316:13011:7)
    at detectChangesInView (http://localhost:4200/@fs/home/belal/Documents/personal_projects/movieApp/.angular/cache/19.1.8/movieApp/vite/deps/chunk-UTC3K43W.js?v=d621c316:13176:5)
    at detectChangesInViewIfAttached (http://localhost:4200/@fs/home/belal/Documents/personal_projects/movieApp/.angular/cache/19.1.8/movieApp/vite/deps/chunk-UTC3K43W.js?v=d621c316:13159:3)
    at detectChangesInComponent (http://localhost:4200/@fs/home/belal/Documents/personal_projects/movieApp/.angular/cache/19.1.8/movieApp/vite/deps/chunk-UTC3K43W.js?v=d621c316:13153:3)
    at detectChangesInChildComponents (http://localhost:4200/@fs/home/belal/Documents/personal_projects/movieApp/.angular/cache/19.1.8/movieApp/vite/deps/chunk-UTC3K43W.js?v=d621c316:13197:5)
    at refreshView (http://localhost:4200/@fs/home/belal/Documents/personal_projects/movieApp/.angular/cache/19.1.8/movieApp/vite/deps/chunk-UTC3K43W.js?v=d621c316:13070:7)
    at detectChangesInView (http://localhost:4200/@fs/home/belal/Documents/personal_projects/movieApp/.angular/cache/19.1.8/movieApp/vite/deps/chunk-UTC3K43W.js?v=d621c316:13176:5)
    at detectChangesInViewIfAttached (http://localhost:4200/@fs/home/belal/Documents/personal_projects/movieApp/.angular/cache/19.1.8/movieApp/vite/deps/chunk-UTC3K43W.js?v=d621c316:13159:3) @ http://localhost:4200/@fs/home/belal/Documents/personal_projects/movieApp/.angular/cache/19.1.8/movieApp/vite/deps/chunk-UTC3K43W.js?v=d621c316:8782
[   13733ms] [ERROR] ERROR TypeError: Cannot read properties of undefined (reading 'poster_path')
    at MovieDetailsComponent_Template (http://localhost:4200/main.js:595:91)
    at executeTemplate (http://localhost:4200/@fs/home/belal/Documents/personal_projects/movieApp/.angular/cache/19.1.8/movieApp/vite/deps/chunk-UTC3K43W.js?v=d621c316:11994:5)
    at refreshView (http://localhost:4200/@fs/home/belal/Documents/personal_projects/movieApp/.angular/cache/19.1.8/movieApp/vite/deps/chunk-UTC3K43W.js?v=d621c316:13011:7)
    at detectChangesInView (http://localhost:4200/@fs/home/belal/Documents/personal_projects/movieApp/.angular/cache/19.1.8/movieApp/vite/deps/chunk-UTC3K43W.js?v=d621c316:13176:5)
    at detectChangesInViewIfAttached (http://localhost:4200/@fs/home/belal/Documents/personal_projects/movieApp/.angular/cache/19.1.8/movieApp/vite/deps/chunk-UTC3K43W.js?v=d621c316:13159:3)
    at detectChangesInComponent (http://localhost:4200/@fs/home/belal/Documents/personal_projects/movieApp/.angular/cache/19.1.8/movieApp/vite/deps/chunk-UTC3K43W.js?v=d621c316:13153:3)
    at detectChangesInChildComponents (http://localhost:4200/@fs/home/belal/Documents/personal_projects/movieApp/.angular/cache/19.1.8/movieApp/vite/deps/chunk-UTC3K43W.js?v=d621c316:13197:5)
    at refreshView (http://localhost:4200/@fs/home/belal/Documents/personal_projects/movieApp/.angular/cache/19.1.8/movieApp/vite/deps/chunk-UTC3K43W.js?v=d621c316:13070:7)
    at detectChangesInView (http://localhost:4200/@fs/home/belal/Documents/personal_projects/movieApp/.angular/cache/19.1.8/movieApp/vite/deps/chunk-UTC3K43W.js?v=d621c316:13176:5)
    at detectChangesInViewIfAttached (http://localhost:4200/@fs/home/belal/Documents/personal_projects/movieApp/.angular/cache/19.1.8/movieApp/vite/deps/chunk-UTC3K43W.js?v=d621c316:13159:3) @ http://localhost:4200/@fs/home/belal/Documents/personal_projects/movieApp/.angular/cache/19.1.8/movieApp/vite/deps/chunk-UTC3K43W.js?v=d621c316:8782
[   13735ms] [ERROR] ERROR TypeError: Cannot read properties of undefined (reading 'poster_path')
    at MovieDetailsComponent_Template (http://localhost:4200/main.js:595:91)
    at executeTemplate (http://localhost:4200/@fs/home/belal/Documents/personal_projects/movieApp/.angular/cache/19.1.8/movieApp/vite/deps/chunk-UTC3K43W.js?v=d621c316:11994:5)
    at refreshView (http://localhost:4200/@fs/home/belal/Documents/personal_projects/movieApp/.angular/cache/19.1.8/movieApp/vite/deps/chunk-UTC3K43W.js?v=d621c316:13011:7)
    at detectChangesInView (http://localhost:4200/@fs/home/belal/Documents/personal_projects/movieApp/.angular/cache/19.1.8/movieApp/vite/deps/chunk-UTC3K43W.js?v=d621c316:13176:5)
    at detectChangesInViewIfAttached (http://localhost:4200/@fs/home/belal/Documents/personal_projects/movieApp/.angular/cache/19.1.8/movieApp/vite/deps/chunk-UTC3K43W.js?v=d621c316:13159:3)
    at detectChangesInComponent (http://localhost:4200/@fs/home/belal/Documents/personal_projects/movieApp/.angular/cache/19.1.8/movieApp/vite/deps/chunk-UTC3K43W.js?v=d621c316:13153:3)
    at detectChangesInChildComponents (http://localhost:4200/@fs/home/belal/Documents/personal_projects/movieApp/.angular/cache/19.1.8/movieApp/vite/deps/chunk-UTC3K43W.js?v=d621c316:13197:5)
    at refreshView (http://localhost:4200/@fs/home/belal/Documents/personal_projects/movieApp/.angular/cache/19.1.8/movieApp/vite/deps/chunk-UTC3K43W.js?v=d621c316:13070:7)
    at detectChangesInView (http://localhost:4200/@fs/home/belal/Documents/personal_projects/movieApp/.angular/cache/19.1.8/movieApp/vite/deps/chunk-UTC3K43W.js?v=d621c316:13176:5)
    at detectChangesInViewIfAttached (http://localhost:4200/@fs/home/belal/Documents/personal_projects/movieApp/.angular/cache/19.1.8/movieApp/vite/deps/chunk-UTC3K43W.js?v=d621c316:13159:3) @ http://localhost:4200/@fs/home/belal/Documents/personal_projects/movieApp/.angular/cache/19.1.8/movieApp/vite/deps/chunk-UTC3K43W.js?v=d621c316:8782
[   13736ms] [ERROR] ERROR TypeError: Cannot read properties of undefined (reading 'poster_path')
    at MovieDetailsComponent_Template (http://localhost:4200/main.js:595:91)
    at executeTemplate (http://localhost:4200/@fs/home/belal/Documents/personal_projects/movieApp/.angular/cache/19.1.8/movieApp/vite/deps/chunk-UTC3K43W.js?v=d621c316:11994:5)
    at refreshView (http://localhost:4200/@fs/home/belal/Documents/personal_projects/movieApp/.angular/cache/19.1.8/movieApp/vite/deps/chunk-UTC3K43W.js?v=d621c316:13011:7)
    at detectChangesInView (http://localhost:4200/@fs/home/belal/Documents/personal_projects/movieApp/.angular/cache/19.1.8/movieApp/vite/deps/chunk-UTC3K43W.js?v=d621c316:13176:5)
    at detectChangesInViewIfAttached (http://localhost:4200/@fs/home/belal/Documents/personal_projects/movieApp/.angular/cache/19.1.8/movieApp/vite/deps/chunk-UTC3K43W.js?v=d621c316:13159:3)
    at detectChangesInComponent (http://localhost:4200/@fs/home/belal/Documents/personal_projects/movieApp/.angular/cache/19.1.8/movieApp/vite/deps/chunk-UTC3K43W.js?v=d621c316:13153:3)
    at detectChangesInChildComponents (http://localhost:4200/@fs/home/belal/Documents/personal_projects/movieApp/.angular/cache/19.1.8/movieApp/vite/deps/chunk-UTC3K43W.js?v=d621c316:13197:5)
    at refreshView (http://localhost:4200/@fs/home/belal/Documents/personal_projects/movieApp/.angular/cache/19.1.8/movieApp/vite/deps/chunk-UTC3K43W.js?v=d621c316:13070:7)
    at detectChangesInView (http://localhost:4200/@fs/home/belal/Documents/personal_projects/movieApp/.angular/cache/19.1.8/movieApp/vite/deps/chunk-UTC3K43W.js?v=d621c316:13176:5)
    at detectChangesInViewIfAttached (http://localhost:4200/@fs/home/belal/Documents/personal_projects/movieApp/.angular/cache/19.1.8/movieApp/vite/deps/chunk-UTC3K43W.js?v=d621c316:13159:3) @ http://localhost:4200/@fs/home/belal/Documents/personal_projects/movieApp/.angular/cache/19.1.8/movieApp/vite/deps/chunk-UTC3K43W.js?v=d621c316:8782
[   13746ms] [ERROR] ERROR TypeError: Cannot read properties of undefined (reading 'poster_path')
    at MovieDetailsComponent_Template (http://localhost:4200/main.js:595:91)
    at executeTemplate (http://localhost:4200/@fs/home/belal/Documents/personal_projects/movieApp/.angular/cache/19.1.8/movieApp/vite/deps/chunk-UTC3K43W.js?v=d621c316:11994:5)
    at refreshView (http://localhost:4200/@fs/home/belal/Documents/personal_projects/movieApp/.angular/cache/19.1.8/movieApp/vite/deps/chunk-UTC3K43W.js?v=d621c316:13011:7)
    at detectChangesInView (http://localhost:4200/@fs/home/belal/Documents/personal_projects/movieApp/.angular/cache/19.1.8/movieApp/vite/deps/chunk-UTC3K43W.js?v=d621c316:13176:5)
    at detectChangesInViewIfAttached (http://localhost:4200/@fs/home/belal/Documents/personal_projects/movieApp/.angular/cache/19.1.8/movieApp/vite/deps/chunk-UTC3K43W.js?v=d621c316:13159:3)
    at detectChangesInComponent (http://localhost:4200/@fs/home/belal/Documents/personal_projects/movieApp/.angular/cache/19.1.8/movieApp/vite/deps/chunk-UTC3K43W.js?v=d621c316:13153:3)
    at detectChangesInChildComponents (http://localhost:4200/@fs/home/belal/Documents/personal_projects/movieApp/.angular/cache/19.1.8/movieApp/vite/deps/chunk-UTC3K43W.js?v=d621c316:13197:5)
    at refreshView (http://localhost:4200/@fs/home/belal/Documents/personal_projects/movieApp/.angular/cache/19.1.8/movieApp/vite/deps/chunk-UTC3K43W.js?v=d621c316:13070:7)
    at detectChangesInView (http://localhost:4200/@fs/home/belal/Documents/personal_projects/movieApp/.angular/cache/19.1.8/movieApp/vite/deps/chunk-UTC3K43W.js?v=d621c316:13176:5)
    at detectChangesInViewIfAttached (http://localhost:4200/@fs/home/belal/Documents/personal_projects/movieApp/.angular/cache/19.1.8/movieApp/vite/deps/chunk-UTC3K43W.js?v=d621c316:13159:3) @ http://localhost:4200/@fs/home/belal/Documents/personal_projects/movieApp/.angular/cache/19.1.8/movieApp/vite/deps/chunk-UTC3K43W.js?v=d621c316:8782
[   46270ms] [LOG] Angular is running in development mode. @ http://localhost:4200/@fs/home/belal/Documents/personal_projects/movieApp/.angular/cache/19.1.8/movieApp/vite/deps/chunk-UTC3K43W.js?v=d621c316:17869
[   46289ms] [ERROR] ERROR TypeError: Cannot read properties of undefined (reading 'poster_path')
    at MovieDetailsComponent_Template (http://localhost:4200/main.js:606:91)
    at executeTemplate (http://localhost:4200/@fs/home/belal/Documents/personal_projects/movieApp/.angular/cache/19.1.8/movieApp/vite/deps/chunk-UTC3K43W.js?v=d621c316:11994:5)
    at refreshView (http://localhost:4200/@fs/home/belal/Documents/personal_projects/movieApp/.angular/cache/19.1.8/movieApp/vite/deps/chunk-UTC3K43W.js?v=d621c316:13011:7)
    at detectChangesInView (http://localhost:4200/@fs/home/belal/Documents/personal_projects/movieApp/.angular/cache/19.1.8/movieApp/vite/deps/chunk-UTC3K43W.js?v=d621c316:13176:5)
    at detectChangesInViewIfAttached (http://localhost:4200/@fs/home/belal/Documents/personal_projects/movieApp/.angular/cache/19.1.8/movieApp/vite/deps/chunk-UTC3K43W.js?v=d621c316:13159:3)
    at detectChangesInComponent (http://localhost:4200/@fs/home/belal/Documents/personal_projects/movieApp/.angular/cache/19.1.8/movieApp/vite/deps/chunk-UTC3K43W.js?v=d621c316:13153:3)
    at detectChangesInChildComponents (http://localhost:4200/@fs/home/belal/Documents/personal_projects/movieApp/.angular/cache/19.1.8/movieApp/vite/deps/chunk-UTC3K43W.js?v=d621c316:13197:5)
    at refreshView (http://localhost:4200/@fs/home/belal/Documents/personal_projects/movieApp/.angular/cache/19.1.8/movieApp/vite/deps/chunk-UTC3K43W.js?v=d621c316:13070:7)
    at detectChangesInView (http://localhost:4200/@fs/home/belal/Documents/personal_projects/movieApp/.angular/cache/19.1.8/movieApp/vite/deps/chunk-UTC3K43W.js?v=d621c316:13176:5)
    at detectChangesInViewIfAttached (http://localhost:4200/@fs/home/belal/Documents/personal_projects/movieApp/.angular/cache/19.1.8/movieApp/vite/deps/chunk-UTC3K43W.js?v=d621c316:13159:3) @ http://localhost:4200/@fs/home/belal/Documents/personal_projects/movieApp/.angular/cache/19.1.8/movieApp/vite/deps/chunk-UTC3K43W.js?v=d621c316:8782
[   46303ms] [ERROR] ERROR TypeError: Cannot read properties of undefined (reading 'poster_path')
    at MovieDetailsComponent_Template (http://localhost:4200/main.js:606:91)
    at executeTemplate (http://localhost:4200/@fs/home/belal/Documents/personal_projects/movieApp/.angular/cache/19.1.8/movieApp/vite/deps/chunk-UTC3K43W.js?v=d621c316:11994:5)
    at refreshView (http://localhost:4200/@fs/home/belal/Documents/personal_projects/movieApp/.angular/cache/19.1.8/movieApp/vite/deps/chunk-UTC3K43W.js?v=d621c316:13011:7)
    at detectChangesInView (http://localhost:4200/@fs/home/belal/Documents/personal_projects/movieApp/.angular/cache/19.1.8/movieApp/vite/deps/chunk-UTC3K43W.js?v=d621c316:13176:5)
    at detectChangesInViewIfAttached (http://localhost:4200/@fs/home/belal/Documents/personal_projects/movieApp/.angular/cache/19.1.8/movieApp/vite/deps/chunk-UTC3K43W.js?v=d621c316:13159:3)
    at detectChangesInComponent (http://localhost:4200/@fs/home/belal/Documents/personal_projects/movieApp/.angular/cache/19.1.8/movieApp/vite/deps/chunk-UTC3K43W.js?v=d621c316:13153:3)
    at detectChangesInChildComponents (http://localhost:4200/@fs/home/belal/Documents/personal_projects/movieApp/.angular/cache/19.1.8/movieApp/vite/deps/chunk-UTC3K43W.js?v=d621c316:13197:5)
    at refreshView (http://localhost:4200/@fs/home/belal/Documents/personal_projects/movieApp/.angular/cache/19.1.8/movieApp/vite/deps/chunk-UTC3K43W.js?v=d621c316:13070:7)
    at detectChangesInView (http://localhost:4200/@fs/home/belal/Documents/personal_projects/movieApp/.angular/cache/19.1.8/movieApp/vite/deps/chunk-UTC3K43W.js?v=d621c316:13176:5)
    at detectChangesInViewIfAttached (http://localhost:4200/@fs/home/belal/Documents/personal_projects/movieApp/.angular/cache/19.1.8/movieApp/vite/deps/chunk-UTC3K43W.js?v=d621c316:13159:3) @ http://localhost:4200/@fs/home/belal/Documents/personal_projects/movieApp/.angular/cache/19.1.8/movieApp/vite/deps/chunk-UTC3K43W.js?v=d621c316:8782
[   46305ms] [ERROR] ERROR TypeError: Cannot read properties of undefined (reading 'poster_path')
    at MovieDetailsComponent_Template (http://localhost:4200/main.js:606:91)
    at executeTemplate (http://localhost:4200/@fs/home/belal/Documents/personal_projects/movieApp/.angular/cache/19.1.8/movieApp/vite/deps/chunk-UTC3K43W.js?v=d621c316:11994:5)
    at refreshView (http://localhost:4200/@fs/home/belal/Documents/personal_projects/movieApp/.angular/cache/19.1.8/movieApp/vite/deps/chunk-UTC3K43W.js?v=d621c316:13011:7)
    at detectChangesInView (http://localhost:4200/@fs/home/belal/Documents/personal_projects/movieApp/.angular/cache/19.1.8/movieApp/vite/deps/chunk-UTC3K43W.js?v=d621c316:13176:5)
    at detectChangesInViewIfAttached (http://localhost:4200/@fs/home/belal/Documents/personal_projects/movieApp/.angular/cache/19.1.8/movieApp/vite/deps/chunk-UTC3K43W.js?v=d621c316:13159:3)
    at detectChangesInComponent (http://localhost:4200/@fs/home/belal/Documents/personal_projects/movieApp/.angular/cache/19.1.8/movieApp/vite/deps/chunk-UTC3K43W.js?v=d621c316:13153:3)
    at detectChangesInChildComponents (http://localhost:4200/@fs/home/belal/Documents/personal_projects/movieApp/.angular/cache/19.1.8/movieApp/vite/deps/chunk-UTC3K43W.js?v=d621c316:13197:5)
    at refreshView (http://localhost:4200/@fs/home/belal/Documents/personal_projects/movieApp/.angular/cache/19.1.8/movieApp/vite/deps/chunk-UTC3K43W.js?v=d621c316:13070:7)
    at detectChangesInView (http://localhost:4200/@fs/home/belal/Documents/personal_projects/movieApp/.angular/cache/19.1.8/movieApp/vite/deps/chunk-UTC3K43W.js?v=d621c316:13176:5)
    at detectChangesInViewIfAttached (http://localhost:4200/@fs/home/belal/Documents/personal_projects/movieApp/.angular/cache/19.1.8/movieApp/vite/deps/chunk-UTC3K43W.js?v=d621c316:13159:3) @ http://localhost:4200/@fs/home/belal/Documents/personal_projects/movieApp/.angular/cache/19.1.8/movieApp/vite/deps/chunk-UTC3K43W.js?v=d621c316:8782
[   46307ms] [ERROR] ERROR TypeError: Cannot read properties of undefined (reading 'poster_path')
    at MovieDetailsComponent_Template (http://localhost:4200/main.js:606:91)
    at executeTemplate (http://localhost:4200/@fs/home/belal/Documents/personal_projects/movieApp/.angular/cache/19.1.8/movieApp/vite/deps/chunk-UTC3K43W.js?v=d621c316:11994:5)
    at refreshView (http://localhost:4200/@fs/home/belal/Documents/personal_projects/movieApp/.angular/cache/19.1.8/movieApp/vite/deps/chunk-UTC3K43W.js?v=d621c316:13011:7)
    at detectChangesInView (http://localhost:4200/@fs/home/belal/Documents/personal_projects/movieApp/.angular/cache/19.1.8/movieApp/vite/deps/chunk-UTC3K43W.js?v=d621c316:13176:5)
    at detectChangesInViewIfAttached (http://localhost:4200/@fs/home/belal/Documents/personal_projects/movieApp/.angular/cache/19.1.8/movieApp/vite/deps/chunk-UTC3K43W.js?v=d621c316:13159:3)
    at detectChangesInComponent (http://localhost:4200/@fs/home/belal/Documents/personal_projects/movieApp/.angular/cache/19.1.8/movieApp/vite/deps/chunk-UTC3K43W.js?v=d621c316:13153:3)
    at detectChangesInChildComponents (http://localhost:4200/@fs/home/belal/Documents/personal_projects/movieApp/.angular/cache/19.1.8/movieApp/vite/deps/chunk-UTC3K43W.js?v=d621c316:13197:5)
    at refreshView (http://localhost:4200/@fs/home/belal/Documents/personal_projects/movieApp/.angular/cache/19.1.8/movieApp/vite/deps/chunk-UTC3K43W.js?v=d621c316:13070:7)
    at detectChangesInView (http://localhost:4200/@fs/home/belal/Documents/personal_projects/movieApp/.angular/cache/19.1.8/movieApp/vite/deps/chunk-UTC3K43W.js?v=d621c316:13176:5)
    at detectChangesInViewIfAttached (http://localhost:4200/@fs/home/belal/Documents/personal_projects/movieApp/.angular/cache/19.1.8/movieApp/vite/deps/chunk-UTC3K43W.js?v=d621c316:13159:3) @ http://localhost:4200/@fs/home/belal/Documents/personal_projects/movieApp/.angular/cache/19.1.8/movieApp/vite/deps/chunk-UTC3K43W.js?v=d621c316:8782
[   46316ms] [ERROR] ERROR TypeError: Cannot read properties of undefined (reading 'poster_path')
    at MovieDetailsComponent_Template (http://localhost:4200/main.js:606:91)
    at executeTemplate (http://localhost:4200/@fs/home/belal/Documents/personal_projects/movieApp/.angular/cache/19.1.8/movieApp/vite/deps/chunk-UTC3K43W.js?v=d621c316:11994:5)
    at refreshView (http://localhost:4200/@fs/home/belal/Documents/personal_projects/movieApp/.angular/cache/19.1.8/movieApp/vite/deps/chunk-UTC3K43W.js?v=d621c316:13011:7)
    at detectChangesInView (http://localhost:4200/@fs/home/belal/Documents/personal_projects/movieApp/.angular/cache/19.1.8/movieApp/vite/deps/chunk-UTC3K43W.js?v=d621c316:13176:5)
    at detectChangesInViewIfAttached (http://localhost:4200/@fs/home/belal/Documents/personal_projects/movieApp/.angular/cache/19.1.8/movieApp/vite/deps/chunk-UTC3K43W.js?v=d621c316:13159:3)
    at detectChangesInComponent (http://localhost:4200/@fs/home/belal/Documents/personal_projects/movieApp/.angular/cache/19.1.8/movieApp/vite/deps/chunk-UTC3K43W.js?v=d621c316:13153:3)
    at detectChangesInChildComponents (http://localhost:4200/@fs/home/belal/Documents/personal_projects/movieApp/.angular/cache/19.1.8/movieApp/vite/deps/chunk-UTC3K43W.js?v=d621c316:13197:5)
    at refreshView (http://localhost:4200/@fs/home/belal/Documents/personal_projects/movieApp/.angular/cache/19.1.8/movieApp/vite/deps/chunk-UTC3K43W.js?v=d621c316:13070:7)
    at detectChangesInView (http://localhost:4200/@fs/home/belal/Documents/personal_projects/movieApp/.angular/cache/19.1.8/movieApp/vite/deps/chunk-UTC3K43W.js?v=d621c316:13176:5)
    at detectChangesInViewIfAttached (http://localhost:4200/@fs/home/belal/Documents/personal_projects/movieApp/.angular/cache/19.1.8/movieApp/vite/deps/chunk-UTC3K43W.js?v=d621c316:13159:3) @ http://localhost:4200/@fs/home/belal/Documents/personal_projects/movieApp/.angular/cache/19.1.8/movieApp/vite/deps/chunk-UTC3K43W.js?v=d621c316:8782
