[      83ms] [LOG] Angular is running in development mode. @ http://localhost:4200/@fs/home/belal/Documents/personal_projects/movieApp/.angular/cache/19.1.8/movieApp/vite/deps/chunk-6YD6TZZR.js?v=bc2eed0f:17826
[      88ms] [ERROR] ERROR TypeError: Cannot read properties of undefined (reading 'profile_path')
    at ActorDetailsComponent_Template (http://localhost:4200/main.js:714:92)
    at executeTemplate (http://localhost:4200/@fs/home/belal/Documents/personal_projects/movieApp/.angular/cache/19.1.8/movieApp/vite/deps/chunk-6YD6TZZR.js?v=bc2eed0f:11951:5)
    at refreshView (http://localhost:4200/@fs/home/belal/Documents/personal_projects/movieApp/.angular/cache/19.1.8/movieApp/vite/deps/chunk-6YD6TZZR.js?v=bc2eed0f:12968:7)
    at detectChangesInView (http://localhost:4200/@fs/home/belal/Documents/personal_projects/movieApp/.angular/cache/19.1.8/movieApp/vite/deps/chunk-6YD6TZZR.js?v=bc2eed0f:13133:5)
    at detectChangesInViewIfAttached (http://localhost:4200/@fs/home/belal/Documents/personal_projects/movieApp/.angular/cache/19.1.8/movieApp/vite/deps/chunk-6YD6TZZR.js?v=bc2eed0f:13116:3)
    at detectChangesInComponent (http://localhost:4200/@fs/home/belal/Documents/personal_projects/movieApp/.angular/cache/19.1.8/movieApp/vite/deps/chunk-6YD6TZZR.js?v=bc2eed0f:13110:3)
    at detectChangesInChildComponents (http://localhost:4200/@fs/home/belal/Documents/personal_projects/movieApp/.angular/cache/19.1.8/movieApp/vite/deps/chunk-6YD6TZZR.js?v=bc2eed0f:13154:5)
    at refreshView (http://localhost:4200/@fs/home/belal/Documents/personal_projects/movieApp/.angular/cache/19.1.8/movieApp/vite/deps/chunk-6YD6TZZR.js?v=bc2eed0f:13027:7)
    at detectChangesInView (http://localhost:4200/@fs/home/belal/Documents/personal_projects/movieApp/.angular/cache/19.1.8/movieApp/vite/deps/chunk-6YD6TZZR.js?v=bc2eed0f:13133:5)
    at detectChangesInViewIfAttached (http://localhost:4200/@fs/home/belal/Documents/personal_projects/movieApp/.angular/cache/19.1.8/movieApp/vite/deps/chunk-6YD6TZZR.js?v=bc2eed0f:13116:3) @ http://localhost:4200/@fs/home/belal/Documents/personal_projects/movieApp/.angular/cache/19.1.8/movieApp/vite/deps/chunk-6YD6TZZR.js?v=bc2eed0f:8739
[      96ms] [ERROR] ERROR TypeError: Cannot read properties of undefined (reading 'profile_path')
    at ActorDetailsComponent_Template (http://localhost:4200/main.js:714:92)
    at executeTemplate (http://localhost:4200/@fs/home/belal/Documents/personal_projects/movieApp/.angular/cache/19.1.8/movieApp/vite/deps/chunk-6YD6TZZR.js?v=bc2eed0f:11951:5)
    at refreshView (http://localhost:4200/@fs/home/belal/Documents/personal_projects/movieApp/.angular/cache/19.1.8/movieApp/vite/deps/chunk-6YD6TZZR.js?v=bc2eed0f:12968:7)
    at detectChangesInView (http://localhost:4200/@fs/home/belal/Documents/personal_projects/movieApp/.angular/cache/19.1.8/movieApp/vite/deps/chunk-6YD6TZZR.js?v=bc2eed0f:13133:5)
    at detectChangesInViewIfAttached (http://localhost:4200/@fs/home/belal/Documents/personal_projects/movieApp/.angular/cache/19.1.8/movieApp/vite/deps/chunk-6YD6TZZR.js?v=bc2eed0f:13116:3)
    at detectChangesInComponent (http://localhost:4200/@fs/home/belal/Documents/personal_projects/movieApp/.angular/cache/19.1.8/movieApp/vite/deps/chunk-6YD6TZZR.js?v=bc2eed0f:13110:3)
    at detectChangesInChildComponents (http://localhost:4200/@fs/home/belal/Documents/personal_projects/movieApp/.angular/cache/19.1.8/movieApp/vite/deps/chunk-6YD6TZZR.js?v=bc2eed0f:13154:5)
    at refreshView (http://localhost:4200/@fs/home/belal/Documents/personal_projects/movieApp/.angular/cache/19.1.8/movieApp/vite/deps/chunk-6YD6TZZR.js?v=bc2eed0f:13027:7)
    at detectChangesInView (http://localhost:4200/@fs/home/belal/Documents/personal_projects/movieApp/.angular/cache/19.1.8/movieApp/vite/deps/chunk-6YD6TZZR.js?v=bc2eed0f:13133:5)
    at detectChangesInViewIfAttached (http://localhost:4200/@fs/home/belal/Documents/personal_projects/movieApp/.angular/cache/19.1.8/movieApp/vite/deps/chunk-6YD6TZZR.js?v=bc2eed0f:13116:3) @ http://localhost:4200/@fs/home/belal/Documents/personal_projects/movieApp/.angular/cache/19.1.8/movieApp/vite/deps/chunk-6YD6TZZR.js?v=bc2eed0f:8739
[     104ms] [ERROR] ERROR TypeError: Cannot read properties of undefined (reading 'profile_path')
    at ActorDetailsComponent_Template (http://localhost:4200/main.js:714:92)
    at executeTemplate (http://localhost:4200/@fs/home/belal/Documents/personal_projects/movieApp/.angular/cache/19.1.8/movieApp/vite/deps/chunk-6YD6TZZR.js?v=bc2eed0f:11951:5)
    at refreshView (http://localhost:4200/@fs/home/belal/Documents/personal_projects/movieApp/.angular/cache/19.1.8/movieApp/vite/deps/chunk-6YD6TZZR.js?v=bc2eed0f:12968:7)
    at detectChangesInView (http://localhost:4200/@fs/home/belal/Documents/personal_projects/movieApp/.angular/cache/19.1.8/movieApp/vite/deps/chunk-6YD6TZZR.js?v=bc2eed0f:13133:5)
    at detectChangesInViewIfAttached (http://localhost:4200/@fs/home/belal/Documents/personal_projects/movieApp/.angular/cache/19.1.8/movieApp/vite/deps/chunk-6YD6TZZR.js?v=bc2eed0f:13116:3)
    at detectChangesInComponent (http://localhost:4200/@fs/home/belal/Documents/personal_projects/movieApp/.angular/cache/19.1.8/movieApp/vite/deps/chunk-6YD6TZZR.js?v=bc2eed0f:13110:3)
    at detectChangesInChildComponents (http://localhost:4200/@fs/home/belal/Documents/personal_projects/movieApp/.angular/cache/19.1.8/movieApp/vite/deps/chunk-6YD6TZZR.js?v=bc2eed0f:13154:5)
    at refreshView (http://localhost:4200/@fs/home/belal/Documents/personal_projects/movieApp/.angular/cache/19.1.8/movieApp/vite/deps/chunk-6YD6TZZR.js?v=bc2eed0f:13027:7)
    at detectChangesInView (http://localhost:4200/@fs/home/belal/Documents/personal_projects/movieApp/.angular/cache/19.1.8/movieApp/vite/deps/chunk-6YD6TZZR.js?v=bc2eed0f:13133:5)
    at detectChangesInViewIfAttached (http://localhost:4200/@fs/home/belal/Documents/personal_projects/movieApp/.angular/cache/19.1.8/movieApp/vite/deps/chunk-6YD6TZZR.js?v=bc2eed0f:13116:3) @ http://localhost:4200/@fs/home/belal/Documents/personal_projects/movieApp/.angular/cache/19.1.8/movieApp/vite/deps/chunk-6YD6TZZR.js?v=bc2eed0f:8739
[     228ms] [ERROR] ERROR TypeError: Cannot read properties of undefined (reading 'profile_path')
    at ActorDetailsComponent_Template (http://localhost:4200/main.js:714:92)
    at executeTemplate (http://localhost:4200/@fs/home/belal/Documents/personal_projects/movieApp/.angular/cache/19.1.8/movieApp/vite/deps/chunk-6YD6TZZR.js?v=bc2eed0f:11951:5)
    at refreshView (http://localhost:4200/@fs/home/belal/Documents/personal_projects/movieApp/.angular/cache/19.1.8/movieApp/vite/deps/chunk-6YD6TZZR.js?v=bc2eed0f:12968:7)
    at detectChangesInView (http://localhost:4200/@fs/home/belal/Documents/personal_projects/movieApp/.angular/cache/19.1.8/movieApp/vite/deps/chunk-6YD6TZZR.js?v=bc2eed0f:13133:5)
    at detectChangesInViewIfAttached (http://localhost:4200/@fs/home/belal/Documents/personal_projects/movieApp/.angular/cache/19.1.8/movieApp/vite/deps/chunk-6YD6TZZR.js?v=bc2eed0f:13116:3)
    at detectChangesInComponent (http://localhost:4200/@fs/home/belal/Documents/personal_projects/movieApp/.angular/cache/19.1.8/movieApp/vite/deps/chunk-6YD6TZZR.js?v=bc2eed0f:13110:3)
    at detectChangesInChildComponents (http://localhost:4200/@fs/home/belal/Documents/personal_projects/movieApp/.angular/cache/19.1.8/movieApp/vite/deps/chunk-6YD6TZZR.js?v=bc2eed0f:13154:5)
    at refreshView (http://localhost:4200/@fs/home/belal/Documents/personal_projects/movieApp/.angular/cache/19.1.8/movieApp/vite/deps/chunk-6YD6TZZR.js?v=bc2eed0f:13027:7)
    at detectChangesInView (http://localhost:4200/@fs/home/belal/Documents/personal_projects/movieApp/.angular/cache/19.1.8/movieApp/vite/deps/chunk-6YD6TZZR.js?v=bc2eed0f:13133:5)
    at detectChangesInViewIfAttached (http://localhost:4200/@fs/home/belal/Documents/personal_projects/movieApp/.angular/cache/19.1.8/movieApp/vite/deps/chunk-6YD6TZZR.js?v=bc2eed0f:13116:3) @ http://localhost:4200/@fs/home/belal/Documents/personal_projects/movieApp/.angular/cache/19.1.8/movieApp/vite/deps/chunk-6YD6TZZR.js?v=bc2eed0f:8739
[     229ms] [LOG] {adult: false, also_known_as: Array(7), biography: Samuel Henry John Worthington (born 2 August 1976)…CC-BY-SA, full list of contributors on Wikipedia., birthday: 1976-08-02, deathday: null} @ http://localhost:4200/main.js:669
[   91952ms] [LOG] Angular is running in development mode. @ http://localhost:4200/@fs/home/belal/Documents/personal_projects/movieApp/.angular/cache/19.1.8/movieApp/vite/deps/chunk-6YD6TZZR.js?v=bc2eed0f:17826
[   91961ms] [ERROR] ERROR TypeError: Cannot read properties of undefined (reading 'profile_path')
    at ActorDetailsComponent_Template (http://localhost:4200/main.js:714:92)
    at executeTemplate (http://localhost:4200/@fs/home/belal/Documents/personal_projects/movieApp/.angular/cache/19.1.8/movieApp/vite/deps/chunk-6YD6TZZR.js?v=bc2eed0f:11951:5)
    at refreshView (http://localhost:4200/@fs/home/belal/Documents/personal_projects/movieApp/.angular/cache/19.1.8/movieApp/vite/deps/chunk-6YD6TZZR.js?v=bc2eed0f:12968:7)
    at detectChangesInView (http://localhost:4200/@fs/home/belal/Documents/personal_projects/movieApp/.angular/cache/19.1.8/movieApp/vite/deps/chunk-6YD6TZZR.js?v=bc2eed0f:13133:5)
    at detectChangesInViewIfAttached (http://localhost:4200/@fs/home/belal/Documents/personal_projects/movieApp/.angular/cache/19.1.8/movieApp/vite/deps/chunk-6YD6TZZR.js?v=bc2eed0f:13116:3)
    at detectChangesInComponent (http://localhost:4200/@fs/home/belal/Documents/personal_projects/movieApp/.angular/cache/19.1.8/movieApp/vite/deps/chunk-6YD6TZZR.js?v=bc2eed0f:13110:3)
    at detectChangesInChildComponents (http://localhost:4200/@fs/home/belal/Documents/personal_projects/movieApp/.angular/cache/19.1.8/movieApp/vite/deps/chunk-6YD6TZZR.js?v=bc2eed0f:13154:5)
    at refreshView (http://localhost:4200/@fs/home/belal/Documents/personal_projects/movieApp/.angular/cache/19.1.8/movieApp/vite/deps/chunk-6YD6TZZR.js?v=bc2eed0f:13027:7)
    at detectChangesInView (http://localhost:4200/@fs/home/belal/Documents/personal_projects/movieApp/.angular/cache/19.1.8/movieApp/vite/deps/chunk-6YD6TZZR.js?v=bc2eed0f:13133:5)
    at detectChangesInViewIfAttached (http://localhost:4200/@fs/home/belal/Documents/personal_projects/movieApp/.angular/cache/19.1.8/movieApp/vite/deps/chunk-6YD6TZZR.js?v=bc2eed0f:13116:3) @ http://localhost:4200/@fs/home/belal/Documents/personal_projects/movieApp/.angular/cache/19.1.8/movieApp/vite/deps/chunk-6YD6TZZR.js?v=bc2eed0f:8739
[   91974ms] [ERROR] ERROR TypeError: Cannot read properties of undefined (reading 'profile_path')
    at ActorDetailsComponent_Template (http://localhost:4200/main.js:714:92)
    at executeTemplate (http://localhost:4200/@fs/home/belal/Documents/personal_projects/movieApp/.angular/cache/19.1.8/movieApp/vite/deps/chunk-6YD6TZZR.js?v=bc2eed0f:11951:5)
    at refreshView (http://localhost:4200/@fs/home/belal/Documents/personal_projects/movieApp/.angular/cache/19.1.8/movieApp/vite/deps/chunk-6YD6TZZR.js?v=bc2eed0f:12968:7)
    at detectChangesInView (http://localhost:4200/@fs/home/belal/Documents/personal_projects/movieApp/.angular/cache/19.1.8/movieApp/vite/deps/chunk-6YD6TZZR.js?v=bc2eed0f:13133:5)
    at detectChangesInViewIfAttached (http://localhost:4200/@fs/home/belal/Documents/personal_projects/movieApp/.angular/cache/19.1.8/movieApp/vite/deps/chunk-6YD6TZZR.js?v=bc2eed0f:13116:3)
    at detectChangesInComponent (http://localhost:4200/@fs/home/belal/Documents/personal_projects/movieApp/.angular/cache/19.1.8/movieApp/vite/deps/chunk-6YD6TZZR.js?v=bc2eed0f:13110:3)
    at detectChangesInChildComponents (http://localhost:4200/@fs/home/belal/Documents/personal_projects/movieApp/.angular/cache/19.1.8/movieApp/vite/deps/chunk-6YD6TZZR.js?v=bc2eed0f:13154:5)
    at refreshView (http://localhost:4200/@fs/home/belal/Documents/personal_projects/movieApp/.angular/cache/19.1.8/movieApp/vite/deps/chunk-6YD6TZZR.js?v=bc2eed0f:13027:7)
    at detectChangesInView (http://localhost:4200/@fs/home/belal/Documents/personal_projects/movieApp/.angular/cache/19.1.8/movieApp/vite/deps/chunk-6YD6TZZR.js?v=bc2eed0f:13133:5)
    at detectChangesInViewIfAttached (http://localhost:4200/@fs/home/belal/Documents/personal_projects/movieApp/.angular/cache/19.1.8/movieApp/vite/deps/chunk-6YD6TZZR.js?v=bc2eed0f:13116:3) @ http://localhost:4200/@fs/home/belal/Documents/personal_projects/movieApp/.angular/cache/19.1.8/movieApp/vite/deps/chunk-6YD6TZZR.js?v=bc2eed0f:8739
[   91976ms] [ERROR] ERROR TypeError: Cannot read properties of undefined (reading 'profile_path')
    at ActorDetailsComponent_Template (http://localhost:4200/main.js:714:92)
    at executeTemplate (http://localhost:4200/@fs/home/belal/Documents/personal_projects/movieApp/.angular/cache/19.1.8/movieApp/vite/deps/chunk-6YD6TZZR.js?v=bc2eed0f:11951:5)
    at refreshView (http://localhost:4200/@fs/home/belal/Documents/personal_projects/movieApp/.angular/cache/19.1.8/movieApp/vite/deps/chunk-6YD6TZZR.js?v=bc2eed0f:12968:7)
    at detectChangesInView (http://localhost:4200/@fs/home/belal/Documents/personal_projects/movieApp/.angular/cache/19.1.8/movieApp/vite/deps/chunk-6YD6TZZR.js?v=bc2eed0f:13133:5)
    at detectChangesInViewIfAttached (http://localhost:4200/@fs/home/belal/Documents/personal_projects/movieApp/.angular/cache/19.1.8/movieApp/vite/deps/chunk-6YD6TZZR.js?v=bc2eed0f:13116:3)
    at detectChangesInComponent (http://localhost:4200/@fs/home/belal/Documents/personal_projects/movieApp/.angular/cache/19.1.8/movieApp/vite/deps/chunk-6YD6TZZR.js?v=bc2eed0f:13110:3)
    at detectChangesInChildComponents (http://localhost:4200/@fs/home/belal/Documents/personal_projects/movieApp/.angular/cache/19.1.8/movieApp/vite/deps/chunk-6YD6TZZR.js?v=bc2eed0f:13154:5)
    at refreshView (http://localhost:4200/@fs/home/belal/Documents/personal_projects/movieApp/.angular/cache/19.1.8/movieApp/vite/deps/chunk-6YD6TZZR.js?v=bc2eed0f:13027:7)
    at detectChangesInView (http://localhost:4200/@fs/home/belal/Documents/personal_projects/movieApp/.angular/cache/19.1.8/movieApp/vite/deps/chunk-6YD6TZZR.js?v=bc2eed0f:13133:5)
    at detectChangesInViewIfAttached (http://localhost:4200/@fs/home/belal/Documents/personal_projects/movieApp/.angular/cache/19.1.8/movieApp/vite/deps/chunk-6YD6TZZR.js?v=bc2eed0f:13116:3) @ http://localhost:4200/@fs/home/belal/Documents/personal_projects/movieApp/.angular/cache/19.1.8/movieApp/vite/deps/chunk-6YD6TZZR.js?v=bc2eed0f:8739
[   91984ms] [ERROR] ERROR TypeError: Cannot read properties of undefined (reading 'profile_path')
    at ActorDetailsComponent_Template (http://localhost:4200/main.js:714:92)
    at executeTemplate (http://localhost:4200/@fs/home/belal/Documents/personal_projects/movieApp/.angular/cache/19.1.8/movieApp/vite/deps/chunk-6YD6TZZR.js?v=bc2eed0f:11951:5)
    at refreshView (http://localhost:4200/@fs/home/belal/Documents/personal_projects/movieApp/.angular/cache/19.1.8/movieApp/vite/deps/chunk-6YD6TZZR.js?v=bc2eed0f:12968:7)
    at detectChangesInView (http://localhost:4200/@fs/home/belal/Documents/personal_projects/movieApp/.angular/cache/19.1.8/movieApp/vite/deps/chunk-6YD6TZZR.js?v=bc2eed0f:13133:5)
    at detectChangesInViewIfAttached (http://localhost:4200/@fs/home/belal/Documents/personal_projects/movieApp/.angular/cache/19.1.8/movieApp/vite/deps/chunk-6YD6TZZR.js?v=bc2eed0f:13116:3)
    at detectChangesInComponent (http://localhost:4200/@fs/home/belal/Documents/personal_projects/movieApp/.angular/cache/19.1.8/movieApp/vite/deps/chunk-6YD6TZZR.js?v=bc2eed0f:13110:3)
    at detectChangesInChildComponents (http://localhost:4200/@fs/home/belal/Documents/personal_projects/movieApp/.angular/cache/19.1.8/movieApp/vite/deps/chunk-6YD6TZZR.js?v=bc2eed0f:13154:5)
    at refreshView (http://localhost:4200/@fs/home/belal/Documents/personal_projects/movieApp/.angular/cache/19.1.8/movieApp/vite/deps/chunk-6YD6TZZR.js?v=bc2eed0f:13027:7)
    at detectChangesInView (http://localhost:4200/@fs/home/belal/Documents/personal_projects/movieApp/.angular/cache/19.1.8/movieApp/vite/deps/chunk-6YD6TZZR.js?v=bc2eed0f:13133:5)
    at detectChangesInViewIfAttached (http://localhost:4200/@fs/home/belal/Documents/personal_projects/movieApp/.angular/cache/19.1.8/movieApp/vite/deps/chunk-6YD6TZZR.js?v=bc2eed0f:13116:3) @ http://localhost:4200/@fs/home/belal/Documents/personal_projects/movieApp/.angular/cache/19.1.8/movieApp/vite/deps/chunk-6YD6TZZR.js?v=bc2eed0f:8739
[   91985ms] [LOG] {adult: false, also_known_as: Array(7), biography: Samuel Henry John Worthington (born 2 August 1976)…CC-BY-SA, full list of contributors on Wikipedia., birthday: 1976-08-02, deathday: null} @ http://localhost:4200/main.js:669
[   93984ms] [LOG] Angular is running in development mode. @ http://localhost:4200/@fs/home/belal/Documents/personal_projects/movieApp/.angular/cache/19.1.8/movieApp/vite/deps/chunk-6YD6TZZR.js?v=bc2eed0f:17826
[   93997ms] [ERROR] ERROR TypeError: Cannot read properties of undefined (reading 'profile_path')
    at ActorDetailsComponent_Template (http://localhost:4200/main.js:714:92)
    at executeTemplate (http://localhost:4200/@fs/home/belal/Documents/personal_projects/movieApp/.angular/cache/19.1.8/movieApp/vite/deps/chunk-6YD6TZZR.js?v=bc2eed0f:11951:5)
    at refreshView (http://localhost:4200/@fs/home/belal/Documents/personal_projects/movieApp/.angular/cache/19.1.8/movieApp/vite/deps/chunk-6YD6TZZR.js?v=bc2eed0f:12968:7)
    at detectChangesInView (http://localhost:4200/@fs/home/belal/Documents/personal_projects/movieApp/.angular/cache/19.1.8/movieApp/vite/deps/chunk-6YD6TZZR.js?v=bc2eed0f:13133:5)
    at detectChangesInViewIfAttached (http://localhost:4200/@fs/home/belal/Documents/personal_projects/movieApp/.angular/cache/19.1.8/movieApp/vite/deps/chunk-6YD6TZZR.js?v=bc2eed0f:13116:3)
    at detectChangesInComponent (http://localhost:4200/@fs/home/belal/Documents/personal_projects/movieApp/.angular/cache/19.1.8/movieApp/vite/deps/chunk-6YD6TZZR.js?v=bc2eed0f:13110:3)
    at detectChangesInChildComponents (http://localhost:4200/@fs/home/belal/Documents/personal_projects/movieApp/.angular/cache/19.1.8/movieApp/vite/deps/chunk-6YD6TZZR.js?v=bc2eed0f:13154:5)
    at refreshView (http://localhost:4200/@fs/home/belal/Documents/personal_projects/movieApp/.angular/cache/19.1.8/movieApp/vite/deps/chunk-6YD6TZZR.js?v=bc2eed0f:13027:7)
    at detectChangesInView (http://localhost:4200/@fs/home/belal/Documents/personal_projects/movieApp/.angular/cache/19.1.8/movieApp/vite/deps/chunk-6YD6TZZR.js?v=bc2eed0f:13133:5)
    at detectChangesInViewIfAttached (http://localhost:4200/@fs/home/belal/Documents/personal_projects/movieApp/.angular/cache/19.1.8/movieApp/vite/deps/chunk-6YD6TZZR.js?v=bc2eed0f:13116:3) @ http://localhost:4200/@fs/home/belal/Documents/personal_projects/movieApp/.angular/cache/19.1.8/movieApp/vite/deps/chunk-6YD6TZZR.js?v=bc2eed0f:8739
[   94013ms] [ERROR] ERROR TypeError: Cannot read properties of undefined (reading 'profile_path')
    at ActorDetailsComponent_Template (http://localhost:4200/main.js:714:92)
    at executeTemplate (http://localhost:4200/@fs/home/belal/Documents/personal_projects/movieApp/.angular/cache/19.1.8/movieApp/vite/deps/chunk-6YD6TZZR.js?v=bc2eed0f:11951:5)
    at refreshView (http://localhost:4200/@fs/home/belal/Documents/personal_projects/movieApp/.angular/cache/19.1.8/movieApp/vite/deps/chunk-6YD6TZZR.js?v=bc2eed0f:12968:7)
    at detectChangesInView (http://localhost:4200/@fs/home/belal/Documents/personal_projects/movieApp/.angular/cache/19.1.8/movieApp/vite/deps/chunk-6YD6TZZR.js?v=bc2eed0f:13133:5)
    at detectChangesInViewIfAttached (http://localhost:4200/@fs/home/belal/Documents/personal_projects/movieApp/.angular/cache/19.1.8/movieApp/vite/deps/chunk-6YD6TZZR.js?v=bc2eed0f:13116:3)
    at detectChangesInComponent (http://localhost:4200/@fs/home/belal/Documents/personal_projects/movieApp/.angular/cache/19.1.8/movieApp/vite/deps/chunk-6YD6TZZR.js?v=bc2eed0f:13110:3)
    at detectChangesInChildComponents (http://localhost:4200/@fs/home/belal/Documents/personal_projects/movieApp/.angular/cache/19.1.8/movieApp/vite/deps/chunk-6YD6TZZR.js?v=bc2eed0f:13154:5)
    at refreshView (http://localhost:4200/@fs/home/belal/Documents/personal_projects/movieApp/.angular/cache/19.1.8/movieApp/vite/deps/chunk-6YD6TZZR.js?v=bc2eed0f:13027:7)
    at detectChangesInView (http://localhost:4200/@fs/home/belal/Documents/personal_projects/movieApp/.angular/cache/19.1.8/movieApp/vite/deps/chunk-6YD6TZZR.js?v=bc2eed0f:13133:5)
    at detectChangesInViewIfAttached (http://localhost:4200/@fs/home/belal/Documents/personal_projects/movieApp/.angular/cache/19.1.8/movieApp/vite/deps/chunk-6YD6TZZR.js?v=bc2eed0f:13116:3) @ http://localhost:4200/@fs/home/belal/Documents/personal_projects/movieApp/.angular/cache/19.1.8/movieApp/vite/deps/chunk-6YD6TZZR.js?v=bc2eed0f:8739
[   94015ms] [ERROR] ERROR TypeError: Cannot read properties of undefined (reading 'profile_path')
    at ActorDetailsComponent_Template (http://localhost:4200/main.js:714:92)
    at executeTemplate (http://localhost:4200/@fs/home/belal/Documents/personal_projects/movieApp/.angular/cache/19.1.8/movieApp/vite/deps/chunk-6YD6TZZR.js?v=bc2eed0f:11951:5)
    at refreshView (http://localhost:4200/@fs/home/belal/Documents/personal_projects/movieApp/.angular/cache/19.1.8/movieApp/vite/deps/chunk-6YD6TZZR.js?v=bc2eed0f:12968:7)
    at detectChangesInView (http://localhost:4200/@fs/home/belal/Documents/personal_projects/movieApp/.angular/cache/19.1.8/movieApp/vite/deps/chunk-6YD6TZZR.js?v=bc2eed0f:13133:5)
    at detectChangesInViewIfAttached (http://localhost:4200/@fs/home/belal/Documents/personal_projects/movieApp/.angular/cache/19.1.8/movieApp/vite/deps/chunk-6YD6TZZR.js?v=bc2eed0f:13116:3)
    at detectChangesInComponent (http://localhost:4200/@fs/home/belal/Documents/personal_projects/movieApp/.angular/cache/19.1.8/movieApp/vite/deps/chunk-6YD6TZZR.js?v=bc2eed0f:13110:3)
    at detectChangesInChildComponents (http://localhost:4200/@fs/home/belal/Documents/personal_projects/movieApp/.angular/cache/19.1.8/movieApp/vite/deps/chunk-6YD6TZZR.js?v=bc2eed0f:13154:5)
    at refreshView (http://localhost:4200/@fs/home/belal/Documents/personal_projects/movieApp/.angular/cache/19.1.8/movieApp/vite/deps/chunk-6YD6TZZR.js?v=bc2eed0f:13027:7)
    at detectChangesInView (http://localhost:4200/@fs/home/belal/Documents/personal_projects/movieApp/.angular/cache/19.1.8/movieApp/vite/deps/chunk-6YD6TZZR.js?v=bc2eed0f:13133:5)
    at detectChangesInViewIfAttached (http://localhost:4200/@fs/home/belal/Documents/personal_projects/movieApp/.angular/cache/19.1.8/movieApp/vite/deps/chunk-6YD6TZZR.js?v=bc2eed0f:13116:3) @ http://localhost:4200/@fs/home/belal/Documents/personal_projects/movieApp/.angular/cache/19.1.8/movieApp/vite/deps/chunk-6YD6TZZR.js?v=bc2eed0f:8739
[   94026ms] [ERROR] ERROR TypeError: Cannot read properties of undefined (reading 'profile_path')
    at ActorDetailsComponent_Template (http://localhost:4200/main.js:714:92)
    at executeTemplate (http://localhost:4200/@fs/home/belal/Documents/personal_projects/movieApp/.angular/cache/19.1.8/movieApp/vite/deps/chunk-6YD6TZZR.js?v=bc2eed0f:11951:5)
    at refreshView (http://localhost:4200/@fs/home/belal/Documents/personal_projects/movieApp/.angular/cache/19.1.8/movieApp/vite/deps/chunk-6YD6TZZR.js?v=bc2eed0f:12968:7)
    at detectChangesInView (http://localhost:4200/@fs/home/belal/Documents/personal_projects/movieApp/.angular/cache/19.1.8/movieApp/vite/deps/chunk-6YD6TZZR.js?v=bc2eed0f:13133:5)
    at detectChangesInViewIfAttached (http://localhost:4200/@fs/home/belal/Documents/personal_projects/movieApp/.angular/cache/19.1.8/movieApp/vite/deps/chunk-6YD6TZZR.js?v=bc2eed0f:13116:3)
    at detectChangesInComponent (http://localhost:4200/@fs/home/belal/Documents/personal_projects/movieApp/.angular/cache/19.1.8/movieApp/vite/deps/chunk-6YD6TZZR.js?v=bc2eed0f:13110:3)
    at detectChangesInChildComponents (http://localhost:4200/@fs/home/belal/Documents/personal_projects/movieApp/.angular/cache/19.1.8/movieApp/vite/deps/chunk-6YD6TZZR.js?v=bc2eed0f:13154:5)
    at refreshView (http://localhost:4200/@fs/home/belal/Documents/personal_projects/movieApp/.angular/cache/19.1.8/movieApp/vite/deps/chunk-6YD6TZZR.js?v=bc2eed0f:13027:7)
    at detectChangesInView (http://localhost:4200/@fs/home/belal/Documents/personal_projects/movieApp/.angular/cache/19.1.8/movieApp/vite/deps/chunk-6YD6TZZR.js?v=bc2eed0f:13133:5)
    at detectChangesInViewIfAttached (http://localhost:4200/@fs/home/belal/Documents/personal_projects/movieApp/.angular/cache/19.1.8/movieApp/vite/deps/chunk-6YD6TZZR.js?v=bc2eed0f:13116:3) @ http://localhost:4200/@fs/home/belal/Documents/personal_projects/movieApp/.angular/cache/19.1.8/movieApp/vite/deps/chunk-6YD6TZZR.js?v=bc2eed0f:8739
[   94028ms] [LOG] {adult: false, also_known_as: Array(7), biography: Samuel Henry John Worthington (born 2 August 1976)…CC-BY-SA, full list of contributors on Wikipedia., birthday: 1976-08-02, deathday: null} @ http://localhost:4200/main.js:669
[  104642ms] [LOG] Angular is running in development mode. @ http://localhost:4200/@fs/home/belal/Documents/personal_projects/movieApp/.angular/cache/19.1.8/movieApp/vite/deps/chunk-UTC3K43W.js?v=d621c316:17869
[  104656ms] [ERROR] ERROR TypeError: Cannot read properties of undefined (reading 'profile_path')
    at ActorDetailsComponent_Template (http://localhost:4200/main.js:714:92)
    at executeTemplate (http://localhost:4200/@fs/home/belal/Documents/personal_projects/movieApp/.angular/cache/19.1.8/movieApp/vite/deps/chunk-UTC3K43W.js?v=d621c316:11994:5)
    at refreshView (http://localhost:4200/@fs/home/belal/Documents/personal_projects/movieApp/.angular/cache/19.1.8/movieApp/vite/deps/chunk-UTC3K43W.js?v=d621c316:13011:7)
    at detectChangesInView (http://localhost:4200/@fs/home/belal/Documents/personal_projects/movieApp/.angular/cache/19.1.8/movieApp/vite/deps/chunk-UTC3K43W.js?v=d621c316:13176:5)
    at detectChangesInViewIfAttached (http://localhost:4200/@fs/home/belal/Documents/personal_projects/movieApp/.angular/cache/19.1.8/movieApp/vite/deps/chunk-UTC3K43W.js?v=d621c316:13159:3)
    at detectChangesInComponent (http://localhost:4200/@fs/home/belal/Documents/personal_projects/movieApp/.angular/cache/19.1.8/movieApp/vite/deps/chunk-UTC3K43W.js?v=d621c316:13153:3)
    at detectChangesInChildComponents (http://localhost:4200/@fs/home/belal/Documents/personal_projects/movieApp/.angular/cache/19.1.8/movieApp/vite/deps/chunk-UTC3K43W.js?v=d621c316:13197:5)
    at refreshView (http://localhost:4200/@fs/home/belal/Documents/personal_projects/movieApp/.angular/cache/19.1.8/movieApp/vite/deps/chunk-UTC3K43W.js?v=d621c316:13070:7)
    at detectChangesInView (http://localhost:4200/@fs/home/belal/Documents/personal_projects/movieApp/.angular/cache/19.1.8/movieApp/vite/deps/chunk-UTC3K43W.js?v=d621c316:13176:5)
    at detectChangesInViewIfAttached (http://localhost:4200/@fs/home/belal/Documents/personal_projects/movieApp/.angular/cache/19.1.8/movieApp/vite/deps/chunk-UTC3K43W.js?v=d621c316:13159:3) @ http://localhost:4200/@fs/home/belal/Documents/personal_projects/movieApp/.angular/cache/19.1.8/movieApp/vite/deps/chunk-UTC3K43W.js?v=d621c316:8782
[  104667ms] [ERROR] ERROR TypeError: Cannot read properties of undefined (reading 'profile_path')
    at ActorDetailsComponent_Template (http://localhost:4200/main.js:714:92)
    at executeTemplate (http://localhost:4200/@fs/home/belal/Documents/personal_projects/movieApp/.angular/cache/19.1.8/movieApp/vite/deps/chunk-UTC3K43W.js?v=d621c316:11994:5)
    at refreshView (http://localhost:4200/@fs/home/belal/Documents/personal_projects/movieApp/.angular/cache/19.1.8/movieApp/vite/deps/chunk-UTC3K43W.js?v=d621c316:13011:7)
    at detectChangesInView (http://localhost:4200/@fs/home/belal/Documents/personal_projects/movieApp/.angular/cache/19.1.8/movieApp/vite/deps/chunk-UTC3K43W.js?v=d621c316:13176:5)
    at detectChangesInViewIfAttached (http://localhost:4200/@fs/home/belal/Documents/personal_projects/movieApp/.angular/cache/19.1.8/movieApp/vite/deps/chunk-UTC3K43W.js?v=d621c316:13159:3)
    at detectChangesInComponent (http://localhost:4200/@fs/home/belal/Documents/personal_projects/movieApp/.angular/cache/19.1.8/movieApp/vite/deps/chunk-UTC3K43W.js?v=d621c316:13153:3)
    at detectChangesInChildComponents (http://localhost:4200/@fs/home/belal/Documents/personal_projects/movieApp/.angular/cache/19.1.8/movieApp/vite/deps/chunk-UTC3K43W.js?v=d621c316:13197:5)
    at refreshView (http://localhost:4200/@fs/home/belal/Documents/personal_projects/movieApp/.angular/cache/19.1.8/movieApp/vite/deps/chunk-UTC3K43W.js?v=d621c316:13070:7)
    at detectChangesInView (http://localhost:4200/@fs/home/belal/Documents/personal_projects/movieApp/.angular/cache/19.1.8/movieApp/vite/deps/chunk-UTC3K43W.js?v=d621c316:13176:5)
    at detectChangesInViewIfAttached (http://localhost:4200/@fs/home/belal/Documents/personal_projects/movieApp/.angular/cache/19.1.8/movieApp/vite/deps/chunk-UTC3K43W.js?v=d621c316:13159:3) @ http://localhost:4200/@fs/home/belal/Documents/personal_projects/movieApp/.angular/cache/19.1.8/movieApp/vite/deps/chunk-UTC3K43W.js?v=d621c316:8782
[  104669ms] [ERROR] ERROR TypeError: Cannot read properties of undefined (reading 'profile_path')
    at ActorDetailsComponent_Template (http://localhost:4200/main.js:714:92)
    at executeTemplate (http://localhost:4200/@fs/home/belal/Documents/personal_projects/movieApp/.angular/cache/19.1.8/movieApp/vite/deps/chunk-UTC3K43W.js?v=d621c316:11994:5)
    at refreshView (http://localhost:4200/@fs/home/belal/Documents/personal_projects/movieApp/.angular/cache/19.1.8/movieApp/vite/deps/chunk-UTC3K43W.js?v=d621c316:13011:7)
    at detectChangesInView (http://localhost:4200/@fs/home/belal/Documents/personal_projects/movieApp/.angular/cache/19.1.8/movieApp/vite/deps/chunk-UTC3K43W.js?v=d621c316:13176:5)
    at detectChangesInViewIfAttached (http://localhost:4200/@fs/home/belal/Documents/personal_projects/movieApp/.angular/cache/19.1.8/movieApp/vite/deps/chunk-UTC3K43W.js?v=d621c316:13159:3)
    at detectChangesInComponent (http://localhost:4200/@fs/home/belal/Documents/personal_projects/movieApp/.angular/cache/19.1.8/movieApp/vite/deps/chunk-UTC3K43W.js?v=d621c316:13153:3)
    at detectChangesInChildComponents (http://localhost:4200/@fs/home/belal/Documents/personal_projects/movieApp/.angular/cache/19.1.8/movieApp/vite/deps/chunk-UTC3K43W.js?v=d621c316:13197:5)
    at refreshView (http://localhost:4200/@fs/home/belal/Documents/personal_projects/movieApp/.angular/cache/19.1.8/movieApp/vite/deps/chunk-UTC3K43W.js?v=d621c316:13070:7)
    at detectChangesInView (http://localhost:4200/@fs/home/belal/Documents/personal_projects/movieApp/.angular/cache/19.1.8/movieApp/vite/deps/chunk-UTC3K43W.js?v=d621c316:13176:5)
    at detectChangesInViewIfAttached (http://localhost:4200/@fs/home/belal/Documents/personal_projects/movieApp/.angular/cache/19.1.8/movieApp/vite/deps/chunk-UTC3K43W.js?v=d621c316:13159:3) @ http://localhost:4200/@fs/home/belal/Documents/personal_projects/movieApp/.angular/cache/19.1.8/movieApp/vite/deps/chunk-UTC3K43W.js?v=d621c316:8782
[  104681ms] [ERROR] ERROR TypeError: Cannot read properties of undefined (reading 'profile_path')
    at ActorDetailsComponent_Template (http://localhost:4200/main.js:714:92)
    at executeTemplate (http://localhost:4200/@fs/home/belal/Documents/personal_projects/movieApp/.angular/cache/19.1.8/movieApp/vite/deps/chunk-UTC3K43W.js?v=d621c316:11994:5)
    at refreshView (http://localhost:4200/@fs/home/belal/Documents/personal_projects/movieApp/.angular/cache/19.1.8/movieApp/vite/deps/chunk-UTC3K43W.js?v=d621c316:13011:7)
    at detectChangesInView (http://localhost:4200/@fs/home/belal/Documents/personal_projects/movieApp/.angular/cache/19.1.8/movieApp/vite/deps/chunk-UTC3K43W.js?v=d621c316:13176:5)
    at detectChangesInViewIfAttached (http://localhost:4200/@fs/home/belal/Documents/personal_projects/movieApp/.angular/cache/19.1.8/movieApp/vite/deps/chunk-UTC3K43W.js?v=d621c316:13159:3)
    at detectChangesInComponent (http://localhost:4200/@fs/home/belal/Documents/personal_projects/movieApp/.angular/cache/19.1.8/movieApp/vite/deps/chunk-UTC3K43W.js?v=d621c316:13153:3)
    at detectChangesInChildComponents (http://localhost:4200/@fs/home/belal/Documents/personal_projects/movieApp/.angular/cache/19.1.8/movieApp/vite/deps/chunk-UTC3K43W.js?v=d621c316:13197:5)
    at refreshView (http://localhost:4200/@fs/home/belal/Documents/personal_projects/movieApp/.angular/cache/19.1.8/movieApp/vite/deps/chunk-UTC3K43W.js?v=d621c316:13070:7)
    at detectChangesInView (http://localhost:4200/@fs/home/belal/Documents/personal_projects/movieApp/.angular/cache/19.1.8/movieApp/vite/deps/chunk-UTC3K43W.js?v=d621c316:13176:5)
    at detectChangesInViewIfAttached (http://localhost:4200/@fs/home/belal/Documents/personal_projects/movieApp/.angular/cache/19.1.8/movieApp/vite/deps/chunk-UTC3K43W.js?v=d621c316:13159:3) @ http://localhost:4200/@fs/home/belal/Documents/personal_projects/movieApp/.angular/cache/19.1.8/movieApp/vite/deps/chunk-UTC3K43W.js?v=d621c316:8782
[  104682ms] [LOG] {adult: false, also_known_as: Array(7), biography: Samuel Henry John Worthington (born 2 August 1976)…CC-BY-SA, full list of contributors on Wikipedia., birthday: 1976-08-02, deathday: null} @ http://localhost:4200/main.js:669
[  105305ms] [LOG] Angular is running in development mode. @ http://localhost:4200/@fs/home/belal/Documents/personal_projects/movieApp/.angular/cache/19.1.8/movieApp/vite/deps/chunk-UTC3K43W.js?v=d621c316:17869
[  105319ms] [ERROR] ERROR TypeError: Cannot read properties of undefined (reading 'profile_path')
    at ActorDetailsComponent_Template (http://localhost:4200/main.js:714:92)
    at executeTemplate (http://localhost:4200/@fs/home/belal/Documents/personal_projects/movieApp/.angular/cache/19.1.8/movieApp/vite/deps/chunk-UTC3K43W.js?v=d621c316:11994:5)
    at refreshView (http://localhost:4200/@fs/home/belal/Documents/personal_projects/movieApp/.angular/cache/19.1.8/movieApp/vite/deps/chunk-UTC3K43W.js?v=d621c316:13011:7)
    at detectChangesInView (http://localhost:4200/@fs/home/belal/Documents/personal_projects/movieApp/.angular/cache/19.1.8/movieApp/vite/deps/chunk-UTC3K43W.js?v=d621c316:13176:5)
    at detectChangesInViewIfAttached (http://localhost:4200/@fs/home/belal/Documents/personal_projects/movieApp/.angular/cache/19.1.8/movieApp/vite/deps/chunk-UTC3K43W.js?v=d621c316:13159:3)
    at detectChangesInComponent (http://localhost:4200/@fs/home/belal/Documents/personal_projects/movieApp/.angular/cache/19.1.8/movieApp/vite/deps/chunk-UTC3K43W.js?v=d621c316:13153:3)
    at detectChangesInChildComponents (http://localhost:4200/@fs/home/belal/Documents/personal_projects/movieApp/.angular/cache/19.1.8/movieApp/vite/deps/chunk-UTC3K43W.js?v=d621c316:13197:5)
    at refreshView (http://localhost:4200/@fs/home/belal/Documents/personal_projects/movieApp/.angular/cache/19.1.8/movieApp/vite/deps/chunk-UTC3K43W.js?v=d621c316:13070:7)
    at detectChangesInView (http://localhost:4200/@fs/home/belal/Documents/personal_projects/movieApp/.angular/cache/19.1.8/movieApp/vite/deps/chunk-UTC3K43W.js?v=d621c316:13176:5)
    at detectChangesInViewIfAttached (http://localhost:4200/@fs/home/belal/Documents/personal_projects/movieApp/.angular/cache/19.1.8/movieApp/vite/deps/chunk-UTC3K43W.js?v=d621c316:13159:3) @ http://localhost:4200/@fs/home/belal/Documents/personal_projects/movieApp/.angular/cache/19.1.8/movieApp/vite/deps/chunk-UTC3K43W.js?v=d621c316:8782
[  105372ms] [ERROR] ERROR TypeError: Cannot read properties of undefined (reading 'profile_path')
    at ActorDetailsComponent_Template (http://localhost:4200/main.js:714:92)
    at executeTemplate (http://localhost:4200/@fs/home/belal/Documents/personal_projects/movieApp/.angular/cache/19.1.8/movieApp/vite/deps/chunk-UTC3K43W.js?v=d621c316:11994:5)
    at refreshView (http://localhost:4200/@fs/home/belal/Documents/personal_projects/movieApp/.angular/cache/19.1.8/movieApp/vite/deps/chunk-UTC3K43W.js?v=d621c316:13011:7)
    at detectChangesInView (http://localhost:4200/@fs/home/belal/Documents/personal_projects/movieApp/.angular/cache/19.1.8/movieApp/vite/deps/chunk-UTC3K43W.js?v=d621c316:13176:5)
    at detectChangesInViewIfAttached (http://localhost:4200/@fs/home/belal/Documents/personal_projects/movieApp/.angular/cache/19.1.8/movieApp/vite/deps/chunk-UTC3K43W.js?v=d621c316:13159:3)
    at detectChangesInComponent (http://localhost:4200/@fs/home/belal/Documents/personal_projects/movieApp/.angular/cache/19.1.8/movieApp/vite/deps/chunk-UTC3K43W.js?v=d621c316:13153:3)
    at detectChangesInChildComponents (http://localhost:4200/@fs/home/belal/Documents/personal_projects/movieApp/.angular/cache/19.1.8/movieApp/vite/deps/chunk-UTC3K43W.js?v=d621c316:13197:5)
    at refreshView (http://localhost:4200/@fs/home/belal/Documents/personal_projects/movieApp/.angular/cache/19.1.8/movieApp/vite/deps/chunk-UTC3K43W.js?v=d621c316:13070:7)
    at detectChangesInView (http://localhost:4200/@fs/home/belal/Documents/personal_projects/movieApp/.angular/cache/19.1.8/movieApp/vite/deps/chunk-UTC3K43W.js?v=d621c316:13176:5)
    at detectChangesInViewIfAttached (http://localhost:4200/@fs/home/belal/Documents/personal_projects/movieApp/.angular/cache/19.1.8/movieApp/vite/deps/chunk-UTC3K43W.js?v=d621c316:13159:3) @ http://localhost:4200/@fs/home/belal/Documents/personal_projects/movieApp/.angular/cache/19.1.8/movieApp/vite/deps/chunk-UTC3K43W.js?v=d621c316:8782
[  105379ms] [ERROR] ERROR TypeError: Cannot read properties of undefined (reading 'profile_path')
    at ActorDetailsComponent_Template (http://localhost:4200/main.js:714:92)
    at executeTemplate (http://localhost:4200/@fs/home/belal/Documents/personal_projects/movieApp/.angular/cache/19.1.8/movieApp/vite/deps/chunk-UTC3K43W.js?v=d621c316:11994:5)
    at refreshView (http://localhost:4200/@fs/home/belal/Documents/personal_projects/movieApp/.angular/cache/19.1.8/movieApp/vite/deps/chunk-UTC3K43W.js?v=d621c316:13011:7)
    at detectChangesInView (http://localhost:4200/@fs/home/belal/Documents/personal_projects/movieApp/.angular/cache/19.1.8/movieApp/vite/deps/chunk-UTC3K43W.js?v=d621c316:13176:5)
    at detectChangesInViewIfAttached (http://localhost:4200/@fs/home/belal/Documents/personal_projects/movieApp/.angular/cache/19.1.8/movieApp/vite/deps/chunk-UTC3K43W.js?v=d621c316:13159:3)
    at detectChangesInComponent (http://localhost:4200/@fs/home/belal/Documents/personal_projects/movieApp/.angular/cache/19.1.8/movieApp/vite/deps/chunk-UTC3K43W.js?v=d621c316:13153:3)
    at detectChangesInChildComponents (http://localhost:4200/@fs/home/belal/Documents/personal_projects/movieApp/.angular/cache/19.1.8/movieApp/vite/deps/chunk-UTC3K43W.js?v=d621c316:13197:5)
    at refreshView (http://localhost:4200/@fs/home/belal/Documents/personal_projects/movieApp/.angular/cache/19.1.8/movieApp/vite/deps/chunk-UTC3K43W.js?v=d621c316:13070:7)
    at detectChangesInView (http://localhost:4200/@fs/home/belal/Documents/personal_projects/movieApp/.angular/cache/19.1.8/movieApp/vite/deps/chunk-UTC3K43W.js?v=d621c316:13176:5)
    at detectChangesInViewIfAttached (http://localhost:4200/@fs/home/belal/Documents/personal_projects/movieApp/.angular/cache/19.1.8/movieApp/vite/deps/chunk-UTC3K43W.js?v=d621c316:13159:3) @ http://localhost:4200/@fs/home/belal/Documents/personal_projects/movieApp/.angular/cache/19.1.8/movieApp/vite/deps/chunk-UTC3K43W.js?v=d621c316:8782
[  105391ms] [ERROR] ERROR TypeError: Cannot read properties of undefined (reading 'profile_path')
    at ActorDetailsComponent_Template (http://localhost:4200/main.js:714:92)
    at executeTemplate (http://localhost:4200/@fs/home/belal/Documents/personal_projects/movieApp/.angular/cache/19.1.8/movieApp/vite/deps/chunk-UTC3K43W.js?v=d621c316:11994:5)
    at refreshView (http://localhost:4200/@fs/home/belal/Documents/personal_projects/movieApp/.angular/cache/19.1.8/movieApp/vite/deps/chunk-UTC3K43W.js?v=d621c316:13011:7)
    at detectChangesInView (http://localhost:4200/@fs/home/belal/Documents/personal_projects/movieApp/.angular/cache/19.1.8/movieApp/vite/deps/chunk-UTC3K43W.js?v=d621c316:13176:5)
    at detectChangesInViewIfAttached (http://localhost:4200/@fs/home/belal/Documents/personal_projects/movieApp/.angular/cache/19.1.8/movieApp/vite/deps/chunk-UTC3K43W.js?v=d621c316:13159:3)
    at detectChangesInComponent (http://localhost:4200/@fs/home/belal/Documents/personal_projects/movieApp/.angular/cache/19.1.8/movieApp/vite/deps/chunk-UTC3K43W.js?v=d621c316:13153:3)
    at detectChangesInChildComponents (http://localhost:4200/@fs/home/belal/Documents/personal_projects/movieApp/.angular/cache/19.1.8/movieApp/vite/deps/chunk-UTC3K43W.js?v=d621c316:13197:5)
    at refreshView (http://localhost:4200/@fs/home/belal/Documents/personal_projects/movieApp/.angular/cache/19.1.8/movieApp/vite/deps/chunk-UTC3K43W.js?v=d621c316:13070:7)
    at detectChangesInView (http://localhost:4200/@fs/home/belal/Documents/personal_projects/movieApp/.angular/cache/19.1.8/movieApp/vite/deps/chunk-UTC3K43W.js?v=d621c316:13176:5)
    at detectChangesInViewIfAttached (http://localhost:4200/@fs/home/belal/Documents/personal_projects/movieApp/.angular/cache/19.1.8/movieApp/vite/deps/chunk-UTC3K43W.js?v=d621c316:13159:3) @ http://localhost:4200/@fs/home/belal/Documents/personal_projects/movieApp/.angular/cache/19.1.8/movieApp/vite/deps/chunk-UTC3K43W.js?v=d621c316:8782
[  105392ms] [LOG] {adult: false, also_known_as: Array(7), biography: Samuel Henry John Worthington (born 2 August 1976)…CC-BY-SA, full list of contributors on Wikipedia., birthday: 1976-08-02, deathday: null} @ http://localhost:4200/main.js:669
[  113680ms] [LOG] Angular is running in development mode. @ http://localhost:4200/@fs/home/belal/Documents/personal_projects/movieApp/.angular/cache/19.1.8/movieApp/vite/deps/chunk-UTC3K43W.js?v=d621c316:17869
[  113686ms] [ERROR] ERROR TypeError: Cannot read properties of undefined (reading 'profile_path')
    at ActorDetailsComponent_Template (http://localhost:4200/main.js:714:92)
    at executeTemplate (http://localhost:4200/@fs/home/belal/Documents/personal_projects/movieApp/.angular/cache/19.1.8/movieApp/vite/deps/chunk-UTC3K43W.js?v=d621c316:11994:5)
    at refreshView (http://localhost:4200/@fs/home/belal/Documents/personal_projects/movieApp/.angular/cache/19.1.8/movieApp/vite/deps/chunk-UTC3K43W.js?v=d621c316:13011:7)
    at detectChangesInView (http://localhost:4200/@fs/home/belal/Documents/personal_projects/movieApp/.angular/cache/19.1.8/movieApp/vite/deps/chunk-UTC3K43W.js?v=d621c316:13176:5)
    at detectChangesInViewIfAttached (http://localhost:4200/@fs/home/belal/Documents/personal_projects/movieApp/.angular/cache/19.1.8/movieApp/vite/deps/chunk-UTC3K43W.js?v=d621c316:13159:3)
    at detectChangesInComponent (http://localhost:4200/@fs/home/belal/Documents/personal_projects/movieApp/.angular/cache/19.1.8/movieApp/vite/deps/chunk-UTC3K43W.js?v=d621c316:13153:3)
    at detectChangesInChildComponents (http://localhost:4200/@fs/home/belal/Documents/personal_projects/movieApp/.angular/cache/19.1.8/movieApp/vite/deps/chunk-UTC3K43W.js?v=d621c316:13197:5)
    at refreshView (http://localhost:4200/@fs/home/belal/Documents/personal_projects/movieApp/.angular/cache/19.1.8/movieApp/vite/deps/chunk-UTC3K43W.js?v=d621c316:13070:7)
    at detectChangesInView (http://localhost:4200/@fs/home/belal/Documents/personal_projects/movieApp/.angular/cache/19.1.8/movieApp/vite/deps/chunk-UTC3K43W.js?v=d621c316:13176:5)
    at detectChangesInViewIfAttached (http://localhost:4200/@fs/home/belal/Documents/personal_projects/movieApp/.angular/cache/19.1.8/movieApp/vite/deps/chunk-UTC3K43W.js?v=d621c316:13159:3) @ http://localhost:4200/@fs/home/belal/Documents/personal_projects/movieApp/.angular/cache/19.1.8/movieApp/vite/deps/chunk-UTC3K43W.js?v=d621c316:8782
[  113700ms] [ERROR] ERROR TypeError: Cannot read properties of undefined (reading 'profile_path')
    at ActorDetailsComponent_Template (http://localhost:4200/main.js:714:92)
    at executeTemplate (http://localhost:4200/@fs/home/belal/Documents/personal_projects/movieApp/.angular/cache/19.1.8/movieApp/vite/deps/chunk-UTC3K43W.js?v=d621c316:11994:5)
    at refreshView (http://localhost:4200/@fs/home/belal/Documents/personal_projects/movieApp/.angular/cache/19.1.8/movieApp/vite/deps/chunk-UTC3K43W.js?v=d621c316:13011:7)
    at detectChangesInView (http://localhost:4200/@fs/home/belal/Documents/personal_projects/movieApp/.angular/cache/19.1.8/movieApp/vite/deps/chunk-UTC3K43W.js?v=d621c316:13176:5)
    at detectChangesInViewIfAttached (http://localhost:4200/@fs/home/belal/Documents/personal_projects/movieApp/.angular/cache/19.1.8/movieApp/vite/deps/chunk-UTC3K43W.js?v=d621c316:13159:3)
    at detectChangesInComponent (http://localhost:4200/@fs/home/belal/Documents/personal_projects/movieApp/.angular/cache/19.1.8/movieApp/vite/deps/chunk-UTC3K43W.js?v=d621c316:13153:3)
    at detectChangesInChildComponents (http://localhost:4200/@fs/home/belal/Documents/personal_projects/movieApp/.angular/cache/19.1.8/movieApp/vite/deps/chunk-UTC3K43W.js?v=d621c316:13197:5)
    at refreshView (http://localhost:4200/@fs/home/belal/Documents/personal_projects/movieApp/.angular/cache/19.1.8/movieApp/vite/deps/chunk-UTC3K43W.js?v=d621c316:13070:7)
    at detectChangesInView (http://localhost:4200/@fs/home/belal/Documents/personal_projects/movieApp/.angular/cache/19.1.8/movieApp/vite/deps/chunk-UTC3K43W.js?v=d621c316:13176:5)
    at detectChangesInViewIfAttached (http://localhost:4200/@fs/home/belal/Documents/personal_projects/movieApp/.angular/cache/19.1.8/movieApp/vite/deps/chunk-UTC3K43W.js?v=d621c316:13159:3) @ http://localhost:4200/@fs/home/belal/Documents/personal_projects/movieApp/.angular/cache/19.1.8/movieApp/vite/deps/chunk-UTC3K43W.js?v=d621c316:8782
[  113704ms] [ERROR] ERROR TypeError: Cannot read properties of undefined (reading 'profile_path')
    at ActorDetailsComponent_Template (http://localhost:4200/main.js:714:92)
    at executeTemplate (http://localhost:4200/@fs/home/belal/Documents/personal_projects/movieApp/.angular/cache/19.1.8/movieApp/vite/deps/chunk-UTC3K43W.js?v=d621c316:11994:5)
    at refreshView (http://localhost:4200/@fs/home/belal/Documents/personal_projects/movieApp/.angular/cache/19.1.8/movieApp/vite/deps/chunk-UTC3K43W.js?v=d621c316:13011:7)
    at detectChangesInView (http://localhost:4200/@fs/home/belal/Documents/personal_projects/movieApp/.angular/cache/19.1.8/movieApp/vite/deps/chunk-UTC3K43W.js?v=d621c316:13176:5)
    at detectChangesInViewIfAttached (http://localhost:4200/@fs/home/belal/Documents/personal_projects/movieApp/.angular/cache/19.1.8/movieApp/vite/deps/chunk-UTC3K43W.js?v=d621c316:13159:3)
    at detectChangesInComponent (http://localhost:4200/@fs/home/belal/Documents/personal_projects/movieApp/.angular/cache/19.1.8/movieApp/vite/deps/chunk-UTC3K43W.js?v=d621c316:13153:3)
    at detectChangesInChildComponents (http://localhost:4200/@fs/home/belal/Documents/personal_projects/movieApp/.angular/cache/19.1.8/movieApp/vite/deps/chunk-UTC3K43W.js?v=d621c316:13197:5)
    at refreshView (http://localhost:4200/@fs/home/belal/Documents/personal_projects/movieApp/.angular/cache/19.1.8/movieApp/vite/deps/chunk-UTC3K43W.js?v=d621c316:13070:7)
    at detectChangesInView (http://localhost:4200/@fs/home/belal/Documents/personal_projects/movieApp/.angular/cache/19.1.8/movieApp/vite/deps/chunk-UTC3K43W.js?v=d621c316:13176:5)
    at detectChangesInViewIfAttached (http://localhost:4200/@fs/home/belal/Documents/personal_projects/movieApp/.angular/cache/19.1.8/movieApp/vite/deps/chunk-UTC3K43W.js?v=d621c316:13159:3) @ http://localhost:4200/@fs/home/belal/Documents/personal_projects/movieApp/.angular/cache/19.1.8/movieApp/vite/deps/chunk-UTC3K43W.js?v=d621c316:8782
[  113711ms] [ERROR] ERROR TypeError: Cannot read properties of undefined (reading 'profile_path')
    at ActorDetailsComponent_Template (http://localhost:4200/main.js:714:92)
    at executeTemplate (http://localhost:4200/@fs/home/belal/Documents/personal_projects/movieApp/.angular/cache/19.1.8/movieApp/vite/deps/chunk-UTC3K43W.js?v=d621c316:11994:5)
    at refreshView (http://localhost:4200/@fs/home/belal/Documents/personal_projects/movieApp/.angular/cache/19.1.8/movieApp/vite/deps/chunk-UTC3K43W.js?v=d621c316:13011:7)
    at detectChangesInView (http://localhost:4200/@fs/home/belal/Documents/personal_projects/movieApp/.angular/cache/19.1.8/movieApp/vite/deps/chunk-UTC3K43W.js?v=d621c316:13176:5)
    at detectChangesInViewIfAttached (http://localhost:4200/@fs/home/belal/Documents/personal_projects/movieApp/.angular/cache/19.1.8/movieApp/vite/deps/chunk-UTC3K43W.js?v=d621c316:13159:3)
    at detectChangesInComponent (http://localhost:4200/@fs/home/belal/Documents/personal_projects/movieApp/.angular/cache/19.1.8/movieApp/vite/deps/chunk-UTC3K43W.js?v=d621c316:13153:3)
    at detectChangesInChildComponents (http://localhost:4200/@fs/home/belal/Documents/personal_projects/movieApp/.angular/cache/19.1.8/movieApp/vite/deps/chunk-UTC3K43W.js?v=d621c316:13197:5)
    at refreshView (http://localhost:4200/@fs/home/belal/Documents/personal_projects/movieApp/.angular/cache/19.1.8/movieApp/vite/deps/chunk-UTC3K43W.js?v=d621c316:13070:7)
    at detectChangesInView (http://localhost:4200/@fs/home/belal/Documents/personal_projects/movieApp/.angular/cache/19.1.8/movieApp/vite/deps/chunk-UTC3K43W.js?v=d621c316:13176:5)
    at detectChangesInViewIfAttached (http://localhost:4200/@fs/home/belal/Documents/personal_projects/movieApp/.angular/cache/19.1.8/movieApp/vite/deps/chunk-UTC3K43W.js?v=d621c316:13159:3) @ http://localhost:4200/@fs/home/belal/Documents/personal_projects/movieApp/.angular/cache/19.1.8/movieApp/vite/deps/chunk-UTC3K43W.js?v=d621c316:8782
[  113712ms] [LOG] {adult: false, also_known_as: Array(7), biography: Samuel Henry John Worthington (born 2 August 1976)…CC-BY-SA, full list of contributors on Wikipedia., birthday: 1976-08-02, deathday: null} @ http://localhost:4200/main.js:669
[  118993ms] [ERROR] ERROR TypeError: Cannot read properties of undefined (reading 'profile_path')
    at ActorDetailsComponent_Template (http://localhost:4200/main.js:714:92)
    at executeTemplate (http://localhost:4200/@fs/home/belal/Documents/personal_projects/movieApp/.angular/cache/19.1.8/movieApp/vite/deps/chunk-UTC3K43W.js?v=d621c316:11994:5)
    at refreshView (http://localhost:4200/@fs/home/belal/Documents/personal_projects/movieApp/.angular/cache/19.1.8/movieApp/vite/deps/chunk-UTC3K43W.js?v=d621c316:13011:7)
    at detectChangesInView (http://localhost:4200/@fs/home/belal/Documents/personal_projects/movieApp/.angular/cache/19.1.8/movieApp/vite/deps/chunk-UTC3K43W.js?v=d621c316:13176:5)
    at detectChangesInViewIfAttached (http://localhost:4200/@fs/home/belal/Documents/personal_projects/movieApp/.angular/cache/19.1.8/movieApp/vite/deps/chunk-UTC3K43W.js?v=d621c316:13159:3)
    at detectChangesInComponent (http://localhost:4200/@fs/home/belal/Documents/personal_projects/movieApp/.angular/cache/19.1.8/movieApp/vite/deps/chunk-UTC3K43W.js?v=d621c316:13153:3)
    at detectChangesInChildComponents (http://localhost:4200/@fs/home/belal/Documents/personal_projects/movieApp/.angular/cache/19.1.8/movieApp/vite/deps/chunk-UTC3K43W.js?v=d621c316:13197:5)
    at refreshView (http://localhost:4200/@fs/home/belal/Documents/personal_projects/movieApp/.angular/cache/19.1.8/movieApp/vite/deps/chunk-UTC3K43W.js?v=d621c316:13070:7)
    at detectChangesInView (http://localhost:4200/@fs/home/belal/Documents/personal_projects/movieApp/.angular/cache/19.1.8/movieApp/vite/deps/chunk-UTC3K43W.js?v=d621c316:13176:5)
    at detectChangesInViewIfAttached (http://localhost:4200/@fs/home/belal/Documents/personal_projects/movieApp/.angular/cache/19.1.8/movieApp/vite/deps/chunk-UTC3K43W.js?v=d621c316:13159:3) @ http://localhost:4200/@fs/home/belal/Documents/personal_projects/movieApp/.angular/cache/19.1.8/movieApp/vite/deps/chunk-UTC3K43W.js?v=d621c316:8782
[  118994ms] [ERROR] TypeError: Cannot read properties of undefined (reading 'profile_path')
    at ActorDetailsComponent_Template (http://localhost:4200/main.js:714:92)
    at executeTemplate (http://localhost:4200/@fs/home/belal/Documents/personal_projects/movieApp/.angular/cache/19.1.8/movieApp/vite/deps/chunk-UTC3K43W.js?v=d621c316:11994:5)
    at refreshView (http://localhost:4200/@fs/home/belal/Documents/personal_projects/movieApp/.angular/cache/19.1.8/movieApp/vite/deps/chunk-UTC3K43W.js?v=d621c316:13011:7)
    at detectChangesInView (http://localhost:4200/@fs/home/belal/Documents/personal_projects/movieApp/.angular/cache/19.1.8/movieApp/vite/deps/chunk-UTC3K43W.js?v=d621c316:13176:5)
    at detectChangesInViewIfAttached (http://localhost:4200/@fs/home/belal/Documents/personal_projects/movieApp/.angular/cache/19.1.8/movieApp/vite/deps/chunk-UTC3K43W.js?v=d621c316:13159:3)
    at detectChangesInComponent (http://localhost:4200/@fs/home/belal/Documents/personal_projects/movieApp/.angular/cache/19.1.8/movieApp/vite/deps/chunk-UTC3K43W.js?v=d621c316:13153:3)
    at detectChangesInChildComponents (http://localhost:4200/@fs/home/belal/Documents/personal_projects/movieApp/.angular/cache/19.1.8/movieApp/vite/deps/chunk-UTC3K43W.js?v=d621c316:13197:5)
    at refreshView (http://localhost:4200/@fs/home/belal/Documents/personal_projects/movieApp/.angular/cache/19.1.8/movieApp/vite/deps/chunk-UTC3K43W.js?v=d621c316:13070:7)
    at detectChangesInView (http://localhost:4200/@fs/home/belal/Documents/personal_projects/movieApp/.angular/cache/19.1.8/movieApp/vite/deps/chunk-UTC3K43W.js?v=d621c316:13176:5)
    at detectChangesInViewIfAttached (http://localhost:4200/@fs/home/belal/Documents/personal_projects/movieApp/.angular/cache/19.1.8/movieApp/vite/deps/chunk-UTC3K43W.js?v=d621c316:13159:3) @ http://localhost:4200/polyfills.js:1828
[  118994ms] [ERROR] ERROR TypeError: Cannot read properties of undefined (reading 'profile_path')
    at ActorDetailsComponent_Template (http://localhost:4200/main.js:714:92)
    at executeTemplate (http://localhost:4200/@fs/home/belal/Documents/personal_projects/movieApp/.angular/cache/19.1.8/movieApp/vite/deps/chunk-UTC3K43W.js?v=d621c316:11994:5)
    at refreshView (http://localhost:4200/@fs/home/belal/Documents/personal_projects/movieApp/.angular/cache/19.1.8/movieApp/vite/deps/chunk-UTC3K43W.js?v=d621c316:13011:7)
    at detectChangesInView (http://localhost:4200/@fs/home/belal/Documents/personal_projects/movieApp/.angular/cache/19.1.8/movieApp/vite/deps/chunk-UTC3K43W.js?v=d621c316:13176:5)
    at detectChangesInViewIfAttached (http://localhost:4200/@fs/home/belal/Documents/personal_projects/movieApp/.angular/cache/19.1.8/movieApp/vite/deps/chunk-UTC3K43W.js?v=d621c316:13159:3)
    at detectChangesInComponent (http://localhost:4200/@fs/home/belal/Documents/personal_projects/movieApp/.angular/cache/19.1.8/movieApp/vite/deps/chunk-UTC3K43W.js?v=d621c316:13153:3)
    at detectChangesInChildComponents (http://localhost:4200/@fs/home/belal/Documents/personal_projects/movieApp/.angular/cache/19.1.8/movieApp/vite/deps/chunk-UTC3K43W.js?v=d621c316:13197:5)
    at refreshView (http://localhost:4200/@fs/home/belal/Documents/personal_projects/movieApp/.angular/cache/19.1.8/movieApp/vite/deps/chunk-UTC3K43W.js?v=d621c316:13070:7)
    at detectChangesInView (http://localhost:4200/@fs/home/belal/Documents/personal_projects/movieApp/.angular/cache/19.1.8/movieApp/vite/deps/chunk-UTC3K43W.js?v=d621c316:13176:5)
    at detectChangesInViewIfAttached (http://localhost:4200/@fs/home/belal/Documents/personal_projects/movieApp/.angular/cache/19.1.8/movieApp/vite/deps/chunk-UTC3K43W.js?v=d621c316:13159:3) @ http://localhost:4200/@fs/home/belal/Documents/personal_projects/movieApp/.angular/cache/19.1.8/movieApp/vite/deps/chunk-UTC3K43W.js?v=d621c316:8782
[  118999ms] [ERROR] ERROR TypeError: Cannot read properties of undefined (reading 'profile_path')
    at ActorDetailsComponent_Template (http://localhost:4200/main.js:714:92)
    at executeTemplate (http://localhost:4200/@fs/home/belal/Documents/personal_projects/movieApp/.angular/cache/19.1.8/movieApp/vite/deps/chunk-UTC3K43W.js?v=d621c316:11994:5)
    at refreshView (http://localhost:4200/@fs/home/belal/Documents/personal_projects/movieApp/.angular/cache/19.1.8/movieApp/vite/deps/chunk-UTC3K43W.js?v=d621c316:13011:7)
    at detectChangesInView (http://localhost:4200/@fs/home/belal/Documents/personal_projects/movieApp/.angular/cache/19.1.8/movieApp/vite/deps/chunk-UTC3K43W.js?v=d621c316:13176:5)
    at detectChangesInViewIfAttached (http://localhost:4200/@fs/home/belal/Documents/personal_projects/movieApp/.angular/cache/19.1.8/movieApp/vite/deps/chunk-UTC3K43W.js?v=d621c316:13159:3)
    at detectChangesInComponent (http://localhost:4200/@fs/home/belal/Documents/personal_projects/movieApp/.angular/cache/19.1.8/movieApp/vite/deps/chunk-UTC3K43W.js?v=d621c316:13153:3)
    at detectChangesInChildComponents (http://localhost:4200/@fs/home/belal/Documents/personal_projects/movieApp/.angular/cache/19.1.8/movieApp/vite/deps/chunk-UTC3K43W.js?v=d621c316:13197:5)
    at refreshView (http://localhost:4200/@fs/home/belal/Documents/personal_projects/movieApp/.angular/cache/19.1.8/movieApp/vite/deps/chunk-UTC3K43W.js?v=d621c316:13070:7)
    at detectChangesInView (http://localhost:4200/@fs/home/belal/Documents/personal_projects/movieApp/.angular/cache/19.1.8/movieApp/vite/deps/chunk-UTC3K43W.js?v=d621c316:13176:5)
    at detectChangesInViewIfAttached (http://localhost:4200/@fs/home/belal/Documents/personal_projects/movieApp/.angular/cache/19.1.8/movieApp/vite/deps/chunk-UTC3K43W.js?v=d621c316:13159:3) @ http://localhost:4200/@fs/home/belal/Documents/personal_projects/movieApp/.angular/cache/19.1.8/movieApp/vite/deps/chunk-UTC3K43W.js?v=d621c316:8782
[  119000ms] [LOG] {adult: false, also_known_as: Array(7), biography: Samuel Henry John Worthington (born 2 August 1976)…CC-BY-SA, full list of contributors on Wikipedia., birthday: 1976-08-02, deathday: null} @ http://localhost:4200/main.js:669
[  119163ms] [LOG] Angular is running in development mode. @ http://localhost:4200/@fs/home/belal/Documents/personal_projects/movieApp/.angular/cache/19.1.8/movieApp/vite/deps/chunk-UTC3K43W.js?v=d621c316:17869
[  119169ms] [ERROR] ERROR TypeError: Cannot read properties of undefined (reading 'profile_path')
    at ActorDetailsComponent_Template (http://localhost:4200/main.js:714:92)
    at executeTemplate (http://localhost:4200/@fs/home/belal/Documents/personal_projects/movieApp/.angular/cache/19.1.8/movieApp/vite/deps/chunk-UTC3K43W.js?v=d621c316:11994:5)
    at refreshView (http://localhost:4200/@fs/home/belal/Documents/personal_projects/movieApp/.angular/cache/19.1.8/movieApp/vite/deps/chunk-UTC3K43W.js?v=d621c316:13011:7)
    at detectChangesInView (http://localhost:4200/@fs/home/belal/Documents/personal_projects/movieApp/.angular/cache/19.1.8/movieApp/vite/deps/chunk-UTC3K43W.js?v=d621c316:13176:5)
    at detectChangesInViewIfAttached (http://localhost:4200/@fs/home/belal/Documents/personal_projects/movieApp/.angular/cache/19.1.8/movieApp/vite/deps/chunk-UTC3K43W.js?v=d621c316:13159:3)
    at detectChangesInComponent (http://localhost:4200/@fs/home/belal/Documents/personal_projects/movieApp/.angular/cache/19.1.8/movieApp/vite/deps/chunk-UTC3K43W.js?v=d621c316:13153:3)
    at detectChangesInChildComponents (http://localhost:4200/@fs/home/belal/Documents/personal_projects/movieApp/.angular/cache/19.1.8/movieApp/vite/deps/chunk-UTC3K43W.js?v=d621c316:13197:5)
    at refreshView (http://localhost:4200/@fs/home/belal/Documents/personal_projects/movieApp/.angular/cache/19.1.8/movieApp/vite/deps/chunk-UTC3K43W.js?v=d621c316:13070:7)
    at detectChangesInView (http://localhost:4200/@fs/home/belal/Documents/personal_projects/movieApp/.angular/cache/19.1.8/movieApp/vite/deps/chunk-UTC3K43W.js?v=d621c316:13176:5)
    at detectChangesInViewIfAttached (http://localhost:4200/@fs/home/belal/Documents/personal_projects/movieApp/.angular/cache/19.1.8/movieApp/vite/deps/chunk-UTC3K43W.js?v=d621c316:13159:3) @ http://localhost:4200/@fs/home/belal/Documents/personal_projects/movieApp/.angular/cache/19.1.8/movieApp/vite/deps/chunk-UTC3K43W.js?v=d621c316:8782
[  119180ms] [ERROR] ERROR TypeError: Cannot read properties of undefined (reading 'profile_path')
    at ActorDetailsComponent_Template (http://localhost:4200/main.js:714:92)
    at executeTemplate (http://localhost:4200/@fs/home/belal/Documents/personal_projects/movieApp/.angular/cache/19.1.8/movieApp/vite/deps/chunk-UTC3K43W.js?v=d621c316:11994:5)
    at refreshView (http://localhost:4200/@fs/home/belal/Documents/personal_projects/movieApp/.angular/cache/19.1.8/movieApp/vite/deps/chunk-UTC3K43W.js?v=d621c316:13011:7)
    at detectChangesInView (http://localhost:4200/@fs/home/belal/Documents/personal_projects/movieApp/.angular/cache/19.1.8/movieApp/vite/deps/chunk-UTC3K43W.js?v=d621c316:13176:5)
    at detectChangesInViewIfAttached (http://localhost:4200/@fs/home/belal/Documents/personal_projects/movieApp/.angular/cache/19.1.8/movieApp/vite/deps/chunk-UTC3K43W.js?v=d621c316:13159:3)
    at detectChangesInComponent (http://localhost:4200/@fs/home/belal/Documents/personal_projects/movieApp/.angular/cache/19.1.8/movieApp/vite/deps/chunk-UTC3K43W.js?v=d621c316:13153:3)
    at detectChangesInChildComponents (http://localhost:4200/@fs/home/belal/Documents/personal_projects/movieApp/.angular/cache/19.1.8/movieApp/vite/deps/chunk-UTC3K43W.js?v=d621c316:13197:5)
    at refreshView (http://localhost:4200/@fs/home/belal/Documents/personal_projects/movieApp/.angular/cache/19.1.8/movieApp/vite/deps/chunk-UTC3K43W.js?v=d621c316:13070:7)
    at detectChangesInView (http://localhost:4200/@fs/home/belal/Documents/personal_projects/movieApp/.angular/cache/19.1.8/movieApp/vite/deps/chunk-UTC3K43W.js?v=d621c316:13176:5)
    at detectChangesInViewIfAttached (http://localhost:4200/@fs/home/belal/Documents/personal_projects/movieApp/.angular/cache/19.1.8/movieApp/vite/deps/chunk-UTC3K43W.js?v=d621c316:13159:3) @ http://localhost:4200/@fs/home/belal/Documents/personal_projects/movieApp/.angular/cache/19.1.8/movieApp/vite/deps/chunk-UTC3K43W.js?v=d621c316:8782
[  119182ms] [ERROR] ERROR TypeError: Cannot read properties of undefined (reading 'profile_path')
    at ActorDetailsComponent_Template (http://localhost:4200/main.js:714:92)
    at executeTemplate (http://localhost:4200/@fs/home/belal/Documents/personal_projects/movieApp/.angular/cache/19.1.8/movieApp/vite/deps/chunk-UTC3K43W.js?v=d621c316:11994:5)
    at refreshView (http://localhost:4200/@fs/home/belal/Documents/personal_projects/movieApp/.angular/cache/19.1.8/movieApp/vite/deps/chunk-UTC3K43W.js?v=d621c316:13011:7)
    at detectChangesInView (http://localhost:4200/@fs/home/belal/Documents/personal_projects/movieApp/.angular/cache/19.1.8/movieApp/vite/deps/chunk-UTC3K43W.js?v=d621c316:13176:5)
    at detectChangesInViewIfAttached (http://localhost:4200/@fs/home/belal/Documents/personal_projects/movieApp/.angular/cache/19.1.8/movieApp/vite/deps/chunk-UTC3K43W.js?v=d621c316:13159:3)
    at detectChangesInComponent (http://localhost:4200/@fs/home/belal/Documents/personal_projects/movieApp/.angular/cache/19.1.8/movieApp/vite/deps/chunk-UTC3K43W.js?v=d621c316:13153:3)
    at detectChangesInChildComponents (http://localhost:4200/@fs/home/belal/Documents/personal_projects/movieApp/.angular/cache/19.1.8/movieApp/vite/deps/chunk-UTC3K43W.js?v=d621c316:13197:5)
    at refreshView (http://localhost:4200/@fs/home/belal/Documents/personal_projects/movieApp/.angular/cache/19.1.8/movieApp/vite/deps/chunk-UTC3K43W.js?v=d621c316:13070:7)
    at detectChangesInView (http://localhost:4200/@fs/home/belal/Documents/personal_projects/movieApp/.angular/cache/19.1.8/movieApp/vite/deps/chunk-UTC3K43W.js?v=d621c316:13176:5)
    at detectChangesInViewIfAttached (http://localhost:4200/@fs/home/belal/Documents/personal_projects/movieApp/.angular/cache/19.1.8/movieApp/vite/deps/chunk-UTC3K43W.js?v=d621c316:13159:3) @ http://localhost:4200/@fs/home/belal/Documents/personal_projects/movieApp/.angular/cache/19.1.8/movieApp/vite/deps/chunk-UTC3K43W.js?v=d621c316:8782
[  119191ms] [ERROR] ERROR TypeError: Cannot read properties of undefined (reading 'profile_path')
    at ActorDetailsComponent_Template (http://localhost:4200/main.js:714:92)
    at executeTemplate (http://localhost:4200/@fs/home/belal/Documents/personal_projects/movieApp/.angular/cache/19.1.8/movieApp/vite/deps/chunk-UTC3K43W.js?v=d621c316:11994:5)
    at refreshView (http://localhost:4200/@fs/home/belal/Documents/personal_projects/movieApp/.angular/cache/19.1.8/movieApp/vite/deps/chunk-UTC3K43W.js?v=d621c316:13011:7)
    at detectChangesInView (http://localhost:4200/@fs/home/belal/Documents/personal_projects/movieApp/.angular/cache/19.1.8/movieApp/vite/deps/chunk-UTC3K43W.js?v=d621c316:13176:5)
    at detectChangesInViewIfAttached (http://localhost:4200/@fs/home/belal/Documents/personal_projects/movieApp/.angular/cache/19.1.8/movieApp/vite/deps/chunk-UTC3K43W.js?v=d621c316:13159:3)
    at detectChangesInComponent (http://localhost:4200/@fs/home/belal/Documents/personal_projects/movieApp/.angular/cache/19.1.8/movieApp/vite/deps/chunk-UTC3K43W.js?v=d621c316:13153:3)
    at detectChangesInChildComponents (http://localhost:4200/@fs/home/belal/Documents/personal_projects/movieApp/.angular/cache/19.1.8/movieApp/vite/deps/chunk-UTC3K43W.js?v=d621c316:13197:5)
    at refreshView (http://localhost:4200/@fs/home/belal/Documents/personal_projects/movieApp/.angular/cache/19.1.8/movieApp/vite/deps/chunk-UTC3K43W.js?v=d621c316:13070:7)
    at detectChangesInView (http://localhost:4200/@fs/home/belal/Documents/personal_projects/movieApp/.angular/cache/19.1.8/movieApp/vite/deps/chunk-UTC3K43W.js?v=d621c316:13176:5)
    at detectChangesInViewIfAttached (http://localhost:4200/@fs/home/belal/Documents/personal_projects/movieApp/.angular/cache/19.1.8/movieApp/vite/deps/chunk-UTC3K43W.js?v=d621c316:13159:3) @ http://localhost:4200/@fs/home/belal/Documents/personal_projects/movieApp/.angular/cache/19.1.8/movieApp/vite/deps/chunk-UTC3K43W.js?v=d621c316:8782
[  119193ms] [LOG] {adult: false, also_known_as: Array(7), biography: Samuel Henry John Worthington (born 2 August 1976)…CC-BY-SA, full list of contributors on Wikipedia., birthday: 1976-08-02, deathday: null} @ http://localhost:4200/main.js:669
[  125268ms] [ERROR] ERROR TypeError: Cannot read properties of undefined (reading 'profile_path')
    at ActorDetailsComponent_Template (http://localhost:4200/main.js:714:92)
    at executeTemplate (http://localhost:4200/@fs/home/belal/Documents/personal_projects/movieApp/.angular/cache/19.1.8/movieApp/vite/deps/chunk-UTC3K43W.js?v=d621c316:11994:5)
    at refreshView (http://localhost:4200/@fs/home/belal/Documents/personal_projects/movieApp/.angular/cache/19.1.8/movieApp/vite/deps/chunk-UTC3K43W.js?v=d621c316:13011:7)
    at detectChangesInView (http://localhost:4200/@fs/home/belal/Documents/personal_projects/movieApp/.angular/cache/19.1.8/movieApp/vite/deps/chunk-UTC3K43W.js?v=d621c316:13176:5)
    at detectChangesInViewIfAttached (http://localhost:4200/@fs/home/belal/Documents/personal_projects/movieApp/.angular/cache/19.1.8/movieApp/vite/deps/chunk-UTC3K43W.js?v=d621c316:13159:3)
    at detectChangesInComponent (http://localhost:4200/@fs/home/belal/Documents/personal_projects/movieApp/.angular/cache/19.1.8/movieApp/vite/deps/chunk-UTC3K43W.js?v=d621c316:13153:3)
    at detectChangesInChildComponents (http://localhost:4200/@fs/home/belal/Documents/personal_projects/movieApp/.angular/cache/19.1.8/movieApp/vite/deps/chunk-UTC3K43W.js?v=d621c316:13197:5)
    at refreshView (http://localhost:4200/@fs/home/belal/Documents/personal_projects/movieApp/.angular/cache/19.1.8/movieApp/vite/deps/chunk-UTC3K43W.js?v=d621c316:13070:7)
    at detectChangesInView (http://localhost:4200/@fs/home/belal/Documents/personal_projects/movieApp/.angular/cache/19.1.8/movieApp/vite/deps/chunk-UTC3K43W.js?v=d621c316:13176:5)
    at detectChangesInViewIfAttached (http://localhost:4200/@fs/home/belal/Documents/personal_projects/movieApp/.angular/cache/19.1.8/movieApp/vite/deps/chunk-UTC3K43W.js?v=d621c316:13159:3) @ http://localhost:4200/@fs/home/belal/Documents/personal_projects/movieApp/.angular/cache/19.1.8/movieApp/vite/deps/chunk-UTC3K43W.js?v=d621c316:8782
[  125269ms] [ERROR] TypeError: Cannot read properties of undefined (reading 'profile_path')
    at ActorDetailsComponent_Template (http://localhost:4200/main.js:714:92)
    at executeTemplate (http://localhost:4200/@fs/home/belal/Documents/personal_projects/movieApp/.angular/cache/19.1.8/movieApp/vite/deps/chunk-UTC3K43W.js?v=d621c316:11994:5)
    at refreshView (http://localhost:4200/@fs/home/belal/Documents/personal_projects/movieApp/.angular/cache/19.1.8/movieApp/vite/deps/chunk-UTC3K43W.js?v=d621c316:13011:7)
    at detectChangesInView (http://localhost:4200/@fs/home/belal/Documents/personal_projects/movieApp/.angular/cache/19.1.8/movieApp/vite/deps/chunk-UTC3K43W.js?v=d621c316:13176:5)
    at detectChangesInViewIfAttached (http://localhost:4200/@fs/home/belal/Documents/personal_projects/movieApp/.angular/cache/19.1.8/movieApp/vite/deps/chunk-UTC3K43W.js?v=d621c316:13159:3)
    at detectChangesInComponent (http://localhost:4200/@fs/home/belal/Documents/personal_projects/movieApp/.angular/cache/19.1.8/movieApp/vite/deps/chunk-UTC3K43W.js?v=d621c316:13153:3)
    at detectChangesInChildComponents (http://localhost:4200/@fs/home/belal/Documents/personal_projects/movieApp/.angular/cache/19.1.8/movieApp/vite/deps/chunk-UTC3K43W.js?v=d621c316:13197:5)
    at refreshView (http://localhost:4200/@fs/home/belal/Documents/personal_projects/movieApp/.angular/cache/19.1.8/movieApp/vite/deps/chunk-UTC3K43W.js?v=d621c316:13070:7)
    at detectChangesInView (http://localhost:4200/@fs/home/belal/Documents/personal_projects/movieApp/.angular/cache/19.1.8/movieApp/vite/deps/chunk-UTC3K43W.js?v=d621c316:13176:5)
    at detectChangesInViewIfAttached (http://localhost:4200/@fs/home/belal/Documents/personal_projects/movieApp/.angular/cache/19.1.8/movieApp/vite/deps/chunk-UTC3K43W.js?v=d621c316:13159:3) @ http://localhost:4200/polyfills.js:1828
[  125269ms] [ERROR] ERROR TypeError: Cannot read properties of undefined (reading 'profile_path')
    at ActorDetailsComponent_Template (http://localhost:4200/main.js:714:92)
    at executeTemplate (http://localhost:4200/@fs/home/belal/Documents/personal_projects/movieApp/.angular/cache/19.1.8/movieApp/vite/deps/chunk-UTC3K43W.js?v=d621c316:11994:5)
    at refreshView (http://localhost:4200/@fs/home/belal/Documents/personal_projects/movieApp/.angular/cache/19.1.8/movieApp/vite/deps/chunk-UTC3K43W.js?v=d621c316:13011:7)
    at detectChangesInView (http://localhost:4200/@fs/home/belal/Documents/personal_projects/movieApp/.angular/cache/19.1.8/movieApp/vite/deps/chunk-UTC3K43W.js?v=d621c316:13176:5)
    at detectChangesInViewIfAttached (http://localhost:4200/@fs/home/belal/Documents/personal_projects/movieApp/.angular/cache/19.1.8/movieApp/vite/deps/chunk-UTC3K43W.js?v=d621c316:13159:3)
    at detectChangesInComponent (http://localhost:4200/@fs/home/belal/Documents/personal_projects/movieApp/.angular/cache/19.1.8/movieApp/vite/deps/chunk-UTC3K43W.js?v=d621c316:13153:3)
    at detectChangesInChildComponents (http://localhost:4200/@fs/home/belal/Documents/personal_projects/movieApp/.angular/cache/19.1.8/movieApp/vite/deps/chunk-UTC3K43W.js?v=d621c316:13197:5)
    at refreshView (http://localhost:4200/@fs/home/belal/Documents/personal_projects/movieApp/.angular/cache/19.1.8/movieApp/vite/deps/chunk-UTC3K43W.js?v=d621c316:13070:7)
    at detectChangesInView (http://localhost:4200/@fs/home/belal/Documents/personal_projects/movieApp/.angular/cache/19.1.8/movieApp/vite/deps/chunk-UTC3K43W.js?v=d621c316:13176:5)
    at detectChangesInViewIfAttached (http://localhost:4200/@fs/home/belal/Documents/personal_projects/movieApp/.angular/cache/19.1.8/movieApp/vite/deps/chunk-UTC3K43W.js?v=d621c316:13159:3) @ http://localhost:4200/@fs/home/belal/Documents/personal_projects/movieApp/.angular/cache/19.1.8/movieApp/vite/deps/chunk-UTC3K43W.js?v=d621c316:8782
[  125274ms] [ERROR] ERROR TypeError: Cannot read properties of undefined (reading 'profile_path')
    at ActorDetailsComponent_Template (http://localhost:4200/main.js:714:92)
    at executeTemplate (http://localhost:4200/@fs/home/belal/Documents/personal_projects/movieApp/.angular/cache/19.1.8/movieApp/vite/deps/chunk-UTC3K43W.js?v=d621c316:11994:5)
    at refreshView (http://localhost:4200/@fs/home/belal/Documents/personal_projects/movieApp/.angular/cache/19.1.8/movieApp/vite/deps/chunk-UTC3K43W.js?v=d621c316:13011:7)
    at detectChangesInView (http://localhost:4200/@fs/home/belal/Documents/personal_projects/movieApp/.angular/cache/19.1.8/movieApp/vite/deps/chunk-UTC3K43W.js?v=d621c316:13176:5)
    at detectChangesInViewIfAttached (http://localhost:4200/@fs/home/belal/Documents/personal_projects/movieApp/.angular/cache/19.1.8/movieApp/vite/deps/chunk-UTC3K43W.js?v=d621c316:13159:3)
    at detectChangesInComponent (http://localhost:4200/@fs/home/belal/Documents/personal_projects/movieApp/.angular/cache/19.1.8/movieApp/vite/deps/chunk-UTC3K43W.js?v=d621c316:13153:3)
    at detectChangesInChildComponents (http://localhost:4200/@fs/home/belal/Documents/personal_projects/movieApp/.angular/cache/19.1.8/movieApp/vite/deps/chunk-UTC3K43W.js?v=d621c316:13197:5)
    at refreshView (http://localhost:4200/@fs/home/belal/Documents/personal_projects/movieApp/.angular/cache/19.1.8/movieApp/vite/deps/chunk-UTC3K43W.js?v=d621c316:13070:7)
    at detectChangesInView (http://localhost:4200/@fs/home/belal/Documents/personal_projects/movieApp/.angular/cache/19.1.8/movieApp/vite/deps/chunk-UTC3K43W.js?v=d621c316:13176:5)
    at detectChangesInViewIfAttached (http://localhost:4200/@fs/home/belal/Documents/personal_projects/movieApp/.angular/cache/19.1.8/movieApp/vite/deps/chunk-UTC3K43W.js?v=d621c316:13159:3) @ http://localhost:4200/@fs/home/belal/Documents/personal_projects/movieApp/.angular/cache/19.1.8/movieApp/vite/deps/chunk-UTC3K43W.js?v=d621c316:8782
[  125276ms] [LOG] {adult: false, also_known_as: Array(7), biography: Samuel Henry John Worthington (born 2 August 1976)…CC-BY-SA, full list of contributors on Wikipedia., birthday: 1976-08-02, deathday: null} @ http://localhost:4200/main.js:669
[  125461ms] [LOG] Angular is running in development mode. @ http://localhost:4200/@fs/home/belal/Documents/personal_projects/movieApp/.angular/cache/19.1.8/movieApp/vite/deps/chunk-UTC3K43W.js?v=d621c316:17869
[  125477ms] [ERROR] ERROR TypeError: Cannot read properties of undefined (reading 'profile_path')
    at ActorDetailsComponent_Template (http://localhost:4200/main.js:714:92)
    at executeTemplate (http://localhost:4200/@fs/home/belal/Documents/personal_projects/movieApp/.angular/cache/19.1.8/movieApp/vite/deps/chunk-UTC3K43W.js?v=d621c316:11994:5)
    at refreshView (http://localhost:4200/@fs/home/belal/Documents/personal_projects/movieApp/.angular/cache/19.1.8/movieApp/vite/deps/chunk-UTC3K43W.js?v=d621c316:13011:7)
    at detectChangesInView (http://localhost:4200/@fs/home/belal/Documents/personal_projects/movieApp/.angular/cache/19.1.8/movieApp/vite/deps/chunk-UTC3K43W.js?v=d621c316:13176:5)
    at detectChangesInViewIfAttached (http://localhost:4200/@fs/home/belal/Documents/personal_projects/movieApp/.angular/cache/19.1.8/movieApp/vite/deps/chunk-UTC3K43W.js?v=d621c316:13159:3)
    at detectChangesInComponent (http://localhost:4200/@fs/home/belal/Documents/personal_projects/movieApp/.angular/cache/19.1.8/movieApp/vite/deps/chunk-UTC3K43W.js?v=d621c316:13153:3)
    at detectChangesInChildComponents (http://localhost:4200/@fs/home/belal/Documents/personal_projects/movieApp/.angular/cache/19.1.8/movieApp/vite/deps/chunk-UTC3K43W.js?v=d621c316:13197:5)
    at refreshView (http://localhost:4200/@fs/home/belal/Documents/personal_projects/movieApp/.angular/cache/19.1.8/movieApp/vite/deps/chunk-UTC3K43W.js?v=d621c316:13070:7)
    at detectChangesInView (http://localhost:4200/@fs/home/belal/Documents/personal_projects/movieApp/.angular/cache/19.1.8/movieApp/vite/deps/chunk-UTC3K43W.js?v=d621c316:13176:5)
    at detectChangesInViewIfAttached (http://localhost:4200/@fs/home/belal/Documents/personal_projects/movieApp/.angular/cache/19.1.8/movieApp/vite/deps/chunk-UTC3K43W.js?v=d621c316:13159:3) @ http://localhost:4200/@fs/home/belal/Documents/personal_projects/movieApp/.angular/cache/19.1.8/movieApp/vite/deps/chunk-UTC3K43W.js?v=d621c316:8782
[  125492ms] [ERROR] ERROR TypeError: Cannot read properties of undefined (reading 'profile_path')
    at ActorDetailsComponent_Template (http://localhost:4200/main.js:714:92)
    at executeTemplate (http://localhost:4200/@fs/home/belal/Documents/personal_projects/movieApp/.angular/cache/19.1.8/movieApp/vite/deps/chunk-UTC3K43W.js?v=d621c316:11994:5)
    at refreshView (http://localhost:4200/@fs/home/belal/Documents/personal_projects/movieApp/.angular/cache/19.1.8/movieApp/vite/deps/chunk-UTC3K43W.js?v=d621c316:13011:7)
    at detectChangesInView (http://localhost:4200/@fs/home/belal/Documents/personal_projects/movieApp/.angular/cache/19.1.8/movieApp/vite/deps/chunk-UTC3K43W.js?v=d621c316:13176:5)
    at detectChangesInViewIfAttached (http://localhost:4200/@fs/home/belal/Documents/personal_projects/movieApp/.angular/cache/19.1.8/movieApp/vite/deps/chunk-UTC3K43W.js?v=d621c316:13159:3)
    at detectChangesInComponent (http://localhost:4200/@fs/home/belal/Documents/personal_projects/movieApp/.angular/cache/19.1.8/movieApp/vite/deps/chunk-UTC3K43W.js?v=d621c316:13153:3)
    at detectChangesInChildComponents (http://localhost:4200/@fs/home/belal/Documents/personal_projects/movieApp/.angular/cache/19.1.8/movieApp/vite/deps/chunk-UTC3K43W.js?v=d621c316:13197:5)
    at refreshView (http://localhost:4200/@fs/home/belal/Documents/personal_projects/movieApp/.angular/cache/19.1.8/movieApp/vite/deps/chunk-UTC3K43W.js?v=d621c316:13070:7)
    at detectChangesInView (http://localhost:4200/@fs/home/belal/Documents/personal_projects/movieApp/.angular/cache/19.1.8/movieApp/vite/deps/chunk-UTC3K43W.js?v=d621c316:13176:5)
    at detectChangesInViewIfAttached (http://localhost:4200/@fs/home/belal/Documents/personal_projects/movieApp/.angular/cache/19.1.8/movieApp/vite/deps/chunk-UTC3K43W.js?v=d621c316:13159:3) @ http://localhost:4200/@fs/home/belal/Documents/personal_projects/movieApp/.angular/cache/19.1.8/movieApp/vite/deps/chunk-UTC3K43W.js?v=d621c316:8782
[  125494ms] [ERROR] ERROR TypeError: Cannot read properties of undefined (reading 'profile_path')
    at ActorDetailsComponent_Template (http://localhost:4200/main.js:714:92)
    at executeTemplate (http://localhost:4200/@fs/home/belal/Documents/personal_projects/movieApp/.angular/cache/19.1.8/movieApp/vite/deps/chunk-UTC3K43W.js?v=d621c316:11994:5)
    at refreshView (http://localhost:4200/@fs/home/belal/Documents/personal_projects/movieApp/.angular/cache/19.1.8/movieApp/vite/deps/chunk-UTC3K43W.js?v=d621c316:13011:7)
    at detectChangesInView (http://localhost:4200/@fs/home/belal/Documents/personal_projects/movieApp/.angular/cache/19.1.8/movieApp/vite/deps/chunk-UTC3K43W.js?v=d621c316:13176:5)
    at detectChangesInViewIfAttached (http://localhost:4200/@fs/home/belal/Documents/personal_projects/movieApp/.angular/cache/19.1.8/movieApp/vite/deps/chunk-UTC3K43W.js?v=d621c316:13159:3)
    at detectChangesInComponent (http://localhost:4200/@fs/home/belal/Documents/personal_projects/movieApp/.angular/cache/19.1.8/movieApp/vite/deps/chunk-UTC3K43W.js?v=d621c316:13153:3)
    at detectChangesInChildComponents (http://localhost:4200/@fs/home/belal/Documents/personal_projects/movieApp/.angular/cache/19.1.8/movieApp/vite/deps/chunk-UTC3K43W.js?v=d621c316:13197:5)
    at refreshView (http://localhost:4200/@fs/home/belal/Documents/personal_projects/movieApp/.angular/cache/19.1.8/movieApp/vite/deps/chunk-UTC3K43W.js?v=d621c316:13070:7)
    at detectChangesInView (http://localhost:4200/@fs/home/belal/Documents/personal_projects/movieApp/.angular/cache/19.1.8/movieApp/vite/deps/chunk-UTC3K43W.js?v=d621c316:13176:5)
    at detectChangesInViewIfAttached (http://localhost:4200/@fs/home/belal/Documents/personal_projects/movieApp/.angular/cache/19.1.8/movieApp/vite/deps/chunk-UTC3K43W.js?v=d621c316:13159:3) @ http://localhost:4200/@fs/home/belal/Documents/personal_projects/movieApp/.angular/cache/19.1.8/movieApp/vite/deps/chunk-UTC3K43W.js?v=d621c316:8782
[  125505ms] [ERROR] ERROR TypeError: Cannot read properties of undefined (reading 'profile_path')
    at ActorDetailsComponent_Template (http://localhost:4200/main.js:714:92)
    at executeTemplate (http://localhost:4200/@fs/home/belal/Documents/personal_projects/movieApp/.angular/cache/19.1.8/movieApp/vite/deps/chunk-UTC3K43W.js?v=d621c316:11994:5)
    at refreshView (http://localhost:4200/@fs/home/belal/Documents/personal_projects/movieApp/.angular/cache/19.1.8/movieApp/vite/deps/chunk-UTC3K43W.js?v=d621c316:13011:7)
    at detectChangesInView (http://localhost:4200/@fs/home/belal/Documents/personal_projects/movieApp/.angular/cache/19.1.8/movieApp/vite/deps/chunk-UTC3K43W.js?v=d621c316:13176:5)
    at detectChangesInViewIfAttached (http://localhost:4200/@fs/home/belal/Documents/personal_projects/movieApp/.angular/cache/19.1.8/movieApp/vite/deps/chunk-UTC3K43W.js?v=d621c316:13159:3)
    at detectChangesInComponent (http://localhost:4200/@fs/home/belal/Documents/personal_projects/movieApp/.angular/cache/19.1.8/movieApp/vite/deps/chunk-UTC3K43W.js?v=d621c316:13153:3)
    at detectChangesInChildComponents (http://localhost:4200/@fs/home/belal/Documents/personal_projects/movieApp/.angular/cache/19.1.8/movieApp/vite/deps/chunk-UTC3K43W.js?v=d621c316:13197:5)
    at refreshView (http://localhost:4200/@fs/home/belal/Documents/personal_projects/movieApp/.angular/cache/19.1.8/movieApp/vite/deps/chunk-UTC3K43W.js?v=d621c316:13070:7)
    at detectChangesInView (http://localhost:4200/@fs/home/belal/Documents/personal_projects/movieApp/.angular/cache/19.1.8/movieApp/vite/deps/chunk-UTC3K43W.js?v=d621c316:13176:5)
    at detectChangesInViewIfAttached (http://localhost:4200/@fs/home/belal/Documents/personal_projects/movieApp/.angular/cache/19.1.8/movieApp/vite/deps/chunk-UTC3K43W.js?v=d621c316:13159:3) @ http://localhost:4200/@fs/home/belal/Documents/personal_projects/movieApp/.angular/cache/19.1.8/movieApp/vite/deps/chunk-UTC3K43W.js?v=d621c316:8782
[  125506ms] [LOG] {adult: false, also_known_as: Array(7), biography: Samuel Henry John Worthington (born 2 August 1976)…CC-BY-SA, full list of contributors on Wikipedia., birthday: 1976-08-02, deathday: null} @ http://localhost:4200/main.js:669
